Analysis & Synthesis report for part5
Mon Dec 02 22:30:01 2019
Quartus II Version 8.1 Build 163 10/28/2008 SJ Web Edition


---------------------
; Table of Contents ;
---------------------
  1. Legal Notice
  2. Analysis & Synthesis Summary
  3. Analysis & Synthesis Settings
  4. State Machine - |part5|ps
  5. Multiplexer Restructuring Statistics (Restructuring Performed)
  6. Analysis & Synthesis Messages



----------------
; Legal Notice ;
----------------
Copyright (C) 1991-2008 Altera Corporation
Your use of Altera Corporation's design tools, logic functions 
and other software and tools, and its AMPP partner logic 
functions, and any output files from any of the foregoing 
(including device programming or simulation files), and any 
associated documentation or information are expressly subject 
to the terms and conditions of the Altera Program License 
Subscription Agreement, Altera MegaCore Function License 
Agreement, or other applicable license agreement, including, 
without limitation, that your use is for the sole purpose of 
programming logic devices manufactured by Altera and sold by 
Altera or its authorized distributors.  Please refer to the 
applicable agreement for further details.



+------------------------------------------------------------------------------+
; Analysis & Synthesis Summary                                                 ;
+------------------------------------+-----------------------------------------+
; Analysis & Synthesis Status        ; Successful - Mon Dec 02 22:30:01 2019   ;
; Quartus II Version                 ; 8.1 Build 163 10/28/2008 SJ Web Edition ;
; Revision Name                      ; part5                                   ;
; Top-level Entity Name              ; part5                                   ;
; Family                             ; Cyclone II                              ;
; Total logic elements               ; N/A until Partition Merge               ;
;     Total combinational functions  ; N/A until Partition Merge               ;
;     Dedicated logic registers      ; N/A until Partition Merge               ;
; Total registers                    ; N/A until Partition Merge               ;
; Total pins                         ; N/A until Partition Merge               ;
; Total virtual pins                 ; N/A until Partition Merge               ;
; Total memory bits                  ; N/A until Partition Merge               ;
; Embedded Multiplier 9-bit elements ; N/A until Partition Merge               ;
; Total PLLs                         ; N/A until Partition Merge               ;
+------------------------------------+-----------------------------------------+


+----------------------------------------------------------------------------------------------------------+
; Analysis & Synthesis Settings                                                                            ;
+----------------------------------------------------------------+--------------------+--------------------+
; Option                                                         ; Setting            ; Default Value      ;
+----------------------------------------------------------------+--------------------+--------------------+
; Device                                                         ; EP2C35F672C6       ;                    ;
; Top-level entity name                                          ; part5              ; part5              ;
; Family name                                                    ; Cyclone II         ; Stratix II         ;
; Use Generated Physical Constraints File                        ; Off                ;                    ;
; Use smart compilation                                          ; Off                ; Off                ;
; Restructure Multiplexers                                       ; Auto               ; Auto               ;
; Create Debugging Nodes for IP Cores                            ; Off                ; Off                ;
; Preserve fewer node names                                      ; On                 ; On                 ;
; Disable OpenCore Plus hardware evaluation                      ; Off                ; Off                ;
; Verilog Version                                                ; Verilog_2001       ; Verilog_2001       ;
; VHDL Version                                                   ; VHDL93             ; VHDL93             ;
; State Machine Processing                                       ; Auto               ; Auto               ;
; Safe State Machine                                             ; Off                ; Off                ;
; Extract Verilog State Machines                                 ; On                 ; On                 ;
; Extract VHDL State Machines                                    ; On                 ; On                 ;
; Ignore Verilog initial constructs                              ; Off                ; Off                ;
; Iteration limit for constant Verilog loops                     ; 5000               ; 5000               ;
; Iteration limit for non-constant Verilog loops                 ; 250                ; 250                ;
; Add Pass-Through Logic to Inferred RAMs                        ; On                 ; On                 ;
; Parallel Synthesis                                             ; Off                ; Off                ;
; DSP Block Balancing                                            ; Auto               ; Auto               ;
; NOT Gate Push-Back                                             ; On                 ; On                 ;
; Power-Up Don't Care                                            ; On                 ; On                 ;
; Remove Redundant Logic Cells                                   ; Off                ; Off                ;
; Remove Duplicate Registers                                     ; On                 ; On                 ;
; Ignore CARRY Buffers                                           ; Off                ; Off                ;
; Ignore CASCADE Buffers                                         ; Off                ; Off                ;
; Ignore GLOBAL Buffers                                          ; Off                ; Off                ;
; Ignore ROW GLOBAL Buffers                                      ; Off                ; Off                ;
; Ignore LCELL Buffers                                           ; Off                ; Off                ;
; Ignore SOFT Buffers                                            ; On                 ; On                 ;
; Limit AHDL Integers to 32 Bits                                 ; Off                ; Off                ;
; Optimization Technique                                         ; Balanced           ; Balanced           ;
; Carry Chain Length                                             ; 70                 ; 70                 ;
; Auto Carry Chains                                              ; On                 ; On                 ;
; Auto Open-Drain Pins                                           ; On                 ; On                 ;
; Perform WYSIWYG Primitive Resynthesis                          ; Off                ; Off                ;
; Perform gate-level register retiming                           ; Off                ; Off                ;
; Allow register retiming to trade off Tsu/Tco with Fmax         ; On                 ; On                 ;
; Auto ROM Replacement                                           ; On                 ; On                 ;
; Auto RAM Replacement                                           ; On                 ; On                 ;
; Auto Shift Register Replacement                                ; Auto               ; Auto               ;
; Auto Clock Enable Replacement                                  ; On                 ; On                 ;
; Strict RAM Replacement                                         ; Off                ; Off                ;
; Allow Synchronous Control Signals                              ; On                 ; On                 ;
; Force Use of Synchronous Clear Signals                         ; Off                ; Off                ;
; Auto RAM to Logic Cell Conversion                              ; Off                ; Off                ;
; Auto Resource Sharing                                          ; Off                ; Off                ;
; Allow Any RAM Size For Recognition                             ; Off                ; Off                ;
; Allow Any ROM Size For Recognition                             ; Off                ; Off                ;
; Allow Any Shift Register Size For Recognition                  ; Off                ; Off                ;
; Use LogicLock Constraints during Resource Balancing            ; On                 ; On                 ;
; Ignore translate_off and synthesis_off directives              ; Off                ; Off                ;
; Show Parameter Settings Tables in Synthesis Report             ; On                 ; On                 ;
; Ignore Maximum Fan-Out Assignments                             ; Off                ; Off                ;
; Synchronization Register Chain Length                          ; 2                  ; 2                  ;
; PowerPlay Power Optimization                                   ; Normal compilation ; Normal compilation ;
; HDL message level                                              ; Level2             ; Level2             ;
; Suppress Register Optimization Related Messages                ; Off                ; Off                ;
; Number of Removed Registers Reported in Synthesis Report       ; 100                ; 100                ;
; Number of Inverted Registers Reported in Synthesis Report      ; 100                ; 100                ;
; Clock MUX Protection                                           ; On                 ; On                 ;
; Auto Gated Clock Conversion                                    ; Off                ; Off                ;
; Block Design Naming                                            ; Auto               ; Auto               ;
; SDC constraint protection                                      ; Off                ; Off                ;
; Synthesis Effort                                               ; Auto               ; Auto               ;
; Allows Asynchronous Clear Usage For Shift Register Replacement ; On                 ; On                 ;
; Analysis & Synthesis Message Level                             ; Medium             ; Medium             ;
+----------------------------------------------------------------+--------------------+--------------------+


Encoding Type:  One-Hot
+-------------------------------------------------------------------------------------------------+
; State Machine - |part5|ps                                                                       ;
+-------+-------+------+-------+------+-------+------+-------+------+-------+------+-------+------+
; Name  ; ps.fa ; ps.f ; ps.ef ; ps.e ; ps.de ; ps.d ; ps.cd ; ps.c ; ps.bc ; ps.b ; ps.ab ; ps.a ;
+-------+-------+------+-------+------+-------+------+-------+------+-------+------+-------+------+
; ps.a  ; 0     ; 0    ; 0     ; 0    ; 0     ; 0    ; 0     ; 0    ; 0     ; 0    ; 0     ; 0    ;
; ps.ab ; 0     ; 0    ; 0     ; 0    ; 0     ; 0    ; 0     ; 0    ; 0     ; 0    ; 1     ; 1    ;
; ps.b  ; 0     ; 0    ; 0     ; 0    ; 0     ; 0    ; 0     ; 0    ; 0     ; 1    ; 0     ; 1    ;
; ps.bc ; 0     ; 0    ; 0     ; 0    ; 0     ; 0    ; 0     ; 0    ; 1     ; 0    ; 0     ; 1    ;
; ps.c  ; 0     ; 0    ; 0     ; 0    ; 0     ; 0    ; 0     ; 1    ; 0     ; 0    ; 0     ; 1    ;
; ps.cd ; 0     ; 0    ; 0     ; 0    ; 0     ; 0    ; 1     ; 0    ; 0     ; 0    ; 0     ; 1    ;
; ps.d  ; 0     ; 0    ; 0     ; 0    ; 0     ; 1    ; 0     ; 0    ; 0     ; 0    ; 0     ; 1    ;
; ps.de ; 0     ; 0    ; 0     ; 0    ; 1     ; 0    ; 0     ; 0    ; 0     ; 0    ; 0     ; 1    ;
; ps.e  ; 0     ; 0    ; 0     ; 1    ; 0     ; 0    ; 0     ; 0    ; 0     ; 0    ; 0     ; 1    ;
; ps.ef ; 0     ; 0    ; 1     ; 0    ; 0     ; 0    ; 0     ; 0    ; 0     ; 0    ; 0     ; 1    ;
; ps.f  ; 0     ; 1    ; 0     ; 0    ; 0     ; 0    ; 0     ; 0    ; 0     ; 0    ; 0     ; 1    ;
; ps.fa ; 1     ; 0    ; 0     ; 0    ; 0     ; 0    ; 0     ; 0    ; 0     ; 0    ; 0     ; 1    ;
+-------+-------+------+-------+------+-------+------+-------+------+-------+------+-------+------+


+------------------------------------------------------------------------------------------------------------------------------------------+
; Multiplexer Restructuring Statistics (Restructuring Performed)                                                                           ;
+--------------------+-----------+---------------+----------------------+------------------------+------------+----------------------------+
; Multiplexer Inputs ; Bus Width ; Baseline Area ; Area if Restructured ; Saving if Restructured ; Registered ; Example Multiplexer Output ;
+--------------------+-----------+---------------+----------------------+------------------------+------------+----------------------------+
; 4:1                ; 27 bits   ; 54 LEs        ; 27 LEs               ; 27 LEs                 ; Yes        ; |part5|Counter[16]         ;
+--------------------+-----------+---------------+----------------------+------------------------+------------+----------------------------+


+-------------------------------+
; Analysis & Synthesis Messages ;
+-------------------------------+
Info: *******************************************************************
Info: Running Quartus II Analysis & Synthesis
    Info: Version 8.1 Build 163 10/28/2008 SJ Web Edition
    Info: Processing started: Mon Dec 02 22:29:57 2019
Info: Command: quartus_map --read_settings_files=on --write_settings_files=off part5 -c part5
Info: Found 2 design units, including 1 entities, in source file part5.vhd
    Info: Found design unit 1: part5-bhv
    Info: Found entity 1: part5
Info: Elaborating entity "part5" for the top level hierarchy
Info (10041): Inferred latch for "y[0]" at part5.vhd(46)
Info (10041): Inferred latch for "y[1]" at part5.vhd(46)
Info (10041): Inferred latch for "y[2]" at part5.vhd(46)
Info (10041): Inferred latch for "y[3]" at part5.vhd(46)
Info (10041): Inferred latch for "y[4]" at part5.vhd(46)
Info (10041): Inferred latch for "y[5]" at part5.vhd(46)
Info (10041): Inferred latch for "y[6]" at part5.vhd(46)
Warning: Output pins are stuck at VCC or GND
    Warning (13410): Pin "y[6]" is stuck at VCC


