Classic Timing Analyzer report for part5
Wed Nov 27 09:46:38 2019
Quartus II Version 9.1 Build 350 03/24/2010 Service Pack 2 SJ Web Edition


---------------------
; Table of Contents ;
---------------------
  1. Legal Notice
  2. Timing Analyzer Summary
  3. Timing Analyzer Settings
  4. Clock Settings Summary
  5. Parallel Compilation
  6. Clock Setup: 'clk'
  7. tsu
  8. tco
  9. th
 10. Timing Analyzer Messages



----------------
; Legal Notice ;
----------------
Copyright (C) 1991-2010 Altera Corporation
Your use of Altera Corporation's design tools, logic functions 
and other software and tools, and its AMPP partner logic 
functions, and any output files from any of the foregoing 
(including device programming or simulation files), and any 
associated documentation or information are expressly subject 
to the terms and conditions of the Altera Program License 
Subscription Agreement, Altera MegaCore Function License 
Agreement, or other applicable license agreement, including, 
without limitation, that your use is for the sole purpose of 
programming logic devices manufactured by Altera and sold by 
Altera or its authorized distributors.  Please refer to the 
applicable agreement for further details.



+-----------------------------------------------------------------------------------------------------------------------------------------------------------+
; Timing Analyzer Summary                                                                                                                                   ;
+------------------------------+-------+---------------+----------------------------------+----------+---------------+------------+----------+--------------+
; Type                         ; Slack ; Required Time ; Actual Time                      ; From     ; To            ; From Clock ; To Clock ; Failed Paths ;
+------------------------------+-------+---------------+----------------------------------+----------+---------------+------------+----------+--------------+
; Worst-case tsu               ; N/A   ; None          ; -0.304 ns                        ; stop     ; count_slow[0] ; --         ; clk      ; 0            ;
; Worst-case tco               ; N/A   ; None          ; 9.950 ns                         ; PS.de    ; dout[2]       ; clk        ; --       ; 0            ;
; Worst-case th                ; N/A   ; None          ; 0.534 ns                         ; stop     ; count_slow[0] ; --         ; clk      ; 0            ;
; Clock Setup: 'clk'           ; N/A   ; None          ; 252.33 MHz ( period = 3.963 ns ) ; count[0] ; count[24]     ; clk        ; clk      ; 0            ;
; Total number of failed paths ;       ;               ;                                  ;          ;               ;            ;          ; 0            ;
+------------------------------+-------+---------------+----------------------------------+----------+---------------+------------+----------+--------------+


+-----------------------------------------------------------------------------------------------------------------------------------------------------+
; Timing Analyzer Settings                                                                                                                            ;
+------------------------------------------------------------------------------------------------------+--------------------+------+----+-------------+
; Option                                                                                               ; Setting            ; From ; To ; Entity Name ;
+------------------------------------------------------------------------------------------------------+--------------------+------+----+-------------+
; Device Name                                                                                          ; EP2C35F672C6       ;      ;    ;             ;
; Timing Models                                                                                        ; Final              ;      ;    ;             ;
; Default hold multicycle                                                                              ; Same as Multicycle ;      ;    ;             ;
; Cut paths between unrelated clock domains                                                            ; On                 ;      ;    ;             ;
; Cut off read during write signal paths                                                               ; On                 ;      ;    ;             ;
; Cut off feedback from I/O pins                                                                       ; On                 ;      ;    ;             ;
; Report Combined Fast/Slow Timing                                                                     ; Off                ;      ;    ;             ;
; Ignore Clock Settings                                                                                ; Off                ;      ;    ;             ;
; Analyze latches as synchronous elements                                                              ; On                 ;      ;    ;             ;
; Enable Recovery/Removal analysis                                                                     ; Off                ;      ;    ;             ;
; Enable Clock Latency                                                                                 ; Off                ;      ;    ;             ;
; Use TimeQuest Timing Analyzer                                                                        ; Off                ;      ;    ;             ;
; Minimum Core Junction Temperature                                                                    ; 0                  ;      ;    ;             ;
; Maximum Core Junction Temperature                                                                    ; 85                 ;      ;    ;             ;
; Number of source nodes to report per destination node                                                ; 10                 ;      ;    ;             ;
; Number of destination nodes to report                                                                ; 10                 ;      ;    ;             ;
; Number of paths to report                                                                            ; 200                ;      ;    ;             ;
; Report Minimum Timing Checks                                                                         ; Off                ;      ;    ;             ;
; Use Fast Timing Models                                                                               ; Off                ;      ;    ;             ;
; Report IO Paths Separately                                                                           ; Off                ;      ;    ;             ;
; Perform Multicorner Analysis                                                                         ; On                 ;      ;    ;             ;
; Reports the worst-case path for each clock domain and analysis                                       ; Off                ;      ;    ;             ;
; Reports worst-case timing paths for each clock domain and analysis                                   ; On                 ;      ;    ;             ;
; Specifies the maximum number of worst-case timing paths to report for each clock domain and analysis ; 100                ;      ;    ;             ;
; Removes common clock path pessimism (CCPP) during slack computation                                  ; Off                ;      ;    ;             ;
; Output I/O Timing Endpoint                                                                           ; Near End           ;      ;    ;             ;
+------------------------------------------------------------------------------------------------------+--------------------+------+----+-------------+


+------------------------------------------------------------------------------------------------------------------------------------------------------------------------------------+
; Clock Settings Summary                                                                                                                                                             ;
+-----------------+--------------------+----------+------------------+---------------+--------------+----------+-----------------------+---------------------+--------+--------------+
; Clock Node Name ; Clock Setting Name ; Type     ; Fmax Requirement ; Early Latency ; Late Latency ; Based on ; Multiply Base Fmax by ; Divide Base Fmax by ; Offset ; Phase offset ;
+-----------------+--------------------+----------+------------------+---------------+--------------+----------+-----------------------+---------------------+--------+--------------+
; clk             ;                    ; User Pin ; None             ; 0.000 ns      ; 0.000 ns     ; --       ; N/A                   ; N/A                 ; N/A    ;              ;
+-----------------+--------------------+----------+------------------+---------------+--------------+----------+-----------------------+---------------------+--------+--------------+


Parallel compilation was disabled, but you have multiple processors available. Enable parallel compilation to reduce compilation time.
+-------------------------------------+
; Parallel Compilation                ;
+----------------------------+--------+
; Processors                 ; Number ;
+----------------------------+--------+
; Number detected on machine ; 2      ;
; Maximum allowed            ; 1      ;
+----------------------------+--------+


+---------------------------------------------------------------------------------------------------------------------------------------------------------------------------------------------------------------------------------------+
; Clock Setup: 'clk'                                                                                                                                                                                                                    ;
+-----------------------------------------+-----------------------------------------------------+-----------+---------------+------------+----------+-----------------------------+---------------------------+-------------------------+
; Slack                                   ; Actual fmax (period)                                ; From      ; To            ; From Clock ; To Clock ; Required Setup Relationship ; Required Longest P2P Time ; Actual Longest P2P Time ;
+-----------------------------------------+-----------------------------------------------------+-----------+---------------+------------+----------+-----------------------------+---------------------------+-------------------------+
; N/A                                     ; 252.33 MHz ( period = 3.963 ns )                    ; count[0]  ; count[24]     ; clk        ; clk      ; None                        ; None                      ; 3.219 ns                ;
; N/A                                     ; 266.60 MHz ( period = 3.751 ns )                    ; count[1]  ; count[24]     ; clk        ; clk      ; None                        ; None                      ; 3.007 ns                ;
; N/A                                     ; 269.11 MHz ( period = 3.716 ns )                    ; count[2]  ; count[24]     ; clk        ; clk      ; None                        ; None                      ; 2.972 ns                ;
; N/A                                     ; 274.35 MHz ( period = 3.645 ns )                    ; count[3]  ; count[24]     ; clk        ; clk      ; None                        ; None                      ; 2.901 ns                ;
; N/A                                     ; 281.29 MHz ( period = 3.555 ns )                    ; count[5]  ; count[24]     ; clk        ; clk      ; None                        ; None                      ; 2.811 ns                ;
; N/A                                     ; 282.33 MHz ( period = 3.542 ns )                    ; count[4]  ; count[24]     ; clk        ; clk      ; None                        ; None                      ; 2.798 ns                ;
; N/A                                     ; 297.27 MHz ( period = 3.364 ns )                    ; count[0]  ; count[23]     ; clk        ; clk      ; None                        ; None                      ; 3.148 ns                ;
; N/A                                     ; 302.39 MHz ( period = 3.307 ns )                    ; count[6]  ; count[24]     ; clk        ; clk      ; None                        ; None                      ; 2.563 ns                ;
; N/A                                     ; 303.67 MHz ( period = 3.293 ns )                    ; count[0]  ; count[22]     ; clk        ; clk      ; None                        ; None                      ; 3.077 ns                ;
; N/A                                     ; 305.72 MHz ( period = 3.271 ns )                    ; count[9]  ; count[24]     ; clk        ; clk      ; None                        ; None                      ; 2.527 ns                ;
; N/A                                     ; 306.28 MHz ( period = 3.265 ns )                    ; count[7]  ; count[24]     ; clk        ; clk      ; None                        ; None                      ; 2.521 ns                ;
; N/A                                     ; 310.37 MHz ( period = 3.222 ns )                    ; count[0]  ; count[21]     ; clk        ; clk      ; None                        ; None                      ; 3.006 ns                ;
; N/A                                     ; 315.86 MHz ( period = 3.166 ns )                    ; count[8]  ; count[24]     ; clk        ; clk      ; None                        ; None                      ; 2.422 ns                ;
; N/A                                     ; 317.26 MHz ( period = 3.152 ns )                    ; count[1]  ; count[23]     ; clk        ; clk      ; None                        ; None                      ; 2.936 ns                ;
; N/A                                     ; 320.82 MHz ( period = 3.117 ns )                    ; count[2]  ; count[23]     ; clk        ; clk      ; None                        ; None                      ; 2.901 ns                ;
; N/A                                     ; 324.57 MHz ( period = 3.081 ns )                    ; count[1]  ; count[22]     ; clk        ; clk      ; None                        ; None                      ; 2.865 ns                ;
; N/A                                     ; 326.48 MHz ( period = 3.063 ns )                    ; count[0]  ; count[20]     ; clk        ; clk      ; None                        ; None                      ; 2.847 ns                ;
; N/A                                     ; 328.30 MHz ( period = 3.046 ns )                    ; count[3]  ; count[23]     ; clk        ; clk      ; None                        ; None                      ; 2.830 ns                ;
; N/A                                     ; 328.30 MHz ( period = 3.046 ns )                    ; count[2]  ; count[22]     ; clk        ; clk      ; None                        ; None                      ; 2.830 ns                ;
; N/A                                     ; 330.25 MHz ( period = 3.028 ns )                    ; count[10] ; count[24]     ; clk        ; clk      ; None                        ; None                      ; 2.284 ns                ;
; N/A                                     ; 332.23 MHz ( period = 3.010 ns )                    ; count[1]  ; count[21]     ; clk        ; clk      ; None                        ; None                      ; 2.794 ns                ;
; N/A                                     ; 334.22 MHz ( period = 2.992 ns )                    ; count[0]  ; count[19]     ; clk        ; clk      ; None                        ; None                      ; 2.776 ns                ;
; N/A                                     ; 336.13 MHz ( period = 2.975 ns )                    ; count[3]  ; count[22]     ; clk        ; clk      ; None                        ; None                      ; 2.759 ns                ;
; N/A                                     ; 336.13 MHz ( period = 2.975 ns )                    ; count[2]  ; count[21]     ; clk        ; clk      ; None                        ; None                      ; 2.759 ns                ;
; N/A                                     ; 338.18 MHz ( period = 2.957 ns )                    ; count[11] ; count[24]     ; clk        ; clk      ; None                        ; None                      ; 2.213 ns                ;
; N/A                                     ; 338.29 MHz ( period = 2.956 ns )                    ; count[5]  ; count[23]     ; clk        ; clk      ; None                        ; None                      ; 2.740 ns                ;
; N/A                                     ; 339.79 MHz ( period = 2.943 ns )                    ; count[4]  ; count[23]     ; clk        ; clk      ; None                        ; None                      ; 2.727 ns                ;
; N/A                                     ; 342.35 MHz ( period = 2.921 ns )                    ; count[0]  ; count[18]     ; clk        ; clk      ; None                        ; None                      ; 2.705 ns                ;
; N/A                                     ; 344.35 MHz ( period = 2.904 ns )                    ; count[3]  ; count[21]     ; clk        ; clk      ; None                        ; None                      ; 2.688 ns                ;
; N/A                                     ; 344.47 MHz ( period = 2.903 ns )                    ; count[12] ; count[24]     ; clk        ; clk      ; None                        ; None                      ; 2.159 ns                ;
; N/A                                     ; 346.62 MHz ( period = 2.885 ns )                    ; count[5]  ; count[22]     ; clk        ; clk      ; None                        ; None                      ; 2.669 ns                ;
; N/A                                     ; 348.19 MHz ( period = 2.872 ns )                    ; count[4]  ; count[22]     ; clk        ; clk      ; None                        ; None                      ; 2.656 ns                ;
; N/A                                     ; 350.75 MHz ( period = 2.851 ns )                    ; count[1]  ; count[20]     ; clk        ; clk      ; None                        ; None                      ; 2.635 ns                ;
; N/A                                     ; 350.88 MHz ( period = 2.850 ns )                    ; count[0]  ; count[17]     ; clk        ; clk      ; None                        ; None                      ; 2.634 ns                ;
; N/A                                     ; 355.11 MHz ( period = 2.816 ns )                    ; count[2]  ; count[20]     ; clk        ; clk      ; None                        ; None                      ; 2.600 ns                ;
; N/A                                     ; 355.37 MHz ( period = 2.814 ns )                    ; count[5]  ; count[21]     ; clk        ; clk      ; None                        ; None                      ; 2.598 ns                ;
; N/A                                     ; 357.02 MHz ( period = 2.801 ns )                    ; count[4]  ; count[21]     ; clk        ; clk      ; None                        ; None                      ; 2.585 ns                ;
; N/A                                     ; 359.71 MHz ( period = 2.780 ns )                    ; count[1]  ; count[19]     ; clk        ; clk      ; None                        ; None                      ; 2.564 ns                ;
; N/A                                     ; 359.84 MHz ( period = 2.779 ns )                    ; count[0]  ; count[16]     ; clk        ; clk      ; None                        ; None                      ; 2.563 ns                ;
; N/A                                     ; 364.30 MHz ( period = 2.745 ns )                    ; count[3]  ; count[20]     ; clk        ; clk      ; None                        ; None                      ; 2.529 ns                ;
; N/A                                     ; 364.30 MHz ( period = 2.745 ns )                    ; count[2]  ; count[19]     ; clk        ; clk      ; None                        ; None                      ; 2.529 ns                ;
; N/A                                     ; 366.70 MHz ( period = 2.727 ns )                    ; count[13] ; count[24]     ; clk        ; clk      ; None                        ; None                      ; 1.985 ns                ;
; N/A                                     ; 369.14 MHz ( period = 2.709 ns )                    ; count[1]  ; count[18]     ; clk        ; clk      ; None                        ; None                      ; 2.493 ns                ;
; N/A                                     ; 369.28 MHz ( period = 2.708 ns )                    ; count[6]  ; count[23]     ; clk        ; clk      ; None                        ; None                      ; 2.492 ns                ;
; N/A                                     ; 369.28 MHz ( period = 2.708 ns )                    ; count[0]  ; count[15]     ; clk        ; clk      ; None                        ; None                      ; 2.492 ns                ;
; N/A                                     ; 373.97 MHz ( period = 2.674 ns )                    ; count[3]  ; count[19]     ; clk        ; clk      ; None                        ; None                      ; 2.458 ns                ;
; N/A                                     ; 373.97 MHz ( period = 2.674 ns )                    ; count[2]  ; count[18]     ; clk        ; clk      ; None                        ; None                      ; 2.458 ns                ;
; N/A                                     ; 374.25 MHz ( period = 2.672 ns )                    ; count[9]  ; count[23]     ; clk        ; clk      ; None                        ; None                      ; 2.456 ns                ;
; N/A                                     ; 375.09 MHz ( period = 2.666 ns )                    ; count[7]  ; count[23]     ; clk        ; clk      ; None                        ; None                      ; 2.450 ns                ;
; N/A                                     ; 375.23 MHz ( period = 2.665 ns )                    ; count[14] ; count[24]     ; clk        ; clk      ; None                        ; None                      ; 1.923 ns                ;
; N/A                                     ; 376.65 MHz ( period = 2.655 ns )                    ; count[5]  ; count[20]     ; clk        ; clk      ; None                        ; None                      ; 2.439 ns                ;
; N/A                                     ; 378.50 MHz ( period = 2.642 ns )                    ; count[4]  ; count[20]     ; clk        ; clk      ; None                        ; None                      ; 2.426 ns                ;
; N/A                                     ; 379.08 MHz ( period = 2.638 ns )                    ; count[1]  ; count[17]     ; clk        ; clk      ; None                        ; None                      ; 2.422 ns                ;
; N/A                                     ; 379.22 MHz ( period = 2.637 ns )                    ; count[6]  ; count[22]     ; clk        ; clk      ; None                        ; None                      ; 2.421 ns                ;
; N/A                                     ; 379.22 MHz ( period = 2.637 ns )                    ; count[0]  ; count[14]     ; clk        ; clk      ; None                        ; None                      ; 2.421 ns                ;
; N/A                                     ; 384.17 MHz ( period = 2.603 ns )                    ; count[3]  ; count[18]     ; clk        ; clk      ; None                        ; None                      ; 2.387 ns                ;
; N/A                                     ; 384.17 MHz ( period = 2.603 ns )                    ; count[2]  ; count[17]     ; clk        ; clk      ; None                        ; None                      ; 2.387 ns                ;
; N/A                                     ; 384.47 MHz ( period = 2.601 ns )                    ; count[9]  ; count[22]     ; clk        ; clk      ; None                        ; None                      ; 2.385 ns                ;
; N/A                                     ; 385.21 MHz ( period = 2.596 ns )                    ; count[15] ; count[24]     ; clk        ; clk      ; None                        ; None                      ; 1.854 ns                ;
; N/A                                     ; 385.36 MHz ( period = 2.595 ns )                    ; count[7]  ; count[22]     ; clk        ; clk      ; None                        ; None                      ; 2.379 ns                ;
; N/A                                     ; 387.00 MHz ( period = 2.584 ns )                    ; count[5]  ; count[19]     ; clk        ; clk      ; None                        ; None                      ; 2.368 ns                ;
; N/A                                     ; 388.95 MHz ( period = 2.571 ns )                    ; count[4]  ; count[19]     ; clk        ; clk      ; None                        ; None                      ; 2.355 ns                ;
; N/A                                     ; 389.56 MHz ( period = 2.567 ns )                    ; count[8]  ; count[23]     ; clk        ; clk      ; None                        ; None                      ; 2.351 ns                ;
; N/A                                     ; 389.56 MHz ( period = 2.567 ns )                    ; count[1]  ; count[16]     ; clk        ; clk      ; None                        ; None                      ; 2.351 ns                ;
; N/A                                     ; 389.71 MHz ( period = 2.566 ns )                    ; count[6]  ; count[21]     ; clk        ; clk      ; None                        ; None                      ; 2.350 ns                ;
; N/A                                     ; 389.71 MHz ( period = 2.566 ns )                    ; count[0]  ; count[13]     ; clk        ; clk      ; None                        ; None                      ; 2.350 ns                ;
; N/A                                     ; 390.63 MHz ( period = 2.560 ns )                    ; count[16] ; count[24]     ; clk        ; clk      ; None                        ; None                      ; 1.818 ns                ;
; N/A                                     ; 394.94 MHz ( period = 2.532 ns )                    ; count[3]  ; count[17]     ; clk        ; clk      ; None                        ; None                      ; 2.316 ns                ;
; N/A                                     ; 394.94 MHz ( period = 2.532 ns )                    ; count[2]  ; count[16]     ; clk        ; clk      ; None                        ; None                      ; 2.316 ns                ;
; N/A                                     ; 395.26 MHz ( period = 2.530 ns )                    ; count[9]  ; count[21]     ; clk        ; clk      ; None                        ; None                      ; 2.314 ns                ;
; N/A                                     ; 396.20 MHz ( period = 2.524 ns )                    ; count[7]  ; count[21]     ; clk        ; clk      ; None                        ; None                      ; 2.308 ns                ;
; N/A                                     ; 397.93 MHz ( period = 2.513 ns )                    ; count[5]  ; count[18]     ; clk        ; clk      ; None                        ; None                      ; 2.297 ns                ;
; N/A                                     ; 400.00 MHz ( period = 2.500 ns )                    ; count[4]  ; count[18]     ; clk        ; clk      ; None                        ; None                      ; 2.284 ns                ;
; N/A                                     ; 400.64 MHz ( period = 2.496 ns )                    ; count[8]  ; count[22]     ; clk        ; clk      ; None                        ; None                      ; 2.280 ns                ;
; N/A                                     ; 400.64 MHz ( period = 2.496 ns )                    ; count[1]  ; count[15]     ; clk        ; clk      ; None                        ; None                      ; 2.280 ns                ;
; N/A                                     ; 406.34 MHz ( period = 2.461 ns )                    ; count[3]  ; count[16]     ; clk        ; clk      ; None                        ; None                      ; 2.245 ns                ;
; N/A                                     ; 406.34 MHz ( period = 2.461 ns )                    ; count[2]  ; count[15]     ; clk        ; clk      ; None                        ; None                      ; 2.245 ns                ;
; N/A                                     ; 407.50 MHz ( period = 2.454 ns )                    ; count[17] ; count[24]     ; clk        ; clk      ; None                        ; None                      ; 1.712 ns                ;
; N/A                                     ; 409.50 MHz ( period = 2.442 ns )                    ; count[5]  ; count[17]     ; clk        ; clk      ; None                        ; None                      ; 2.226 ns                ;
; N/A                                     ; 411.69 MHz ( period = 2.429 ns )                    ; count[10] ; count[23]     ; clk        ; clk      ; None                        ; None                      ; 2.213 ns                ;
; N/A                                     ; 411.69 MHz ( period = 2.429 ns )                    ; count[4]  ; count[17]     ; clk        ; clk      ; None                        ; None                      ; 2.213 ns                ;
; N/A                                     ; 412.37 MHz ( period = 2.425 ns )                    ; count[8]  ; count[21]     ; clk        ; clk      ; None                        ; None                      ; 2.209 ns                ;
; N/A                                     ; 412.37 MHz ( period = 2.425 ns )                    ; count[1]  ; count[14]     ; clk        ; clk      ; None                        ; None                      ; 2.209 ns                ;
; N/A                                     ; 413.39 MHz ( period = 2.419 ns )                    ; count[18] ; count[24]     ; clk        ; clk      ; None                        ; None                      ; 1.677 ns                ;
; N/A                                     ; 413.56 MHz ( period = 2.418 ns )                    ; count[0]  ; count[12]     ; clk        ; clk      ; None                        ; None                      ; 2.204 ns                ;
; N/A                                     ; 415.45 MHz ( period = 2.407 ns )                    ; count[6]  ; count[20]     ; clk        ; clk      ; None                        ; None                      ; 2.191 ns                ;
; N/A                                     ; 418.41 MHz ( period = 2.390 ns )                    ; count[3]  ; count[15]     ; clk        ; clk      ; None                        ; None                      ; 2.174 ns                ;
; N/A                                     ; 418.41 MHz ( period = 2.390 ns )                    ; count[2]  ; count[14]     ; clk        ; clk      ; None                        ; None                      ; 2.174 ns                ;
; N/A                                     ; Restricted to 420.17 MHz ( period = 2.380 ns )      ; count[9]  ; count[20]     ; clk        ; clk      ; None                        ; None                      ; 2.155 ns                ;
; N/A                                     ; Restricted to 420.17 MHz ( period = 2.380 ns )      ; count[5]  ; count[16]     ; clk        ; clk      ; None                        ; None                      ; 2.155 ns                ;
; N/A                                     ; Restricted to 420.17 MHz ( period = 2.380 ns )      ; count[7]  ; count[20]     ; clk        ; clk      ; None                        ; None                      ; 2.149 ns                ;
; N/A                                     ; Restricted to 420.17 MHz ( period = 2.380 ns )      ; count[11] ; count[23]     ; clk        ; clk      ; None                        ; None                      ; 2.142 ns                ;
; N/A                                     ; Restricted to 420.17 MHz ( period = 2.380 ns )      ; count[10] ; count[22]     ; clk        ; clk      ; None                        ; None                      ; 2.142 ns                ;
; N/A                                     ; Restricted to 420.17 MHz ( period = 2.380 ns )      ; count[4]  ; count[16]     ; clk        ; clk      ; None                        ; None                      ; 2.142 ns                ;
; N/A                                     ; Restricted to 420.17 MHz ( period = 2.380 ns )      ; count[1]  ; count[13]     ; clk        ; clk      ; None                        ; None                      ; 2.138 ns                ;
; N/A                                     ; Restricted to 420.17 MHz ( period = 2.380 ns )      ; count[19] ; count[24]     ; clk        ; clk      ; None                        ; None                      ; 1.606 ns                ;
; N/A                                     ; Restricted to 420.17 MHz ( period = 2.380 ns )      ; count[0]  ; count[11]     ; clk        ; clk      ; None                        ; None                      ; 2.133 ns                ;
; N/A                                     ; Restricted to 420.17 MHz ( period = 2.380 ns )      ; count[6]  ; count[19]     ; clk        ; clk      ; None                        ; None                      ; 2.120 ns                ;
; N/A                                     ; Restricted to 420.17 MHz ( period = 2.380 ns )      ; count[3]  ; count[14]     ; clk        ; clk      ; None                        ; None                      ; 2.103 ns                ;
; N/A                                     ; Restricted to 420.17 MHz ( period = 2.380 ns )      ; count[2]  ; count[13]     ; clk        ; clk      ; None                        ; None                      ; 2.103 ns                ;
; N/A                                     ; Restricted to 420.17 MHz ( period = 2.380 ns )      ; count[12] ; count[23]     ; clk        ; clk      ; None                        ; None                      ; 2.088 ns                ;
; N/A                                     ; Restricted to 420.17 MHz ( period = 2.380 ns )      ; PS.cd     ; count_slow[3] ; clk        ; clk      ; None                        ; None                      ; 2.087 ns                ;
; N/A                                     ; Restricted to 420.17 MHz ( period = 2.380 ns )      ; PS.cd     ; count_slow[2] ; clk        ; clk      ; None                        ; None                      ; 2.087 ns                ;
; N/A                                     ; Restricted to 420.17 MHz ( period = 2.380 ns )      ; PS.cd     ; count_slow[1] ; clk        ; clk      ; None                        ; None                      ; 2.087 ns                ;
; N/A                                     ; Restricted to 420.17 MHz ( period = 2.380 ns )      ; PS.cd     ; count_slow[0] ; clk        ; clk      ; None                        ; None                      ; 2.087 ns                ;
; N/A                                     ; Restricted to 420.17 MHz ( period = 2.380 ns )      ; count[9]  ; count[19]     ; clk        ; clk      ; None                        ; None                      ; 2.084 ns                ;
; N/A                                     ; Restricted to 420.17 MHz ( period = 2.380 ns )      ; count[5]  ; count[15]     ; clk        ; clk      ; None                        ; None                      ; 2.084 ns                ;
; N/A                                     ; Restricted to 420.17 MHz ( period = 2.380 ns )      ; count[7]  ; count[19]     ; clk        ; clk      ; None                        ; None                      ; 2.078 ns                ;
; N/A                                     ; Restricted to 420.17 MHz ( period = 2.380 ns )      ; count[11] ; count[22]     ; clk        ; clk      ; None                        ; None                      ; 2.071 ns                ;
; N/A                                     ; Restricted to 420.17 MHz ( period = 2.380 ns )      ; count[10] ; count[21]     ; clk        ; clk      ; None                        ; None                      ; 2.071 ns                ;
; N/A                                     ; Restricted to 420.17 MHz ( period = 2.380 ns )      ; count[4]  ; count[15]     ; clk        ; clk      ; None                        ; None                      ; 2.071 ns                ;
; N/A                                     ; Restricted to 420.17 MHz ( period = 2.380 ns )      ; count[0]  ; count[10]     ; clk        ; clk      ; None                        ; None                      ; 2.062 ns                ;
; N/A                                     ; Restricted to 420.17 MHz ( period = 2.380 ns )      ; count[8]  ; count[20]     ; clk        ; clk      ; None                        ; None                      ; 2.050 ns                ;
; N/A                                     ; Restricted to 420.17 MHz ( period = 2.380 ns )      ; count[6]  ; count[18]     ; clk        ; clk      ; None                        ; None                      ; 2.049 ns                ;
; N/A                                     ; Restricted to 420.17 MHz ( period = 2.380 ns )      ; count[3]  ; count[13]     ; clk        ; clk      ; None                        ; None                      ; 2.032 ns                ;
; N/A                                     ; Restricted to 420.17 MHz ( period = 2.380 ns )      ; PS.bc     ; count_slow[3] ; clk        ; clk      ; None                        ; None                      ; 2.032 ns                ;
; N/A                                     ; Restricted to 420.17 MHz ( period = 2.380 ns )      ; PS.bc     ; count_slow[2] ; clk        ; clk      ; None                        ; None                      ; 2.032 ns                ;
; N/A                                     ; Restricted to 420.17 MHz ( period = 2.380 ns )      ; PS.bc     ; count_slow[1] ; clk        ; clk      ; None                        ; None                      ; 2.032 ns                ;
; N/A                                     ; Restricted to 420.17 MHz ( period = 2.380 ns )      ; PS.bc     ; count_slow[0] ; clk        ; clk      ; None                        ; None                      ; 2.032 ns                ;
; N/A                                     ; Restricted to 420.17 MHz ( period = 2.380 ns )      ; count[20] ; count[24]     ; clk        ; clk      ; None                        ; None                      ; 1.503 ns                ;
; N/A                                     ; Restricted to 420.17 MHz ( period = 2.380 ns )      ; count[12] ; count[22]     ; clk        ; clk      ; None                        ; None                      ; 2.017 ns                ;
; N/A                                     ; Restricted to 420.17 MHz ( period = 2.380 ns )      ; count[9]  ; count[18]     ; clk        ; clk      ; None                        ; None                      ; 2.013 ns                ;
; N/A                                     ; Restricted to 420.17 MHz ( period = 2.380 ns )      ; count[5]  ; count[14]     ; clk        ; clk      ; None                        ; None                      ; 2.013 ns                ;
; N/A                                     ; Restricted to 420.17 MHz ( period = 2.380 ns )      ; count[7]  ; count[18]     ; clk        ; clk      ; None                        ; None                      ; 2.007 ns                ;
; N/A                                     ; Restricted to 420.17 MHz ( period = 2.380 ns )      ; count[11] ; count[21]     ; clk        ; clk      ; None                        ; None                      ; 2.000 ns                ;
; N/A                                     ; Restricted to 420.17 MHz ( period = 2.380 ns )      ; count[4]  ; count[14]     ; clk        ; clk      ; None                        ; None                      ; 2.000 ns                ;
; N/A                                     ; Restricted to 420.17 MHz ( period = 2.380 ns )      ; count[1]  ; count[12]     ; clk        ; clk      ; None                        ; None                      ; 1.992 ns                ;
; N/A                                     ; Restricted to 420.17 MHz ( period = 2.380 ns )      ; count[0]  ; count[9]      ; clk        ; clk      ; None                        ; None                      ; 1.991 ns                ;
; N/A                                     ; Restricted to 420.17 MHz ( period = 2.380 ns )      ; count[8]  ; count[19]     ; clk        ; clk      ; None                        ; None                      ; 1.979 ns                ;
; N/A                                     ; Restricted to 420.17 MHz ( period = 2.380 ns )      ; count[6]  ; count[17]     ; clk        ; clk      ; None                        ; None                      ; 1.978 ns                ;
; N/A                                     ; Restricted to 420.17 MHz ( period = 2.380 ns )      ; count[2]  ; count[12]     ; clk        ; clk      ; None                        ; None                      ; 1.957 ns                ;
; N/A                                     ; Restricted to 420.17 MHz ( period = 2.380 ns )      ; count[12] ; count[21]     ; clk        ; clk      ; None                        ; None                      ; 1.946 ns                ;
; N/A                                     ; Restricted to 420.17 MHz ( period = 2.380 ns )      ; count[9]  ; count[17]     ; clk        ; clk      ; None                        ; None                      ; 1.942 ns                ;
; N/A                                     ; Restricted to 420.17 MHz ( period = 2.380 ns )      ; count[5]  ; count[13]     ; clk        ; clk      ; None                        ; None                      ; 1.942 ns                ;
; N/A                                     ; Restricted to 420.17 MHz ( period = 2.380 ns )      ; count[7]  ; count[17]     ; clk        ; clk      ; None                        ; None                      ; 1.936 ns                ;
; N/A                                     ; Restricted to 420.17 MHz ( period = 2.380 ns )      ; count[4]  ; count[13]     ; clk        ; clk      ; None                        ; None                      ; 1.929 ns                ;
; N/A                                     ; Restricted to 420.17 MHz ( period = 2.380 ns )      ; PS.ab     ; count_slow[3] ; clk        ; clk      ; None                        ; None                      ; 1.925 ns                ;
; N/A                                     ; Restricted to 420.17 MHz ( period = 2.380 ns )      ; PS.ab     ; count_slow[2] ; clk        ; clk      ; None                        ; None                      ; 1.925 ns                ;
; N/A                                     ; Restricted to 420.17 MHz ( period = 2.380 ns )      ; PS.ab     ; count_slow[1] ; clk        ; clk      ; None                        ; None                      ; 1.925 ns                ;
; N/A                                     ; Restricted to 420.17 MHz ( period = 2.380 ns )      ; PS.ab     ; count_slow[0] ; clk        ; clk      ; None                        ; None                      ; 1.925 ns                ;
; N/A                                     ; Restricted to 420.17 MHz ( period = 2.380 ns )      ; count[1]  ; count[11]     ; clk        ; clk      ; None                        ; None                      ; 1.921 ns                ;
; N/A                                     ; Restricted to 420.17 MHz ( period = 2.380 ns )      ; count[0]  ; count[8]      ; clk        ; clk      ; None                        ; None                      ; 1.920 ns                ;
; N/A                                     ; Restricted to 420.17 MHz ( period = 2.380 ns )      ; count[13] ; count[23]     ; clk        ; clk      ; None                        ; None                      ; 1.914 ns                ;
; N/A                                     ; Restricted to 420.17 MHz ( period = 2.380 ns )      ; count[10] ; count[20]     ; clk        ; clk      ; None                        ; None                      ; 1.912 ns                ;
; N/A                                     ; Restricted to 420.17 MHz ( period = 2.380 ns )      ; count[8]  ; count[18]     ; clk        ; clk      ; None                        ; None                      ; 1.908 ns                ;
; N/A                                     ; Restricted to 420.17 MHz ( period = 2.380 ns )      ; count[6]  ; count[16]     ; clk        ; clk      ; None                        ; None                      ; 1.907 ns                ;
; N/A                                     ; Restricted to 420.17 MHz ( period = 2.380 ns )      ; PS.ef     ; count_slow[3] ; clk        ; clk      ; None                        ; None                      ; 1.903 ns                ;
; N/A                                     ; Restricted to 420.17 MHz ( period = 2.380 ns )      ; PS.ef     ; count_slow[2] ; clk        ; clk      ; None                        ; None                      ; 1.903 ns                ;
; N/A                                     ; Restricted to 420.17 MHz ( period = 2.380 ns )      ; PS.ef     ; count_slow[1] ; clk        ; clk      ; None                        ; None                      ; 1.903 ns                ;
; N/A                                     ; Restricted to 420.17 MHz ( period = 2.380 ns )      ; PS.ef     ; count_slow[0] ; clk        ; clk      ; None                        ; None                      ; 1.903 ns                ;
; N/A                                     ; Restricted to 420.17 MHz ( period = 2.380 ns )      ; count[21] ; count[24]     ; clk        ; clk      ; None                        ; None                      ; 1.372 ns                ;
; N/A                                     ; Restricted to 420.17 MHz ( period = 2.380 ns )      ; count[3]  ; count[12]     ; clk        ; clk      ; None                        ; None                      ; 1.886 ns                ;
; N/A                                     ; Restricted to 420.17 MHz ( period = 2.380 ns )      ; count[2]  ; count[11]     ; clk        ; clk      ; None                        ; None                      ; 1.886 ns                ;
; N/A                                     ; Restricted to 420.17 MHz ( period = 2.380 ns )      ; count[9]  ; count[16]     ; clk        ; clk      ; None                        ; None                      ; 1.871 ns                ;
; N/A                                     ; Restricted to 420.17 MHz ( period = 2.380 ns )      ; count[7]  ; count[16]     ; clk        ; clk      ; None                        ; None                      ; 1.865 ns                ;
; N/A                                     ; Restricted to 420.17 MHz ( period = 2.380 ns )      ; count[14] ; count[23]     ; clk        ; clk      ; None                        ; None                      ; 1.852 ns                ;
; N/A                                     ; Restricted to 420.17 MHz ( period = 2.380 ns )      ; count[1]  ; count[10]     ; clk        ; clk      ; None                        ; None                      ; 1.850 ns                ;
; N/A                                     ; Restricted to 420.17 MHz ( period = 2.380 ns )      ; count[0]  ; count[7]      ; clk        ; clk      ; None                        ; None                      ; 1.849 ns                ;
; N/A                                     ; Restricted to 420.17 MHz ( period = 2.380 ns )      ; count[13] ; count[22]     ; clk        ; clk      ; None                        ; None                      ; 1.843 ns                ;
; N/A                                     ; Restricted to 420.17 MHz ( period = 2.380 ns )      ; count[11] ; count[20]     ; clk        ; clk      ; None                        ; None                      ; 1.841 ns                ;
; N/A                                     ; Restricted to 420.17 MHz ( period = 2.380 ns )      ; count[10] ; count[19]     ; clk        ; clk      ; None                        ; None                      ; 1.841 ns                ;
; N/A                                     ; Restricted to 420.17 MHz ( period = 2.380 ns )      ; count[8]  ; count[17]     ; clk        ; clk      ; None                        ; None                      ; 1.837 ns                ;
; N/A                                     ; Restricted to 420.17 MHz ( period = 2.380 ns )      ; count[6]  ; count[15]     ; clk        ; clk      ; None                        ; None                      ; 1.836 ns                ;
; N/A                                     ; Restricted to 420.17 MHz ( period = 2.380 ns )      ; count[3]  ; count[11]     ; clk        ; clk      ; None                        ; None                      ; 1.815 ns                ;
; N/A                                     ; Restricted to 420.17 MHz ( period = 2.380 ns )      ; count[2]  ; count[10]     ; clk        ; clk      ; None                        ; None                      ; 1.815 ns                ;
; N/A                                     ; Restricted to 420.17 MHz ( period = 2.380 ns )      ; PS.de     ; count_slow[3] ; clk        ; clk      ; None                        ; None                      ; 1.807 ns                ;
; N/A                                     ; Restricted to 420.17 MHz ( period = 2.380 ns )      ; PS.de     ; count_slow[2] ; clk        ; clk      ; None                        ; None                      ; 1.807 ns                ;
; N/A                                     ; Restricted to 420.17 MHz ( period = 2.380 ns )      ; PS.de     ; count_slow[1] ; clk        ; clk      ; None                        ; None                      ; 1.807 ns                ;
; N/A                                     ; Restricted to 420.17 MHz ( period = 2.380 ns )      ; PS.de     ; count_slow[0] ; clk        ; clk      ; None                        ; None                      ; 1.807 ns                ;
; N/A                                     ; Restricted to 420.17 MHz ( period = 2.380 ns )      ; count[9]  ; count[15]     ; clk        ; clk      ; None                        ; None                      ; 1.800 ns                ;
; N/A                                     ; Restricted to 420.17 MHz ( period = 2.380 ns )      ; count[22] ; count[24]     ; clk        ; clk      ; None                        ; None                      ; 1.268 ns                ;
; N/A                                     ; Restricted to 420.17 MHz ( period = 2.380 ns )      ; count[7]  ; count[15]     ; clk        ; clk      ; None                        ; None                      ; 1.794 ns                ;
; N/A                                     ; Restricted to 420.17 MHz ( period = 2.380 ns )      ; count[5]  ; count[12]     ; clk        ; clk      ; None                        ; None                      ; 1.796 ns                ;
; N/A                                     ; Restricted to 420.17 MHz ( period = 2.380 ns )      ; count[12] ; count[20]     ; clk        ; clk      ; None                        ; None                      ; 1.787 ns                ;
; N/A                                     ; Restricted to 420.17 MHz ( period = 2.380 ns )      ; count[15] ; count[23]     ; clk        ; clk      ; None                        ; None                      ; 1.783 ns                ;
; N/A                                     ; Restricted to 420.17 MHz ( period = 2.380 ns )      ; count[4]  ; count[12]     ; clk        ; clk      ; None                        ; None                      ; 1.783 ns                ;
; N/A                                     ; Restricted to 420.17 MHz ( period = 2.380 ns )      ; count[14] ; count[22]     ; clk        ; clk      ; None                        ; None                      ; 1.781 ns                ;
; N/A                                     ; Restricted to 420.17 MHz ( period = 2.380 ns )      ; count[1]  ; count[9]      ; clk        ; clk      ; None                        ; None                      ; 1.779 ns                ;
; N/A                                     ; Restricted to 420.17 MHz ( period = 2.380 ns )      ; count[0]  ; count[6]      ; clk        ; clk      ; None                        ; None                      ; 1.778 ns                ;
; N/A                                     ; Restricted to 420.17 MHz ( period = 2.380 ns )      ; count[13] ; count[21]     ; clk        ; clk      ; None                        ; None                      ; 1.772 ns                ;
; N/A                                     ; Restricted to 420.17 MHz ( period = 2.380 ns )      ; count[11] ; count[19]     ; clk        ; clk      ; None                        ; None                      ; 1.770 ns                ;
; N/A                                     ; Restricted to 420.17 MHz ( period = 2.380 ns )      ; count[10] ; count[18]     ; clk        ; clk      ; None                        ; None                      ; 1.770 ns                ;
; N/A                                     ; Restricted to 420.17 MHz ( period = 2.380 ns )      ; count[8]  ; count[16]     ; clk        ; clk      ; None                        ; None                      ; 1.766 ns                ;
; N/A                                     ; Restricted to 420.17 MHz ( period = 2.380 ns )      ; count[6]  ; count[14]     ; clk        ; clk      ; None                        ; None                      ; 1.765 ns                ;
; N/A                                     ; Restricted to 420.17 MHz ( period = 2.380 ns )      ; PS.fa     ; count_slow[3] ; clk        ; clk      ; None                        ; None                      ; 1.766 ns                ;
; N/A                                     ; Restricted to 420.17 MHz ( period = 2.380 ns )      ; PS.fa     ; count_slow[2] ; clk        ; clk      ; None                        ; None                      ; 1.766 ns                ;
; N/A                                     ; Restricted to 420.17 MHz ( period = 2.380 ns )      ; PS.fa     ; count_slow[1] ; clk        ; clk      ; None                        ; None                      ; 1.766 ns                ;
; N/A                                     ; Restricted to 420.17 MHz ( period = 2.380 ns )      ; PS.fa     ; count_slow[0] ; clk        ; clk      ; None                        ; None                      ; 1.766 ns                ;
; N/A                                     ; Restricted to 420.17 MHz ( period = 2.380 ns )      ; count[23] ; count[24]     ; clk        ; clk      ; None                        ; None                      ; 1.230 ns                ;
; N/A                                     ; Restricted to 420.17 MHz ( period = 2.380 ns )      ; count[16] ; count[23]     ; clk        ; clk      ; None                        ; None                      ; 1.747 ns                ;
; N/A                                     ; Restricted to 420.17 MHz ( period = 2.380 ns )      ; count[3]  ; count[10]     ; clk        ; clk      ; None                        ; None                      ; 1.744 ns                ;
; N/A                                     ; Restricted to 420.17 MHz ( period = 2.380 ns )      ; count[2]  ; count[9]      ; clk        ; clk      ; None                        ; None                      ; 1.744 ns                ;
; N/A                                     ; Restricted to 420.17 MHz ( period = 2.380 ns )      ; count[9]  ; count[14]     ; clk        ; clk      ; None                        ; None                      ; 1.729 ns                ;
; N/A                                     ; Restricted to 420.17 MHz ( period = 2.380 ns )      ; count[7]  ; count[14]     ; clk        ; clk      ; None                        ; None                      ; 1.723 ns                ;
; N/A                                     ; Restricted to 420.17 MHz ( period = 2.380 ns )      ; count[5]  ; count[11]     ; clk        ; clk      ; None                        ; None                      ; 1.725 ns                ;
; N/A                                     ; Restricted to 420.17 MHz ( period = 2.380 ns )      ; count[12] ; count[19]     ; clk        ; clk      ; None                        ; None                      ; 1.716 ns                ;
; N/A                                     ; Restricted to 420.17 MHz ( period = 2.380 ns )      ; count[15] ; count[22]     ; clk        ; clk      ; None                        ; None                      ; 1.712 ns                ;
; N/A                                     ; Restricted to 420.17 MHz ( period = 2.380 ns )      ; count[4]  ; count[11]     ; clk        ; clk      ; None                        ; None                      ; 1.712 ns                ;
; N/A                                     ; Restricted to 420.17 MHz ( period = 2.380 ns )      ; count[14] ; count[21]     ; clk        ; clk      ; None                        ; None                      ; 1.710 ns                ;
; N/A                                     ; Restricted to 420.17 MHz ( period = 2.380 ns )      ; count[1]  ; count[8]      ; clk        ; clk      ; None                        ; None                      ; 1.708 ns                ;
; Timing analysis restricted to 200 rows. ; To change the limit use Settings (Assignments menu) ;           ;               ;            ;          ;                             ;                           ;                         ;
+-----------------------------------------+-----------------------------------------------------+-----------+---------------+------------+----------+-----------------------------+---------------------------+-------------------------+


+---------------------------------------------------------------------+
; tsu                                                                 ;
+-------+--------------+------------+------+---------------+----------+
; Slack ; Required tsu ; Actual tsu ; From ; To            ; To Clock ;
+-------+--------------+------------+------+---------------+----------+
; N/A   ; None         ; -0.304 ns  ; stop ; count_slow[3] ; clk      ;
; N/A   ; None         ; -0.304 ns  ; stop ; count_slow[2] ; clk      ;
; N/A   ; None         ; -0.304 ns  ; stop ; count_slow[1] ; clk      ;
; N/A   ; None         ; -0.304 ns  ; stop ; count_slow[0] ; clk      ;
+-------+--------------+------------+------+---------------+----------+


+------------------------------------------------------------------+
; tco                                                              ;
+-------+--------------+------------+-------+---------+------------+
; Slack ; Required tco ; Actual tco ; From  ; To      ; From Clock ;
+-------+--------------+------------+-------+---------+------------+
; N/A   ; None         ; 9.950 ns   ; PS.de ; dout[2] ; clk        ;
; N/A   ; None         ; 9.949 ns   ; PS.de ; dout[3] ; clk        ;
; N/A   ; None         ; 9.714 ns   ; PS.ef ; dout[1] ; clk        ;
; N/A   ; None         ; 9.707 ns   ; PS.ef ; dout[2] ; clk        ;
; N/A   ; None         ; 9.470 ns   ; PS.fa ; dout[1] ; clk        ;
; N/A   ; None         ; 9.414 ns   ; PS.cd ; dout[4] ; clk        ;
; N/A   ; None         ; 9.389 ns   ; PS.bc ; dout[5] ; clk        ;
; N/A   ; None         ; 9.306 ns   ; PS.cd ; dout[3] ; clk        ;
; N/A   ; None         ; 9.236 ns   ; PS.e  ; dout[2] ; clk        ;
; N/A   ; None         ; 9.234 ns   ; PS.fa ; dout[6] ; clk        ;
; N/A   ; None         ; 9.229 ns   ; PS.bc ; dout[4] ; clk        ;
; N/A   ; None         ; 9.227 ns   ; PS.ab ; dout[5] ; clk        ;
; N/A   ; None         ; 9.201 ns   ; PS.b  ; dout[5] ; clk        ;
; N/A   ; None         ; 9.198 ns   ; PS.d  ; dout[3] ; clk        ;
; N/A   ; None         ; 9.182 ns   ; PS.f  ; dout[1] ; clk        ;
; N/A   ; None         ; 9.067 ns   ; PS.c  ; dout[4] ; clk        ;
; N/A   ; None         ; 9.054 ns   ; PS.ab ; dout[6] ; clk        ;
; N/A   ; None         ; 8.941 ns   ; PS.a  ; dout[6] ; clk        ;
+-------+--------------+------------+-------+---------+------------+


+---------------------------------------------------------------------------+
; th                                                                        ;
+---------------+-------------+-----------+------+---------------+----------+
; Minimum Slack ; Required th ; Actual th ; From ; To            ; To Clock ;
+---------------+-------------+-----------+------+---------------+----------+
; N/A           ; None        ; 0.534 ns  ; stop ; count_slow[3] ; clk      ;
; N/A           ; None        ; 0.534 ns  ; stop ; count_slow[2] ; clk      ;
; N/A           ; None        ; 0.534 ns  ; stop ; count_slow[1] ; clk      ;
; N/A           ; None        ; 0.534 ns  ; stop ; count_slow[0] ; clk      ;
+---------------+-------------+-----------+------+---------------+----------+


+--------------------------+
; Timing Analyzer Messages ;
+--------------------------+
Info: *******************************************************************
Info: Running Quartus II Classic Timing Analyzer
    Info: Version 9.1 Build 350 03/24/2010 Service Pack 2 SJ Web Edition
    Info: Processing started: Wed Nov 27 09:46:38 2019
Info: Command: quartus_tan --read_settings_files=off --write_settings_files=off part5 -c part5 --timing_analysis_only
Warning: Found pins functioning as undefined clocks and/or memory enables
    Info: Assuming node "clk" is an undefined clock
Warning: Found 1 node(s) in clock paths which may be acting as ripple and/or gated clocks -- node(s) analyzed as buffer(s) resulting in clock skew
    Info: Detected ripple clock "count[24]" as buffer
Info: Clock "clk" has Internal fmax of 252.33 MHz between source register "count[0]" and destination register "count[24]" (period= 3.963 ns)
    Info: + Longest register to register delay is 3.219 ns
        Info: 1: + IC(0.000 ns) + CELL(0.000 ns) = 0.000 ns; Loc. = LCFF_X1_Y18_N1; Fanout = 3; REG Node = 'count[0]'
        Info: 2: + IC(0.498 ns) + CELL(0.414 ns) = 0.912 ns; Loc. = LCCOMB_X1_Y18_N8; Fanout = 2; COMB Node = 'count[1]~25'
        Info: 3: + IC(0.000 ns) + CELL(0.071 ns) = 0.983 ns; Loc. = LCCOMB_X1_Y18_N10; Fanout = 2; COMB Node = 'count[2]~27'
        Info: 4: + IC(0.000 ns) + CELL(0.071 ns) = 1.054 ns; Loc. = LCCOMB_X1_Y18_N12; Fanout = 2; COMB Node = 'count[3]~29'
        Info: 5: + IC(0.000 ns) + CELL(0.159 ns) = 1.213 ns; Loc. = LCCOMB_X1_Y18_N14; Fanout = 2; COMB Node = 'count[4]~31'
        Info: 6: + IC(0.000 ns) + CELL(0.071 ns) = 1.284 ns; Loc. = LCCOMB_X1_Y18_N16; Fanout = 2; COMB Node = 'count[5]~33'
        Info: 7: + IC(0.000 ns) + CELL(0.071 ns) = 1.355 ns; Loc. = LCCOMB_X1_Y18_N18; Fanout = 2; COMB Node = 'count[6]~35'
        Info: 8: + IC(0.000 ns) + CELL(0.071 ns) = 1.426 ns; Loc. = LCCOMB_X1_Y18_N20; Fanout = 2; COMB Node = 'count[7]~37'
        Info: 9: + IC(0.000 ns) + CELL(0.071 ns) = 1.497 ns; Loc. = LCCOMB_X1_Y18_N22; Fanout = 2; COMB Node = 'count[8]~39'
        Info: 10: + IC(0.000 ns) + CELL(0.071 ns) = 1.568 ns; Loc. = LCCOMB_X1_Y18_N24; Fanout = 2; COMB Node = 'count[9]~41'
        Info: 11: + IC(0.000 ns) + CELL(0.071 ns) = 1.639 ns; Loc. = LCCOMB_X1_Y18_N26; Fanout = 2; COMB Node = 'count[10]~43'
        Info: 12: + IC(0.000 ns) + CELL(0.071 ns) = 1.710 ns; Loc. = LCCOMB_X1_Y18_N28; Fanout = 2; COMB Node = 'count[11]~45'
        Info: 13: + IC(0.000 ns) + CELL(0.146 ns) = 1.856 ns; Loc. = LCCOMB_X1_Y18_N30; Fanout = 2; COMB Node = 'count[12]~47'
        Info: 14: + IC(0.000 ns) + CELL(0.071 ns) = 1.927 ns; Loc. = LCCOMB_X1_Y17_N0; Fanout = 2; COMB Node = 'count[13]~49'
        Info: 15: + IC(0.000 ns) + CELL(0.071 ns) = 1.998 ns; Loc. = LCCOMB_X1_Y17_N2; Fanout = 2; COMB Node = 'count[14]~51'
        Info: 16: + IC(0.000 ns) + CELL(0.071 ns) = 2.069 ns; Loc. = LCCOMB_X1_Y17_N4; Fanout = 2; COMB Node = 'count[15]~53'
        Info: 17: + IC(0.000 ns) + CELL(0.071 ns) = 2.140 ns; Loc. = LCCOMB_X1_Y17_N6; Fanout = 2; COMB Node = 'count[16]~55'
        Info: 18: + IC(0.000 ns) + CELL(0.071 ns) = 2.211 ns; Loc. = LCCOMB_X1_Y17_N8; Fanout = 2; COMB Node = 'count[17]~57'
        Info: 19: + IC(0.000 ns) + CELL(0.071 ns) = 2.282 ns; Loc. = LCCOMB_X1_Y17_N10; Fanout = 2; COMB Node = 'count[18]~59'
        Info: 20: + IC(0.000 ns) + CELL(0.071 ns) = 2.353 ns; Loc. = LCCOMB_X1_Y17_N12; Fanout = 2; COMB Node = 'count[19]~61'
        Info: 21: + IC(0.000 ns) + CELL(0.159 ns) = 2.512 ns; Loc. = LCCOMB_X1_Y17_N14; Fanout = 2; COMB Node = 'count[20]~63'
        Info: 22: + IC(0.000 ns) + CELL(0.071 ns) = 2.583 ns; Loc. = LCCOMB_X1_Y17_N16; Fanout = 2; COMB Node = 'count[21]~65'
        Info: 23: + IC(0.000 ns) + CELL(0.071 ns) = 2.654 ns; Loc. = LCCOMB_X1_Y17_N18; Fanout = 2; COMB Node = 'count[22]~67'
        Info: 24: + IC(0.000 ns) + CELL(0.071 ns) = 2.725 ns; Loc. = LCCOMB_X1_Y17_N20; Fanout = 1; COMB Node = 'count[23]~69'
        Info: 25: + IC(0.000 ns) + CELL(0.410 ns) = 3.135 ns; Loc. = LCCOMB_X1_Y17_N22; Fanout = 1; COMB Node = 'count[24]~70'
        Info: 26: + IC(0.000 ns) + CELL(0.084 ns) = 3.219 ns; Loc. = LCFF_X1_Y17_N23; Fanout = 2; REG Node = 'count[24]'
        Info: Total cell delay = 2.721 ns ( 84.53 % )
        Info: Total interconnect delay = 0.498 ns ( 15.47 % )
    Info: - Smallest clock skew is -0.530 ns
        Info: + Shortest clock path from clock "clk" to destination register is 2.147 ns
            Info: 1: + IC(0.000 ns) + CELL(0.999 ns) = 0.999 ns; Loc. = PIN_N2; Fanout = 2; CLK Node = 'clk'
            Info: 2: + IC(0.611 ns) + CELL(0.537 ns) = 2.147 ns; Loc. = LCFF_X1_Y17_N23; Fanout = 2; REG Node = 'count[24]'
            Info: Total cell delay = 1.536 ns ( 71.54 % )
            Info: Total interconnect delay = 0.611 ns ( 28.46 % )
        Info: - Longest clock path from clock "clk" to source register is 2.677 ns
            Info: 1: + IC(0.000 ns) + CELL(0.999 ns) = 0.999 ns; Loc. = PIN_N2; Fanout = 2; CLK Node = 'clk'
            Info: 2: + IC(0.118 ns) + CELL(0.000 ns) = 1.117 ns; Loc. = CLKCTRL_G2; Fanout = 24; COMB Node = 'clk~clkctrl'
            Info: 3: + IC(1.023 ns) + CELL(0.537 ns) = 2.677 ns; Loc. = LCFF_X1_Y18_N1; Fanout = 3; REG Node = 'count[0]'
            Info: Total cell delay = 1.536 ns ( 57.38 % )
            Info: Total interconnect delay = 1.141 ns ( 42.62 % )
    Info: + Micro clock to output delay of source is 0.250 ns
    Info: + Micro setup delay of destination is -0.036 ns
Info: tsu for register "count_slow[3]" (data pin = "stop", clock pin = "clk") is -0.304 ns
    Info: + Longest pin to register delay is 4.600 ns
        Info: 1: + IC(0.000 ns) + CELL(0.999 ns) = 0.999 ns; Loc. = PIN_N25; Fanout = 2; PIN Node = 'stop'
        Info: 2: + IC(2.299 ns) + CELL(0.398 ns) = 3.696 ns; Loc. = LCCOMB_X25_Y1_N22; Fanout = 4; COMB Node = 'count_slow[3]~1'
        Info: 3: + IC(0.244 ns) + CELL(0.660 ns) = 4.600 ns; Loc. = LCFF_X25_Y1_N5; Fanout = 16; REG Node = 'count_slow[3]'
        Info: Total cell delay = 2.057 ns ( 44.72 % )
        Info: Total interconnect delay = 2.543 ns ( 55.28 % )
    Info: + Micro setup delay of destination is -0.036 ns
    Info: - Shortest clock path from clock "clk" to destination register is 4.868 ns
        Info: 1: + IC(0.000 ns) + CELL(0.999 ns) = 0.999 ns; Loc. = PIN_N2; Fanout = 2; CLK Node = 'clk'
        Info: 2: + IC(0.611 ns) + CELL(0.787 ns) = 2.397 ns; Loc. = LCFF_X1_Y17_N23; Fanout = 2; REG Node = 'count[24]'
        Info: 3: + IC(0.883 ns) + CELL(0.000 ns) = 3.280 ns; Loc. = CLKCTRL_G3; Fanout = 16; COMB Node = 'count[24]~clkctrl'
        Info: 4: + IC(1.051 ns) + CELL(0.537 ns) = 4.868 ns; Loc. = LCFF_X25_Y1_N5; Fanout = 16; REG Node = 'count_slow[3]'
        Info: Total cell delay = 2.323 ns ( 47.72 % )
        Info: Total interconnect delay = 2.545 ns ( 52.28 % )
Info: tco from clock "clk" to destination pin "dout[2]" through register "PS.de" is 9.950 ns
    Info: + Longest clock path from clock "clk" to source register is 4.868 ns
        Info: 1: + IC(0.000 ns) + CELL(0.999 ns) = 0.999 ns; Loc. = PIN_N2; Fanout = 2; CLK Node = 'clk'
        Info: 2: + IC(0.611 ns) + CELL(0.787 ns) = 2.397 ns; Loc. = LCFF_X1_Y17_N23; Fanout = 2; REG Node = 'count[24]'
        Info: 3: + IC(0.883 ns) + CELL(0.000 ns) = 3.280 ns; Loc. = CLKCTRL_G3; Fanout = 16; COMB Node = 'count[24]~clkctrl'
        Info: 4: + IC(1.051 ns) + CELL(0.537 ns) = 4.868 ns; Loc. = LCFF_X25_Y1_N13; Fanout = 4; REG Node = 'PS.de'
        Info: Total cell delay = 2.323 ns ( 47.72 % )
        Info: Total interconnect delay = 2.545 ns ( 52.28 % )
    Info: + Micro clock to output delay of source is 0.250 ns
    Info: + Longest register to pin delay is 4.832 ns
        Info: 1: + IC(0.000 ns) + CELL(0.000 ns) = 0.000 ns; Loc. = LCFF_X25_Y1_N13; Fanout = 4; REG Node = 'PS.de'
        Info: 2: + IC(0.778 ns) + CELL(0.438 ns) = 1.216 ns; Loc. = LCCOMB_X25_Y1_N14; Fanout = 1; COMB Node = 'WideOr11'
        Info: 3: + IC(0.818 ns) + CELL(2.798 ns) = 4.832 ns; Loc. = PIN_AE11; Fanout = 0; PIN Node = 'dout[2]'
        Info: Total cell delay = 3.236 ns ( 66.97 % )
        Info: Total interconnect delay = 1.596 ns ( 33.03 % )
Info: th for register "count_slow[3]" (data pin = "stop", clock pin = "clk") is 0.534 ns
    Info: + Longest clock path from clock "clk" to destination register is 4.868 ns
        Info: 1: + IC(0.000 ns) + CELL(0.999 ns) = 0.999 ns; Loc. = PIN_N2; Fanout = 2; CLK Node = 'clk'
        Info: 2: + IC(0.611 ns) + CELL(0.787 ns) = 2.397 ns; Loc. = LCFF_X1_Y17_N23; Fanout = 2; REG Node = 'count[24]'
        Info: 3: + IC(0.883 ns) + CELL(0.000 ns) = 3.280 ns; Loc. = CLKCTRL_G3; Fanout = 16; COMB Node = 'count[24]~clkctrl'
        Info: 4: + IC(1.051 ns) + CELL(0.537 ns) = 4.868 ns; Loc. = LCFF_X25_Y1_N5; Fanout = 16; REG Node = 'count_slow[3]'
        Info: Total cell delay = 2.323 ns ( 47.72 % )
        Info: Total interconnect delay = 2.545 ns ( 52.28 % )
    Info: + Micro hold delay of destination is 0.266 ns
    Info: - Shortest pin to register delay is 4.600 ns
        Info: 1: + IC(0.000 ns) + CELL(0.999 ns) = 0.999 ns; Loc. = PIN_N25; Fanout = 2; PIN Node = 'stop'
        Info: 2: + IC(2.299 ns) + CELL(0.398 ns) = 3.696 ns; Loc. = LCCOMB_X25_Y1_N22; Fanout = 4; COMB Node = 'count_slow[3]~1'
        Info: 3: + IC(0.244 ns) + CELL(0.660 ns) = 4.600 ns; Loc. = LCFF_X25_Y1_N5; Fanout = 16; REG Node = 'count_slow[3]'
        Info: Total cell delay = 2.057 ns ( 44.72 % )
        Info: Total interconnect delay = 2.543 ns ( 55.28 % )
Info: Quartus II Classic Timing Analyzer was successful. 0 errors, 2 warnings
    Info: Peak virtual memory: 133 megabytes
    Info: Processing ended: Wed Nov 27 09:46:38 2019
    Info: Elapsed time: 00:00:00
    Info: Total CPU time (on all processors): 00:00:01


