Classic Timing Analyzer report for usr
Wed May 02 22:46:48 2018
Quartus II Version 8.1 Build 163 10/28/2008 SJ Web Edition


---------------------
; Table of Contents ;
---------------------
  1. Legal Notice
  2. Timing Analyzer Summary
  3. Timing Analyzer Settings
  4. Clock Settings Summary
  5. Clock Setup: 'clk'
  6. tsu
  7. tco
  8. th
  9. Timing Analyzer Messages



----------------
; Legal Notice ;
----------------
Copyright (C) 1991-2008 Altera Corporation
Your use of Altera Corporation's design tools, logic functions 
and other software and tools, and its AMPP partner logic 
functions, and any output files from any of the foregoing 
(including device programming or simulation files), and any 
associated documentation or information are expressly subject 
to the terms and conditions of the Altera Program License 
Subscription Agreement, Altera MegaCore Function License 
Agreement, or other applicable license agreement, including, 
without limitation, that your use is for the sole purpose of 
programming logic devices manufactured by Altera and sold by 
Altera or its authorized distributors.  Please refer to the 
applicable agreement for further details.



+--------------------------------------------------------------------------------------------------------------------------------------------------------------------+
; Timing Analyzer Summary                                                                                                                                            ;
+------------------------------+-------+---------------+------------------------------------------------+----------+----------+------------+----------+--------------+
; Type                         ; Slack ; Required Time ; Actual Time                                    ; From     ; To       ; From Clock ; To Clock ; Failed Paths ;
+------------------------------+-------+---------------+------------------------------------------------+----------+----------+------------+----------+--------------+
; Worst-case tsu               ; N/A   ; None          ; 5.179 ns                                       ; I[1]     ; state[1] ; --         ; clk      ; 0            ;
; Worst-case tco               ; N/A   ; None          ; 8.976 ns                                       ; state[0] ; Qr       ; clk        ; --       ; 0            ;
; Worst-case th                ; N/A   ; None          ; 0.003 ns                                       ; s1       ; state[3] ; --         ; clk      ; 0            ;
; Clock Setup: 'clk'           ; N/A   ; None          ; Restricted to 420.17 MHz ( period = 2.380 ns ) ; state[1] ; state[2] ; clk        ; clk      ; 0            ;
; Total number of failed paths ;       ;               ;                                                ;          ;          ;            ;          ; 0            ;
+------------------------------+-------+---------------+------------------------------------------------+----------+----------+------------+----------+--------------+


+--------------------------------------------------------------------------------------------------------------------+
; Timing Analyzer Settings                                                                                           ;
+---------------------------------------------------------------------+--------------------+------+----+-------------+
; Option                                                              ; Setting            ; From ; To ; Entity Name ;
+---------------------------------------------------------------------+--------------------+------+----+-------------+
; Device Name                                                         ; EP2C35F672C6       ;      ;    ;             ;
; Timing Models                                                       ; Final              ;      ;    ;             ;
; Default hold multicycle                                             ; Same as Multicycle ;      ;    ;             ;
; Cut paths between unrelated clock domains                           ; On                 ;      ;    ;             ;
; Cut off read during write signal paths                              ; On                 ;      ;    ;             ;
; Cut off feedback from I/O pins                                      ; On                 ;      ;    ;             ;
; Report Combined Fast/Slow Timing                                    ; Off                ;      ;    ;             ;
; Ignore Clock Settings                                               ; Off                ;      ;    ;             ;
; Analyze latches as synchronous elements                             ; On                 ;      ;    ;             ;
; Enable Recovery/Removal analysis                                    ; Off                ;      ;    ;             ;
; Enable Clock Latency                                                ; Off                ;      ;    ;             ;
; Use TimeQuest Timing Analyzer                                       ; Off                ;      ;    ;             ;
; Minimum Core Junction Temperature                                   ; 0                  ;      ;    ;             ;
; Maximum Core Junction Temperature                                   ; 85                 ;      ;    ;             ;
; Number of source nodes to report per destination node               ; 10                 ;      ;    ;             ;
; Number of destination nodes to report                               ; 10                 ;      ;    ;             ;
; Number of paths to report                                           ; 200                ;      ;    ;             ;
; Report Minimum Timing Checks                                        ; Off                ;      ;    ;             ;
; Use Fast Timing Models                                              ; Off                ;      ;    ;             ;
; Report IO Paths Separately                                          ; Off                ;      ;    ;             ;
; Perform Multicorner Analysis                                        ; On                 ;      ;    ;             ;
; Reports the worst-case path for each clock domain and analysis      ; Off                ;      ;    ;             ;
; Removes common clock path pessimism (CCPP) during slack computation ; Off                ;      ;    ;             ;
; Output I/O Timing Endpoint                                          ; Near End           ;      ;    ;             ;
+---------------------------------------------------------------------+--------------------+------+----+-------------+


+------------------------------------------------------------------------------------------------------------------------------------------------------------------------------------+
; Clock Settings Summary                                                                                                                                                             ;
+-----------------+--------------------+----------+------------------+---------------+--------------+----------+-----------------------+---------------------+--------+--------------+
; Clock Node Name ; Clock Setting Name ; Type     ; Fmax Requirement ; Early Latency ; Late Latency ; Based on ; Multiply Base Fmax by ; Divide Base Fmax by ; Offset ; Phase offset ;
+-----------------+--------------------+----------+------------------+---------------+--------------+----------+-----------------------+---------------------+--------+--------------+
; clk             ;                    ; User Pin ; None             ; 0.000 ns      ; 0.000 ns     ; --       ; N/A                   ; N/A                 ; N/A    ;              ;
+-----------------+--------------------+----------+------------------+---------------+--------------+----------+-----------------------+---------------------+--------+--------------+


+------------------------------------------------------------------------------------------------------------------------------------------------------------------------------------------+
; Clock Setup: 'clk'                                                                                                                                                                       ;
+-------+------------------------------------------------+----------+----------+------------+----------+-----------------------------+---------------------------+-------------------------+
; Slack ; Actual fmax (period)                           ; From     ; To       ; From Clock ; To Clock ; Required Setup Relationship ; Required Longest P2P Time ; Actual Longest P2P Time ;
+-------+------------------------------------------------+----------+----------+------------+----------+-----------------------------+---------------------------+-------------------------+
; N/A   ; Restricted to 420.17 MHz ( period = 2.380 ns ) ; state[1] ; state[2] ; clk        ; clk      ; None                        ; None                      ; 0.867 ns                ;
; N/A   ; Restricted to 420.17 MHz ( period = 2.380 ns ) ; state[2] ; state[1] ; clk        ; clk      ; None                        ; None                      ; 0.821 ns                ;
; N/A   ; Restricted to 420.17 MHz ( period = 2.380 ns ) ; state[1] ; state[0] ; clk        ; clk      ; None                        ; None                      ; 0.814 ns                ;
; N/A   ; Restricted to 420.17 MHz ( period = 2.380 ns ) ; state[2] ; state[3] ; clk        ; clk      ; None                        ; None                      ; 0.690 ns                ;
; N/A   ; Restricted to 420.17 MHz ( period = 2.380 ns ) ; state[0] ; state[1] ; clk        ; clk      ; None                        ; None                      ; 0.688 ns                ;
; N/A   ; Restricted to 420.17 MHz ( period = 2.380 ns ) ; state[3] ; state[2] ; clk        ; clk      ; None                        ; None                      ; 0.537 ns                ;
+-------+------------------------------------------------+----------+----------+------------+----------+-----------------------------+---------------------------+-------------------------+


+----------------------------------------------------------------+
; tsu                                                            ;
+-------+--------------+------------+------+----------+----------+
; Slack ; Required tsu ; Actual tsu ; From ; To       ; To Clock ;
+-------+--------------+------------+------+----------+----------+
; N/A   ; None         ; 5.179 ns   ; I[1] ; state[1] ; clk      ;
; N/A   ; None         ; 4.769 ns   ; I[2] ; state[2] ; clk      ;
; N/A   ; None         ; 4.463 ns   ; s0   ; state[0] ; clk      ;
; N/A   ; None         ; 4.463 ns   ; s0   ; state[1] ; clk      ;
; N/A   ; None         ; 4.463 ns   ; s0   ; state[2] ; clk      ;
; N/A   ; None         ; 4.463 ns   ; s0   ; state[3] ; clk      ;
; N/A   ; None         ; 4.262 ns   ; Isl  ; state[0] ; clk      ;
; N/A   ; None         ; 3.859 ns   ; Isr  ; state[3] ; clk      ;
; N/A   ; None         ; 3.723 ns   ; I[3] ; state[3] ; clk      ;
; N/A   ; None         ; 1.027 ns   ; s1   ; state[0] ; clk      ;
; N/A   ; None         ; 1.027 ns   ; s1   ; state[1] ; clk      ;
; N/A   ; None         ; 1.027 ns   ; s1   ; state[2] ; clk      ;
; N/A   ; None         ; 1.027 ns   ; s1   ; state[3] ; clk      ;
; N/A   ; None         ; 0.285 ns   ; I[0] ; state[0] ; clk      ;
+-------+--------------+------------+------+----------+----------+


+------------------------------------------------------------------+
; tco                                                              ;
+-------+--------------+------------+----------+------+------------+
; Slack ; Required tco ; Actual tco ; From     ; To   ; From Clock ;
+-------+--------------+------------+----------+------+------------+
; N/A   ; None         ; 8.976 ns   ; state[0] ; Qr   ; clk        ;
; N/A   ; None         ; 8.543 ns   ; state[0] ; Q[0] ; clk        ;
; N/A   ; None         ; 7.524 ns   ; state[3] ; Ql   ; clk        ;
; N/A   ; None         ; 6.863 ns   ; state[3] ; Q[3] ; clk        ;
; N/A   ; None         ; 6.795 ns   ; state[1] ; Q[1] ; clk        ;
; N/A   ; None         ; 6.703 ns   ; state[2] ; Q[2] ; clk        ;
+-------+--------------+------------+----------+------+------------+


+----------------------------------------------------------------------+
; th                                                                   ;
+---------------+-------------+-----------+------+----------+----------+
; Minimum Slack ; Required th ; Actual th ; From ; To       ; To Clock ;
+---------------+-------------+-----------+------+----------+----------+
; N/A           ; None        ; 0.003 ns  ; s1   ; state[3] ; clk      ;
; N/A           ; None        ; 0.002 ns  ; s1   ; state[0] ; clk      ;
; N/A           ; None        ; -0.055 ns ; I[0] ; state[0] ; clk      ;
; N/A           ; None        ; -0.277 ns ; s1   ; state[1] ; clk      ;
; N/A           ; None        ; -0.301 ns ; s1   ; state[2] ; clk      ;
; N/A           ; None        ; -3.493 ns ; I[3] ; state[3] ; clk      ;
; N/A           ; None        ; -3.629 ns ; Isr  ; state[3] ; clk      ;
; N/A           ; None        ; -3.740 ns ; s0   ; state[0] ; clk      ;
; N/A           ; None        ; -3.740 ns ; s0   ; state[1] ; clk      ;
; N/A           ; None        ; -3.740 ns ; s0   ; state[2] ; clk      ;
; N/A           ; None        ; -3.740 ns ; s0   ; state[3] ; clk      ;
; N/A           ; None        ; -4.032 ns ; Isl  ; state[0] ; clk      ;
; N/A           ; None        ; -4.539 ns ; I[2] ; state[2] ; clk      ;
; N/A           ; None        ; -4.949 ns ; I[1] ; state[1] ; clk      ;
+---------------+-------------+-----------+------+----------+----------+


+--------------------------+
; Timing Analyzer Messages ;
+--------------------------+
Info: *******************************************************************
Info: Running Quartus II Classic Timing Analyzer
    Info: Version 8.1 Build 163 10/28/2008 SJ Web Edition
    Info: Processing started: Wed May 02 22:46:48 2018
Info: Command: quartus_tan --read_settings_files=off --write_settings_files=off usr -c usr --timing_analysis_only
Warning: Found pins functioning as undefined clocks and/or memory enables
    Info: Assuming node "clk" is an undefined clock
Info: Clock "clk" Internal fmax is restricted to 420.17 MHz between source register "state[1]" and destination register "state[2]"
    Info: fmax restricted to clock pin edge rate 2.38 ns. Expand message to see actual delay path.
        Info: + Longest register to register delay is 0.867 ns
            Info: 1: + IC(0.000 ns) + CELL(0.000 ns) = 0.000 ns; Loc. = LCFF_X9_Y28_N3; Fanout = 3; REG Node = 'state[1]'
            Info: 2: + IC(0.501 ns) + CELL(0.366 ns) = 0.867 ns; Loc. = LCFF_X9_Y28_N5; Fanout = 3; REG Node = 'state[2]'
            Info: Total cell delay = 0.366 ns ( 42.21 % )
            Info: Total interconnect delay = 0.501 ns ( 57.79 % )
        Info: - Smallest clock skew is 0.000 ns
            Info: + Shortest clock path from clock "clk" to destination register is 2.660 ns
                Info: 1: + IC(0.000 ns) + CELL(0.999 ns) = 0.999 ns; Loc. = PIN_P2; Fanout = 1; CLK Node = 'clk'
                Info: 2: + IC(0.118 ns) + CELL(0.000 ns) = 1.117 ns; Loc. = CLKCTRL_G3; Fanout = 4; COMB Node = 'clk~clkctrl'
                Info: 3: + IC(1.006 ns) + CELL(0.537 ns) = 2.660 ns; Loc. = LCFF_X9_Y28_N5; Fanout = 3; REG Node = 'state[2]'
                Info: Total cell delay = 1.536 ns ( 57.74 % )
                Info: Total interconnect delay = 1.124 ns ( 42.26 % )
            Info: - Longest clock path from clock "clk" to source register is 2.660 ns
                Info: 1: + IC(0.000 ns) + CELL(0.999 ns) = 0.999 ns; Loc. = PIN_P2; Fanout = 1; CLK Node = 'clk'
                Info: 2: + IC(0.118 ns) + CELL(0.000 ns) = 1.117 ns; Loc. = CLKCTRL_G3; Fanout = 4; COMB Node = 'clk~clkctrl'
                Info: 3: + IC(1.006 ns) + CELL(0.537 ns) = 2.660 ns; Loc. = LCFF_X9_Y28_N3; Fanout = 3; REG Node = 'state[1]'
                Info: Total cell delay = 1.536 ns ( 57.74 % )
                Info: Total interconnect delay = 1.124 ns ( 42.26 % )
        Info: + Micro clock to output delay of source is 0.250 ns
        Info: + Micro setup delay of destination is -0.036 ns
Info: tsu for register "state[1]" (data pin = "I[1]", clock pin = "clk") is 5.179 ns
    Info: + Longest pin to register delay is 7.875 ns
        Info: 1: + IC(0.000 ns) + CELL(0.852 ns) = 0.852 ns; Loc. = PIN_T18; Fanout = 1; PIN Node = 'I[1]'
        Info: 2: + IC(6.789 ns) + CELL(0.150 ns) = 7.791 ns; Loc. = LCCOMB_X9_Y28_N2; Fanout = 1; COMB Node = 'state[1]~41'
        Info: 3: + IC(0.000 ns) + CELL(0.084 ns) = 7.875 ns; Loc. = LCFF_X9_Y28_N3; Fanout = 3; REG Node = 'state[1]'
        Info: Total cell delay = 1.086 ns ( 13.79 % )
        Info: Total interconnect delay = 6.789 ns ( 86.21 % )
    Info: + Micro setup delay of destination is -0.036 ns
    Info: - Shortest clock path from clock "clk" to destination register is 2.660 ns
        Info: 1: + IC(0.000 ns) + CELL(0.999 ns) = 0.999 ns; Loc. = PIN_P2; Fanout = 1; CLK Node = 'clk'
        Info: 2: + IC(0.118 ns) + CELL(0.000 ns) = 1.117 ns; Loc. = CLKCTRL_G3; Fanout = 4; COMB Node = 'clk~clkctrl'
        Info: 3: + IC(1.006 ns) + CELL(0.537 ns) = 2.660 ns; Loc. = LCFF_X9_Y28_N3; Fanout = 3; REG Node = 'state[1]'
        Info: Total cell delay = 1.536 ns ( 57.74 % )
        Info: Total interconnect delay = 1.124 ns ( 42.26 % )
Info: tco from clock "clk" to destination pin "Qr" through register "state[0]" is 8.976 ns
    Info: + Longest clock path from clock "clk" to source register is 2.660 ns
        Info: 1: + IC(0.000 ns) + CELL(0.999 ns) = 0.999 ns; Loc. = PIN_P2; Fanout = 1; CLK Node = 'clk'
        Info: 2: + IC(0.118 ns) + CELL(0.000 ns) = 1.117 ns; Loc. = CLKCTRL_G3; Fanout = 4; COMB Node = 'clk~clkctrl'
        Info: 3: + IC(1.006 ns) + CELL(0.537 ns) = 2.660 ns; Loc. = LCFF_X9_Y28_N9; Fanout = 3; REG Node = 'state[0]'
        Info: Total cell delay = 1.536 ns ( 57.74 % )
        Info: Total interconnect delay = 1.124 ns ( 42.26 % )
    Info: + Micro clock to output delay of source is 0.250 ns
    Info: + Longest register to pin delay is 6.066 ns
        Info: 1: + IC(0.000 ns) + CELL(0.000 ns) = 0.000 ns; Loc. = LCFF_X9_Y28_N9; Fanout = 3; REG Node = 'state[0]'
        Info: 2: + IC(3.268 ns) + CELL(2.798 ns) = 6.066 ns; Loc. = PIN_W12; Fanout = 0; PIN Node = 'Qr'
        Info: Total cell delay = 2.798 ns ( 46.13 % )
        Info: Total interconnect delay = 3.268 ns ( 53.87 % )
Info: th for register "state[3]" (data pin = "s1", clock pin = "clk") is 0.003 ns
    Info: + Longest clock path from clock "clk" to destination register is 2.660 ns
        Info: 1: + IC(0.000 ns) + CELL(0.999 ns) = 0.999 ns; Loc. = PIN_P2; Fanout = 1; CLK Node = 'clk'
        Info: 2: + IC(0.118 ns) + CELL(0.000 ns) = 1.117 ns; Loc. = CLKCTRL_G3; Fanout = 4; COMB Node = 'clk~clkctrl'
        Info: 3: + IC(1.006 ns) + CELL(0.537 ns) = 2.660 ns; Loc. = LCFF_X9_Y28_N7; Fanout = 3; REG Node = 'state[3]'
        Info: Total cell delay = 1.536 ns ( 57.74 % )
        Info: Total interconnect delay = 1.124 ns ( 42.26 % )
    Info: + Micro hold delay of destination is 0.266 ns
    Info: - Shortest pin to register delay is 2.923 ns
        Info: 1: + IC(0.000 ns) + CELL(0.979 ns) = 0.979 ns; Loc. = PIN_D13; Fanout = 5; PIN Node = 's1'
        Info: 2: + IC(1.710 ns) + CELL(0.150 ns) = 2.839 ns; Loc. = LCCOMB_X9_Y28_N6; Fanout = 1; COMB Node = 'state[3]~43'
        Info: 3: + IC(0.000 ns) + CELL(0.084 ns) = 2.923 ns; Loc. = LCFF_X9_Y28_N7; Fanout = 3; REG Node = 'state[3]'
        Info: Total cell delay = 1.213 ns ( 41.50 % )
        Info: Total interconnect delay = 1.710 ns ( 58.50 % )
Info: Quartus II Classic Timing Analyzer was successful. 0 errors, 1 warning
    Info: Peak virtual memory: 235 megabytes
    Info: Processing ended: Wed May 02 22:46:48 2018
    Info: Elapsed time: 00:00:00
    Info: Total CPU time (on all processors): 00:00:00


