Classic Timing Analyzer report for knight_top
Tue Nov 26 11:29:50 2019
Quartus II Version 8.1 Build 163 10/28/2008 SJ Web Edition


---------------------
; Table of Contents ;
---------------------
  1. Legal Notice
  2. Timing Analyzer Summary
  3. Timing Analyzer Settings
  4. Clock Settings Summary
  5. Clock Setup: 'CLK'
  6. tco
  7. Timing Analyzer Messages



----------------
; Legal Notice ;
----------------
Copyright (C) 1991-2008 Altera Corporation
Your use of Altera Corporation's design tools, logic functions 
and other software and tools, and its AMPP partner logic 
functions, and any output files from any of the foregoing 
(including device programming or simulation files), and any 
associated documentation or information are expressly subject 
to the terms and conditions of the Altera Program License 
Subscription Agreement, Altera MegaCore Function License 
Agreement, or other applicable license agreement, including, 
without limitation, that your use is for the sole purpose of 
programming logic devices manufactured by Altera and sold by 
Altera or its authorized distributors.  Please refer to the 
applicable agreement for further details.



+----------------------------------------------------------------------------------------------------------------------------------------------------------------------+
; Timing Analyzer Summary                                                                                                                                              ;
+------------------------------+-------+---------------+------------------------------------------------+--------------+--------+------------+----------+--------------+
; Type                         ; Slack ; Required Time ; Actual Time                                    ; From         ; To     ; From Clock ; To Clock ; Failed Paths ;
+------------------------------+-------+---------------+------------------------------------------------+--------------+--------+------------+----------+--------------+
; Worst-case tco               ; N/A   ; None          ; 6.989 ns                                       ; shift_reg[6] ; LED[6] ; CLK        ; --       ; 0            ;
; Clock Setup: 'CLK'           ; N/A   ; None          ; Restricted to 500.00 MHz ( period = 2.000 ns ) ; shift_reg[0] ; fwd    ; CLK        ; CLK      ; 0            ;
; Total number of failed paths ;       ;               ;                                                ;              ;        ;            ;          ; 0            ;
+------------------------------+-------+---------------+------------------------------------------------+--------------+--------+------------+----------+--------------+


+--------------------------------------------------------------------------------------------------------------------+
; Timing Analyzer Settings                                                                                           ;
+---------------------------------------------------------------------+--------------------+------+----+-------------+
; Option                                                              ; Setting            ; From ; To ; Entity Name ;
+---------------------------------------------------------------------+--------------------+------+----+-------------+
; Device Name                                                         ; EP2S15F484C3       ;      ;    ;             ;
; Timing Models                                                       ; Final              ;      ;    ;             ;
; Default hold multicycle                                             ; Same as Multicycle ;      ;    ;             ;
; Cut paths between unrelated clock domains                           ; On                 ;      ;    ;             ;
; Cut off read during write signal paths                              ; On                 ;      ;    ;             ;
; Cut off feedback from I/O pins                                      ; On                 ;      ;    ;             ;
; Report Combined Fast/Slow Timing                                    ; Off                ;      ;    ;             ;
; Ignore Clock Settings                                               ; Off                ;      ;    ;             ;
; Analyze latches as synchronous elements                             ; On                 ;      ;    ;             ;
; Enable Recovery/Removal analysis                                    ; Off                ;      ;    ;             ;
; Enable Clock Latency                                                ; Off                ;      ;    ;             ;
; Use TimeQuest Timing Analyzer                                       ; Off                ;      ;    ;             ;
; Number of source nodes to report per destination node               ; 10                 ;      ;    ;             ;
; Number of destination nodes to report                               ; 10                 ;      ;    ;             ;
; Number of paths to report                                           ; 200                ;      ;    ;             ;
; Report Minimum Timing Checks                                        ; Off                ;      ;    ;             ;
; Use Fast Timing Models                                              ; Off                ;      ;    ;             ;
; Report IO Paths Separately                                          ; Off                ;      ;    ;             ;
; Perform Multicorner Analysis                                        ; On                 ;      ;    ;             ;
; Reports the worst-case path for each clock domain and analysis      ; Off                ;      ;    ;             ;
; Removes common clock path pessimism (CCPP) during slack computation ; Off                ;      ;    ;             ;
; Output I/O Timing Endpoint                                          ; Near End           ;      ;    ;             ;
+---------------------------------------------------------------------+--------------------+------+----+-------------+


+------------------------------------------------------------------------------------------------------------------------------------------------------------------------------------+
; Clock Settings Summary                                                                                                                                                             ;
+-----------------+--------------------+----------+------------------+---------------+--------------+----------+-----------------------+---------------------+--------+--------------+
; Clock Node Name ; Clock Setting Name ; Type     ; Fmax Requirement ; Early Latency ; Late Latency ; Based on ; Multiply Base Fmax by ; Divide Base Fmax by ; Offset ; Phase offset ;
+-----------------+--------------------+----------+------------------+---------------+--------------+----------+-----------------------+---------------------+--------+--------------+
; CLK             ;                    ; User Pin ; None             ; 0.000 ns      ; 0.000 ns     ; --       ; N/A                   ; N/A                 ; N/A    ;              ;
+-----------------+--------------------+----------+------------------+---------------+--------------+----------+-----------------------+---------------------+--------+--------------+


+--------------------------------------------------------------------------------------------------------------------------------------------------------------------------------------------------+
; Clock Setup: 'CLK'                                                                                                                                                                               ;
+-------+------------------------------------------------+--------------+--------------+------------+----------+-----------------------------+---------------------------+-------------------------+
; Slack ; Actual fmax (period)                           ; From         ; To           ; From Clock ; To Clock ; Required Setup Relationship ; Required Longest P2P Time ; Actual Longest P2P Time ;
+-------+------------------------------------------------+--------------+--------------+------------+----------+-----------------------------+---------------------------+-------------------------+
; N/A   ; Restricted to 500.00 MHz ( period = 2.000 ns ) ; shift_reg[0] ; fwd          ; CLK        ; CLK      ; None                        ; None                      ; 1.021 ns                ;
; N/A   ; Restricted to 500.00 MHz ( period = 2.000 ns ) ; shift_reg[3] ; fwd          ; CLK        ; CLK      ; None                        ; None                      ; 0.898 ns                ;
; N/A   ; Restricted to 500.00 MHz ( period = 2.000 ns ) ; shift_reg[2] ; fwd          ; CLK        ; CLK      ; None                        ; None                      ; 0.868 ns                ;
; N/A   ; Restricted to 500.00 MHz ( period = 2.000 ns ) ; shift_reg[5] ; fwd          ; CLK        ; CLK      ; None                        ; None                      ; 0.835 ns                ;
; N/A   ; Restricted to 500.00 MHz ( period = 2.000 ns ) ; shift_reg[6] ; fwd          ; CLK        ; CLK      ; None                        ; None                      ; 0.828 ns                ;
; N/A   ; Restricted to 500.00 MHz ( period = 2.000 ns ) ; fwd          ; shift_reg[3] ; CLK        ; CLK      ; None                        ; None                      ; 0.822 ns                ;
; N/A   ; Restricted to 500.00 MHz ( period = 2.000 ns ) ; fwd          ; shift_reg[2] ; CLK        ; CLK      ; None                        ; None                      ; 0.821 ns                ;
; N/A   ; Restricted to 500.00 MHz ( period = 2.000 ns ) ; shift_reg[6] ; shift_reg[5] ; CLK        ; CLK      ; None                        ; None                      ; 0.817 ns                ;
; N/A   ; Restricted to 500.00 MHz ( period = 2.000 ns ) ; fwd          ; shift_reg[7] ; CLK        ; CLK      ; None                        ; None                      ; 0.815 ns                ;
; N/A   ; Restricted to 500.00 MHz ( period = 2.000 ns ) ; shift_reg[1] ; fwd          ; CLK        ; CLK      ; None                        ; None                      ; 0.786 ns                ;
; N/A   ; Restricted to 500.00 MHz ( period = 2.000 ns ) ; fwd          ; shift_reg[0] ; CLK        ; CLK      ; None                        ; None                      ; 0.736 ns                ;
; N/A   ; Restricted to 500.00 MHz ( period = 2.000 ns ) ; shift_reg[7] ; shift_reg[6] ; CLK        ; CLK      ; None                        ; None                      ; 0.713 ns                ;
; N/A   ; Restricted to 500.00 MHz ( period = 2.000 ns ) ; shift_reg[3] ; shift_reg[4] ; CLK        ; CLK      ; None                        ; None                      ; 0.702 ns                ;
; N/A   ; Restricted to 500.00 MHz ( period = 2.000 ns ) ; shift_reg[7] ; fwd          ; CLK        ; CLK      ; None                        ; None                      ; 0.701 ns                ;
; N/A   ; Restricted to 500.00 MHz ( period = 2.000 ns ) ; shift_reg[3] ; shift_reg[2] ; CLK        ; CLK      ; None                        ; None                      ; 0.699 ns                ;
; N/A   ; Restricted to 500.00 MHz ( period = 2.000 ns ) ; shift_reg[4] ; fwd          ; CLK        ; CLK      ; None                        ; None                      ; 0.690 ns                ;
; N/A   ; Restricted to 500.00 MHz ( period = 2.000 ns ) ; fwd          ; shift_reg[6] ; CLK        ; CLK      ; None                        ; None                      ; 0.690 ns                ;
; N/A   ; Restricted to 500.00 MHz ( period = 2.000 ns ) ; fwd          ; shift_reg[5] ; CLK        ; CLK      ; None                        ; None                      ; 0.675 ns                ;
; N/A   ; Restricted to 500.00 MHz ( period = 2.000 ns ) ; shift_reg[5] ; shift_reg[4] ; CLK        ; CLK      ; None                        ; None                      ; 0.651 ns                ;
; N/A   ; Restricted to 500.00 MHz ( period = 2.000 ns ) ; shift_reg[4] ; shift_reg[3] ; CLK        ; CLK      ; None                        ; None                      ; 0.647 ns                ;
; N/A   ; Restricted to 500.00 MHz ( period = 2.000 ns ) ; shift_reg[2] ; shift_reg[1] ; CLK        ; CLK      ; None                        ; None                      ; 0.644 ns                ;
; N/A   ; Restricted to 500.00 MHz ( period = 2.000 ns ) ; shift_reg[5] ; shift_reg[6] ; CLK        ; CLK      ; None                        ; None                      ; 0.620 ns                ;
; N/A   ; Restricted to 500.00 MHz ( period = 2.000 ns ) ; shift_reg[4] ; shift_reg[5] ; CLK        ; CLK      ; None                        ; None                      ; 0.613 ns                ;
; N/A   ; Restricted to 500.00 MHz ( period = 2.000 ns ) ; shift_reg[2] ; shift_reg[3] ; CLK        ; CLK      ; None                        ; None                      ; 0.613 ns                ;
; N/A   ; Restricted to 500.00 MHz ( period = 2.000 ns ) ; shift_reg[0] ; shift_reg[1] ; CLK        ; CLK      ; None                        ; None                      ; 0.602 ns                ;
; N/A   ; Restricted to 500.00 MHz ( period = 2.000 ns ) ; shift_reg[1] ; shift_reg[2] ; CLK        ; CLK      ; None                        ; None                      ; 0.521 ns                ;
; N/A   ; Restricted to 500.00 MHz ( period = 2.000 ns ) ; shift_reg[1] ; shift_reg[0] ; CLK        ; CLK      ; None                        ; None                      ; 0.519 ns                ;
; N/A   ; Restricted to 500.00 MHz ( period = 2.000 ns ) ; fwd          ; shift_reg[1] ; CLK        ; CLK      ; None                        ; None                      ; 0.481 ns                ;
; N/A   ; Restricted to 500.00 MHz ( period = 2.000 ns ) ; fwd          ; shift_reg[4] ; CLK        ; CLK      ; None                        ; None                      ; 0.474 ns                ;
; N/A   ; Restricted to 500.00 MHz ( period = 2.000 ns ) ; shift_reg[6] ; shift_reg[7] ; CLK        ; CLK      ; None                        ; None                      ; 0.442 ns                ;
; N/A   ; Restricted to 500.00 MHz ( period = 2.000 ns ) ; fwd          ; fwd          ; CLK        ; CLK      ; None                        ; None                      ; 0.396 ns                ;
+-------+------------------------------------------------+--------------+--------------+------------+----------+-----------------------------+---------------------------+-------------------------+


+------------------------------------------------------------------------+
; tco                                                                    ;
+-------+--------------+------------+--------------+--------+------------+
; Slack ; Required tco ; Actual tco ; From         ; To     ; From Clock ;
+-------+--------------+------------+--------------+--------+------------+
; N/A   ; None         ; 6.989 ns   ; shift_reg[6] ; LED[6] ; CLK        ;
; N/A   ; None         ; 6.595 ns   ; shift_reg[2] ; LED[2] ; CLK        ;
; N/A   ; None         ; 6.587 ns   ; shift_reg[5] ; LED[5] ; CLK        ;
; N/A   ; None         ; 6.258 ns   ; shift_reg[4] ; LED[4] ; CLK        ;
; N/A   ; None         ; 6.043 ns   ; shift_reg[0] ; LED[0] ; CLK        ;
; N/A   ; None         ; 5.954 ns   ; shift_reg[3] ; LED[3] ; CLK        ;
; N/A   ; None         ; 5.731 ns   ; shift_reg[1] ; LED[1] ; CLK        ;
; N/A   ; None         ; 5.371 ns   ; shift_reg[7] ; LED[7] ; CLK        ;
+-------+--------------+------------+--------------+--------+------------+


+--------------------------+
; Timing Analyzer Messages ;
+--------------------------+
Info: *******************************************************************
Info: Running Quartus II Classic Timing Analyzer
    Info: Version 8.1 Build 163 10/28/2008 SJ Web Edition
    Info: Processing started: Tue Nov 26 11:29:49 2019
Info: Command: quartus_tan --read_settings_files=off --write_settings_files=off knight_top -c knight_top --timing_analysis_only
Warning: Found pins functioning as undefined clocks and/or memory enables
    Info: Assuming node "CLK" is an undefined clock
Info: Clock "CLK" Internal fmax is restricted to 500.0 MHz between source register "shift_reg[0]" and destination register "fwd"
    Info: fmax restricted to clock pin edge rate 2.0 ns. Expand message to see actual delay path.
        Info: + Longest register to register delay is 1.021 ns
            Info: 1: + IC(0.000 ns) + CELL(0.000 ns) = 0.000 ns; Loc. = LCFF_X33_Y20_N19; Fanout = 3; REG Node = 'shift_reg[0]'
            Info: 2: + IC(0.271 ns) + CELL(0.346 ns) = 0.617 ns; Loc. = LCCOMB_X33_Y20_N0; Fanout = 1; COMB Node = 'fwd~107'
            Info: 3: + IC(0.196 ns) + CELL(0.053 ns) = 0.866 ns; Loc. = LCCOMB_X33_Y20_N4; Fanout = 1; COMB Node = 'fwd~108'
            Info: 4: + IC(0.000 ns) + CELL(0.155 ns) = 1.021 ns; Loc. = LCFF_X33_Y20_N5; Fanout = 9; REG Node = 'fwd'
            Info: Total cell delay = 0.554 ns ( 54.26 % )
            Info: Total interconnect delay = 0.467 ns ( 45.74 % )
        Info: - Smallest clock skew is 0.000 ns
            Info: + Shortest clock path from clock "CLK" to destination register is 2.481 ns
                Info: 1: + IC(0.000 ns) + CELL(0.854 ns) = 0.854 ns; Loc. = PIN_N20; Fanout = 1; CLK Node = 'CLK'
                Info: 2: + IC(0.343 ns) + CELL(0.000 ns) = 1.197 ns; Loc. = CLKCTRL_G3; Fanout = 9; COMB Node = 'CLK~clkctrl'
                Info: 3: + IC(0.666 ns) + CELL(0.618 ns) = 2.481 ns; Loc. = LCFF_X33_Y20_N5; Fanout = 9; REG Node = 'fwd'
                Info: Total cell delay = 1.472 ns ( 59.33 % )
                Info: Total interconnect delay = 1.009 ns ( 40.67 % )
            Info: - Longest clock path from clock "CLK" to source register is 2.481 ns
                Info: 1: + IC(0.000 ns) + CELL(0.854 ns) = 0.854 ns; Loc. = PIN_N20; Fanout = 1; CLK Node = 'CLK'
                Info: 2: + IC(0.343 ns) + CELL(0.000 ns) = 1.197 ns; Loc. = CLKCTRL_G3; Fanout = 9; COMB Node = 'CLK~clkctrl'
                Info: 3: + IC(0.666 ns) + CELL(0.618 ns) = 2.481 ns; Loc. = LCFF_X33_Y20_N19; Fanout = 3; REG Node = 'shift_reg[0]'
                Info: Total cell delay = 1.472 ns ( 59.33 % )
                Info: Total interconnect delay = 1.009 ns ( 40.67 % )
        Info: + Micro clock to output delay of source is 0.094 ns
        Info: + Micro setup delay of destination is 0.090 ns
Info: tco from clock "CLK" to destination pin "LED[6]" through register "shift_reg[6]" is 6.989 ns
    Info: + Longest clock path from clock "CLK" to source register is 2.481 ns
        Info: 1: + IC(0.000 ns) + CELL(0.854 ns) = 0.854 ns; Loc. = PIN_N20; Fanout = 1; CLK Node = 'CLK'
        Info: 2: + IC(0.343 ns) + CELL(0.000 ns) = 1.197 ns; Loc. = CLKCTRL_G3; Fanout = 9; COMB Node = 'CLK~clkctrl'
        Info: 3: + IC(0.666 ns) + CELL(0.618 ns) = 2.481 ns; Loc. = LCFF_X33_Y20_N27; Fanout = 4; REG Node = 'shift_reg[6]'
        Info: Total cell delay = 1.472 ns ( 59.33 % )
        Info: Total interconnect delay = 1.009 ns ( 40.67 % )
    Info: + Micro clock to output delay of source is 0.094 ns
    Info: + Longest register to pin delay is 4.414 ns
        Info: 1: + IC(0.000 ns) + CELL(0.000 ns) = 0.000 ns; Loc. = LCFF_X33_Y20_N27; Fanout = 4; REG Node = 'shift_reg[6]'
        Info: 2: + IC(2.280 ns) + CELL(2.134 ns) = 4.414 ns; Loc. = PIN_H20; Fanout = 0; PIN Node = 'LED[6]'
        Info: Total cell delay = 2.134 ns ( 48.35 % )
        Info: Total interconnect delay = 2.280 ns ( 51.65 % )
Info: Quartus II Classic Timing Analyzer was successful. 0 errors, 1 warning
    Info: Peak virtual memory: 182 megabytes
    Info: Processing ended: Tue Nov 26 11:29:50 2019
    Info: Elapsed time: 00:00:01
    Info: Total CPU time (on all processors): 00:00:00


