Classic Timing Analyzer report for T_Bird
Sat Jan 18 16:14:25 2020
Quartus II Version 9.1 Build 350 03/24/2010 Service Pack 2 SJ Web Edition


---------------------
; Table of Contents ;
---------------------
  1. Legal Notice
  2. Timing Analyzer Summary
  3. Timing Analyzer Settings
  4. Clock Settings Summary
  5. Parallel Compilation
  6. Clock Setup: 'Clk'
  7. tsu
  8. tco
  9. th
 10. Timing Analyzer Messages



----------------
; Legal Notice ;
----------------
Copyright (C) 1991-2010 Altera Corporation
Your use of Altera Corporation's design tools, logic functions 
and other software and tools, and its AMPP partner logic 
functions, and any output files from any of the foregoing 
(including device programming or simulation files), and any 
associated documentation or information are expressly subject 
to the terms and conditions of the Altera Program License 
Subscription Agreement, Altera MegaCore Function License 
Agreement, or other applicable license agreement, including, 
without limitation, that your use is for the sole purpose of 
programming logic devices manufactured by Altera and sold by 
Altera or its authorized distributors.  Please refer to the 
applicable agreement for further details.



+----------------------------------------------------------------------------------------------------------------------------------------------------------------+
; Timing Analyzer Summary                                                                                                                                        ;
+------------------------------+-------+---------------+----------------------------------+---------------+---------------+------------+----------+--------------+
; Type                         ; Slack ; Required Time ; Actual Time                      ; From          ; To            ; From Clock ; To Clock ; Failed Paths ;
+------------------------------+-------+---------------+----------------------------------+---------------+---------------+------------+----------+--------------+
; Worst-case tsu               ; N/A   ; None          ; 2.388 ns                         ; LeftT         ; addr[2]       ; --         ; Clk      ; 0            ;
; Worst-case tco               ; N/A   ; None          ; 10.603 ns                        ; Light[5]~reg0 ; Light[5]      ; Clk        ; --       ; 0            ;
; Worst-case th                ; N/A   ; None          ; 4.130 ns                         ; RightT        ; Light[0]~reg0 ; --         ; Clk      ; 0            ;
; Clock Setup: 'Clk'           ; N/A   ; None          ; 321.85 MHz ( period = 3.107 ns ) ; count[1]      ; count[22]     ; Clk        ; Clk      ; 0            ;
; Total number of failed paths ;       ;               ;                                  ;               ;               ;            ;          ; 0            ;
+------------------------------+-------+---------------+----------------------------------+---------------+---------------+------------+----------+--------------+


+-----------------------------------------------------------------------------------------------------------------------------------------------------+
; Timing Analyzer Settings                                                                                                                            ;
+------------------------------------------------------------------------------------------------------+--------------------+------+----+-------------+
; Option                                                                                               ; Setting            ; From ; To ; Entity Name ;
+------------------------------------------------------------------------------------------------------+--------------------+------+----+-------------+
; Device Name                                                                                          ; EP2C35F672C6       ;      ;    ;             ;
; Timing Models                                                                                        ; Final              ;      ;    ;             ;
; Default hold multicycle                                                                              ; Same as Multicycle ;      ;    ;             ;
; Cut paths between unrelated clock domains                                                            ; On                 ;      ;    ;             ;
; Cut off read during write signal paths                                                               ; On                 ;      ;    ;             ;
; Cut off feedback from I/O pins                                                                       ; On                 ;      ;    ;             ;
; Report Combined Fast/Slow Timing                                                                     ; Off                ;      ;    ;             ;
; Ignore Clock Settings                                                                                ; Off                ;      ;    ;             ;
; Analyze latches as synchronous elements                                                              ; On                 ;      ;    ;             ;
; Enable Recovery/Removal analysis                                                                     ; Off                ;      ;    ;             ;
; Enable Clock Latency                                                                                 ; Off                ;      ;    ;             ;
; Use TimeQuest Timing Analyzer                                                                        ; Off                ;      ;    ;             ;
; Minimum Core Junction Temperature                                                                    ; 0                  ;      ;    ;             ;
; Maximum Core Junction Temperature                                                                    ; 85                 ;      ;    ;             ;
; Number of source nodes to report per destination node                                                ; 10                 ;      ;    ;             ;
; Number of destination nodes to report                                                                ; 10                 ;      ;    ;             ;
; Number of paths to report                                                                            ; 200                ;      ;    ;             ;
; Report Minimum Timing Checks                                                                         ; Off                ;      ;    ;             ;
; Use Fast Timing Models                                                                               ; Off                ;      ;    ;             ;
; Report IO Paths Separately                                                                           ; Off                ;      ;    ;             ;
; Perform Multicorner Analysis                                                                         ; On                 ;      ;    ;             ;
; Reports the worst-case path for each clock domain and analysis                                       ; Off                ;      ;    ;             ;
; Reports worst-case timing paths for each clock domain and analysis                                   ; On                 ;      ;    ;             ;
; Specifies the maximum number of worst-case timing paths to report for each clock domain and analysis ; 100                ;      ;    ;             ;
; Removes common clock path pessimism (CCPP) during slack computation                                  ; Off                ;      ;    ;             ;
; Output I/O Timing Endpoint                                                                           ; Near End           ;      ;    ;             ;
+------------------------------------------------------------------------------------------------------+--------------------+------+----+-------------+


+------------------------------------------------------------------------------------------------------------------------------------------------------------------------------------+
; Clock Settings Summary                                                                                                                                                             ;
+-----------------+--------------------+----------+------------------+---------------+--------------+----------+-----------------------+---------------------+--------+--------------+
; Clock Node Name ; Clock Setting Name ; Type     ; Fmax Requirement ; Early Latency ; Late Latency ; Based on ; Multiply Base Fmax by ; Divide Base Fmax by ; Offset ; Phase offset ;
+-----------------+--------------------+----------+------------------+---------------+--------------+----------+-----------------------+---------------------+--------+--------------+
; Clk             ;                    ; User Pin ; None             ; 0.000 ns      ; 0.000 ns     ; --       ; N/A                   ; N/A                 ; N/A    ;              ;
+-----------------+--------------------+----------+------------------+---------------+--------------+----------+-----------------------+---------------------+--------+--------------+


Parallel compilation was disabled, but you have multiple processors available. Enable parallel compilation to reduce compilation time.
+-------------------------------------+
; Parallel Compilation                ;
+----------------------------+--------+
; Processors                 ; Number ;
+----------------------------+--------+
; Number detected on machine ; 2      ;
; Maximum allowed            ; 1      ;
+----------------------------+--------+


+---------------------------------------------------------------------------------------------------------------------------------------------------------------------------------------------------------------------------------------+
; Clock Setup: 'Clk'                                                                                                                                                                                                                    ;
+-----------------------------------------+-----------------------------------------------------+-----------+---------------+------------+----------+-----------------------------+---------------------------+-------------------------+
; Slack                                   ; Actual fmax (period)                                ; From      ; To            ; From Clock ; To Clock ; Required Setup Relationship ; Required Longest P2P Time ; Actual Longest P2P Time ;
+-----------------------------------------+-----------------------------------------------------+-----------+---------------+------------+----------+-----------------------------+---------------------------+-------------------------+
; N/A                                     ; 321.85 MHz ( period = 3.107 ns )                    ; count[1]  ; count[22]     ; Clk        ; Clk      ; None                        ; None                      ; 2.901 ns                ;
; N/A                                     ; 326.05 MHz ( period = 3.067 ns )                    ; count[0]  ; count[22]     ; Clk        ; Clk      ; None                        ; None                      ; 2.861 ns                ;
; N/A                                     ; 329.38 MHz ( period = 3.036 ns )                    ; count[2]  ; count[22]     ; Clk        ; Clk      ; None                        ; None                      ; 2.830 ns                ;
; N/A                                     ; 329.38 MHz ( period = 3.036 ns )                    ; count[1]  ; count[21]     ; Clk        ; Clk      ; None                        ; None                      ; 2.830 ns                ;
; N/A                                     ; 330.58 MHz ( period = 3.025 ns )                    ; count[1]  ; count[23]     ; Clk        ; Clk      ; None                        ; None                      ; 2.972 ns                ;
; N/A                                     ; 333.78 MHz ( period = 2.996 ns )                    ; count[0]  ; count[21]     ; Clk        ; Clk      ; None                        ; None                      ; 2.790 ns                ;
; N/A                                     ; 335.01 MHz ( period = 2.985 ns )                    ; count[0]  ; count[23]     ; Clk        ; Clk      ; None                        ; None                      ; 2.932 ns                ;
; N/A                                     ; 337.27 MHz ( period = 2.965 ns )                    ; count[2]  ; count[21]     ; Clk        ; Clk      ; None                        ; None                      ; 2.759 ns                ;
; N/A                                     ; 337.27 MHz ( period = 2.965 ns )                    ; count[1]  ; count[20]     ; Clk        ; Clk      ; None                        ; None                      ; 2.759 ns                ;
; N/A                                     ; 338.52 MHz ( period = 2.954 ns )                    ; count[2]  ; count[23]     ; Clk        ; Clk      ; None                        ; None                      ; 2.901 ns                ;
; N/A                                     ; 341.76 MHz ( period = 2.926 ns )                    ; count[3]  ; count[22]     ; Clk        ; Clk      ; None                        ; None                      ; 2.720 ns                ;
; N/A                                     ; 341.88 MHz ( period = 2.925 ns )                    ; count[0]  ; count[20]     ; Clk        ; Clk      ; None                        ; None                      ; 2.719 ns                ;
; N/A                                     ; 345.54 MHz ( period = 2.894 ns )                    ; count[2]  ; count[20]     ; Clk        ; Clk      ; None                        ; None                      ; 2.688 ns                ;
; N/A                                     ; 350.26 MHz ( period = 2.855 ns )                    ; count[3]  ; count[21]     ; Clk        ; Clk      ; None                        ; None                      ; 2.649 ns                ;
; N/A                                     ; 351.62 MHz ( period = 2.844 ns )                    ; count[3]  ; count[23]     ; Clk        ; Clk      ; None                        ; None                      ; 2.791 ns                ;
; N/A                                     ; 356.00 MHz ( period = 2.809 ns )                    ; count[4]  ; count[22]     ; Clk        ; Clk      ; None                        ; None                      ; 2.603 ns                ;
; N/A                                     ; 356.38 MHz ( period = 2.806 ns )                    ; count[1]  ; count[19]     ; Clk        ; Clk      ; None                        ; None                      ; 2.600 ns                ;
; N/A                                     ; 359.20 MHz ( period = 2.784 ns )                    ; count[3]  ; count[20]     ; Clk        ; Clk      ; None                        ; None                      ; 2.578 ns                ;
; N/A                                     ; 361.53 MHz ( period = 2.766 ns )                    ; count[0]  ; count[19]     ; Clk        ; Clk      ; None                        ; None                      ; 2.560 ns                ;
; N/A                                     ; 365.23 MHz ( period = 2.738 ns )                    ; count[4]  ; count[21]     ; Clk        ; Clk      ; None                        ; None                      ; 2.532 ns                ;
; N/A                                     ; 365.63 MHz ( period = 2.735 ns )                    ; count[2]  ; count[19]     ; Clk        ; Clk      ; None                        ; None                      ; 2.529 ns                ;
; N/A                                     ; 365.63 MHz ( period = 2.735 ns )                    ; count[1]  ; count[18]     ; Clk        ; Clk      ; None                        ; None                      ; 2.529 ns                ;
; N/A                                     ; 366.70 MHz ( period = 2.727 ns )                    ; count[4]  ; count[23]     ; Clk        ; Clk      ; None                        ; None                      ; 2.674 ns                ;
; N/A                                     ; 370.64 MHz ( period = 2.698 ns )                    ; count[5]  ; count[22]     ; Clk        ; Clk      ; None                        ; None                      ; 2.492 ns                ;
; N/A                                     ; 371.06 MHz ( period = 2.695 ns )                    ; count[0]  ; count[18]     ; Clk        ; Clk      ; None                        ; None                      ; 2.489 ns                ;
; N/A                                     ; 374.95 MHz ( period = 2.667 ns )                    ; count[6]  ; count[22]     ; Clk        ; Clk      ; None                        ; None                      ; 2.461 ns                ;
; N/A                                     ; 374.95 MHz ( period = 2.667 ns )                    ; count[4]  ; count[20]     ; Clk        ; Clk      ; None                        ; None                      ; 2.461 ns                ;
; N/A                                     ; 375.38 MHz ( period = 2.664 ns )                    ; count[2]  ; count[18]     ; Clk        ; Clk      ; None                        ; None                      ; 2.458 ns                ;
; N/A                                     ; 375.38 MHz ( period = 2.664 ns )                    ; count[1]  ; count[17]     ; Clk        ; Clk      ; None                        ; None                      ; 2.458 ns                ;
; N/A                                     ; 380.66 MHz ( period = 2.627 ns )                    ; count[5]  ; count[21]     ; Clk        ; Clk      ; None                        ; None                      ; 2.421 ns                ;
; N/A                                     ; 380.95 MHz ( period = 2.625 ns )                    ; count[3]  ; count[19]     ; Clk        ; Clk      ; None                        ; None                      ; 2.419 ns                ;
; N/A                                     ; 381.10 MHz ( period = 2.624 ns )                    ; count[0]  ; count[17]     ; Clk        ; Clk      ; None                        ; None                      ; 2.418 ns                ;
; N/A                                     ; 382.26 MHz ( period = 2.616 ns )                    ; count[5]  ; count[23]     ; Clk        ; Clk      ; None                        ; None                      ; 2.563 ns                ;
; N/A                                     ; 385.21 MHz ( period = 2.596 ns )                    ; count[6]  ; count[21]     ; Clk        ; Clk      ; None                        ; None                      ; 2.390 ns                ;
; N/A                                     ; 385.65 MHz ( period = 2.593 ns )                    ; count[2]  ; count[17]     ; Clk        ; Clk      ; None                        ; None                      ; 2.387 ns                ;
; N/A                                     ; 385.65 MHz ( period = 2.593 ns )                    ; count[1]  ; count[16]     ; Clk        ; Clk      ; None                        ; None                      ; 2.387 ns                ;
; N/A                                     ; 386.85 MHz ( period = 2.585 ns )                    ; count[6]  ; count[23]     ; Clk        ; Clk      ; None                        ; None                      ; 2.532 ns                ;
; N/A                                     ; 391.08 MHz ( period = 2.557 ns )                    ; count[7]  ; count[22]     ; Clk        ; Clk      ; None                        ; None                      ; 2.351 ns                ;
; N/A                                     ; 391.24 MHz ( period = 2.556 ns )                    ; count[5]  ; count[20]     ; Clk        ; Clk      ; None                        ; None                      ; 2.350 ns                ;
; N/A                                     ; 391.54 MHz ( period = 2.554 ns )                    ; count[3]  ; count[18]     ; Clk        ; Clk      ; None                        ; None                      ; 2.348 ns                ;
; N/A                                     ; 391.70 MHz ( period = 2.553 ns )                    ; count[0]  ; count[16]     ; Clk        ; Clk      ; None                        ; None                      ; 2.347 ns                ;
; N/A                                     ; 396.04 MHz ( period = 2.525 ns )                    ; count[8]  ; count[22]     ; Clk        ; Clk      ; None                        ; None                      ; 2.319 ns                ;
; N/A                                     ; 396.04 MHz ( period = 2.525 ns )                    ; count[6]  ; count[20]     ; Clk        ; Clk      ; None                        ; None                      ; 2.319 ns                ;
; N/A                                     ; 396.51 MHz ( period = 2.522 ns )                    ; count[2]  ; count[16]     ; Clk        ; Clk      ; None                        ; None                      ; 2.316 ns                ;
; N/A                                     ; 396.51 MHz ( period = 2.522 ns )                    ; count[1]  ; count[15]     ; Clk        ; Clk      ; None                        ; None                      ; 2.316 ns                ;
; N/A                                     ; 398.72 MHz ( period = 2.508 ns )                    ; count[4]  ; count[19]     ; Clk        ; Clk      ; None                        ; None                      ; 2.302 ns                ;
; N/A                                     ; 402.25 MHz ( period = 2.486 ns )                    ; count[7]  ; count[21]     ; Clk        ; Clk      ; None                        ; None                      ; 2.280 ns                ;
; N/A                                     ; 402.74 MHz ( period = 2.483 ns )                    ; count[3]  ; count[17]     ; Clk        ; Clk      ; None                        ; None                      ; 2.277 ns                ;
; N/A                                     ; 402.90 MHz ( period = 2.482 ns )                    ; count[0]  ; count[15]     ; Clk        ; Clk      ; None                        ; None                      ; 2.276 ns                ;
; N/A                                     ; 404.04 MHz ( period = 2.475 ns )                    ; count[7]  ; count[23]     ; Clk        ; Clk      ; None                        ; None                      ; 2.422 ns                ;
; N/A                                     ; 407.50 MHz ( period = 2.454 ns )                    ; count[8]  ; count[21]     ; Clk        ; Clk      ; None                        ; None                      ; 2.248 ns                ;
; N/A                                     ; 408.00 MHz ( period = 2.451 ns )                    ; count[2]  ; count[15]     ; Clk        ; Clk      ; None                        ; None                      ; 2.245 ns                ;
; N/A                                     ; 408.00 MHz ( period = 2.451 ns )                    ; count[1]  ; count[14]     ; Clk        ; Clk      ; None                        ; None                      ; 2.245 ns                ;
; N/A                                     ; 409.33 MHz ( period = 2.443 ns )                    ; count[8]  ; count[23]     ; Clk        ; Clk      ; None                        ; None                      ; 2.390 ns                ;
; N/A                                     ; 410.34 MHz ( period = 2.437 ns )                    ; count[4]  ; count[18]     ; Clk        ; Clk      ; None                        ; None                      ; 2.231 ns                ;
; N/A                                     ; 413.39 MHz ( period = 2.419 ns )                    ; count[9]  ; count[22]     ; Clk        ; Clk      ; None                        ; None                      ; 2.213 ns                ;
; N/A                                     ; 414.08 MHz ( period = 2.415 ns )                    ; count[7]  ; count[20]     ; Clk        ; Clk      ; None                        ; None                      ; 2.209 ns                ;
; N/A                                     ; 414.59 MHz ( period = 2.412 ns )                    ; count[3]  ; count[16]     ; Clk        ; Clk      ; None                        ; None                      ; 2.206 ns                ;
; N/A                                     ; 414.77 MHz ( period = 2.411 ns )                    ; count[0]  ; count[14]     ; Clk        ; Clk      ; None                        ; None                      ; 2.205 ns                ;
; N/A                                     ; 417.19 MHz ( period = 2.397 ns )                    ; count[5]  ; count[19]     ; Clk        ; Clk      ; None                        ; None                      ; 2.191 ns                ;
; N/A                                     ; 419.64 MHz ( period = 2.383 ns )                    ; count[8]  ; count[20]     ; Clk        ; Clk      ; None                        ; None                      ; 2.177 ns                ;
; N/A                                     ; 420.17 MHz ( period = 2.380 ns )                    ; count[2]  ; count[14]     ; Clk        ; Clk      ; None                        ; None                      ; 2.174 ns                ;
; N/A                                     ; 420.17 MHz ( period = 2.380 ns )                    ; count[1]  ; count[13]     ; Clk        ; Clk      ; None                        ; None                      ; 2.174 ns                ;
; N/A                                     ; Restricted to 420.17 MHz ( period = 2.380 ns )      ; count[6]  ; count[19]     ; Clk        ; Clk      ; None                        ; None                      ; 2.160 ns                ;
; N/A                                     ; Restricted to 420.17 MHz ( period = 2.380 ns )      ; count[4]  ; count[17]     ; Clk        ; Clk      ; None                        ; None                      ; 2.160 ns                ;
; N/A                                     ; Restricted to 420.17 MHz ( period = 2.380 ns )      ; count[10] ; count[22]     ; Clk        ; Clk      ; None                        ; None                      ; 2.142 ns                ;
; N/A                                     ; Restricted to 420.17 MHz ( period = 2.380 ns )      ; count[9]  ; count[21]     ; Clk        ; Clk      ; None                        ; None                      ; 2.142 ns                ;
; N/A                                     ; Restricted to 420.17 MHz ( period = 2.380 ns )      ; count[3]  ; count[15]     ; Clk        ; Clk      ; None                        ; None                      ; 2.135 ns                ;
; N/A                                     ; Restricted to 420.17 MHz ( period = 2.380 ns )      ; count[0]  ; count[13]     ; Clk        ; Clk      ; None                        ; None                      ; 2.134 ns                ;
; N/A                                     ; Restricted to 420.17 MHz ( period = 2.380 ns )      ; count[9]  ; count[23]     ; Clk        ; Clk      ; None                        ; None                      ; 2.284 ns                ;
; N/A                                     ; Restricted to 420.17 MHz ( period = 2.380 ns )      ; count[5]  ; count[18]     ; Clk        ; Clk      ; None                        ; None                      ; 2.120 ns                ;
; N/A                                     ; Restricted to 420.17 MHz ( period = 2.380 ns )      ; count[2]  ; count[13]     ; Clk        ; Clk      ; None                        ; None                      ; 2.103 ns                ;
; N/A                                     ; Restricted to 420.17 MHz ( period = 2.380 ns )      ; count[1]  ; count[12]     ; Clk        ; Clk      ; None                        ; None                      ; 2.103 ns                ;
; N/A                                     ; Restricted to 420.17 MHz ( period = 2.380 ns )      ; count[6]  ; count[18]     ; Clk        ; Clk      ; None                        ; None                      ; 2.089 ns                ;
; N/A                                     ; Restricted to 420.17 MHz ( period = 2.380 ns )      ; count[4]  ; count[16]     ; Clk        ; Clk      ; None                        ; None                      ; 2.089 ns                ;
; N/A                                     ; Restricted to 420.17 MHz ( period = 2.380 ns )      ; count[11] ; count[22]     ; Clk        ; Clk      ; None                        ; None                      ; 2.088 ns                ;
; N/A                                     ; Restricted to 420.17 MHz ( period = 2.380 ns )      ; count[10] ; count[21]     ; Clk        ; Clk      ; None                        ; None                      ; 2.071 ns                ;
; N/A                                     ; Restricted to 420.17 MHz ( period = 2.380 ns )      ; count[9]  ; count[20]     ; Clk        ; Clk      ; None                        ; None                      ; 2.071 ns                ;
; N/A                                     ; Restricted to 420.17 MHz ( period = 2.380 ns )      ; count[3]  ; count[14]     ; Clk        ; Clk      ; None                        ; None                      ; 2.064 ns                ;
; N/A                                     ; Restricted to 420.17 MHz ( period = 2.380 ns )      ; count[0]  ; count[12]     ; Clk        ; Clk      ; None                        ; None                      ; 2.063 ns                ;
; N/A                                     ; Restricted to 420.17 MHz ( period = 2.380 ns )      ; count[10] ; count[23]     ; Clk        ; Clk      ; None                        ; None                      ; 2.213 ns                ;
; N/A                                     ; Restricted to 420.17 MHz ( period = 2.380 ns )      ; addr[2]   ; addr[2]       ; Clk        ; Clk      ; None                        ; None                      ; 2.047 ns                ;
; N/A                                     ; Restricted to 420.17 MHz ( period = 2.380 ns )      ; count[7]  ; count[19]     ; Clk        ; Clk      ; None                        ; None                      ; 2.050 ns                ;
; N/A                                     ; Restricted to 420.17 MHz ( period = 2.380 ns )      ; count[5]  ; count[17]     ; Clk        ; Clk      ; None                        ; None                      ; 2.049 ns                ;
; N/A                                     ; Restricted to 420.17 MHz ( period = 2.380 ns )      ; count[2]  ; count[12]     ; Clk        ; Clk      ; None                        ; None                      ; 2.032 ns                ;
; N/A                                     ; Restricted to 420.17 MHz ( period = 2.380 ns )      ; count[8]  ; count[19]     ; Clk        ; Clk      ; None                        ; None                      ; 2.018 ns                ;
; N/A                                     ; Restricted to 420.17 MHz ( period = 2.380 ns )      ; count[6]  ; count[17]     ; Clk        ; Clk      ; None                        ; None                      ; 2.018 ns                ;
; N/A                                     ; Restricted to 420.17 MHz ( period = 2.380 ns )      ; count[4]  ; count[15]     ; Clk        ; Clk      ; None                        ; None                      ; 2.018 ns                ;
; N/A                                     ; Restricted to 420.17 MHz ( period = 2.380 ns )      ; count[11] ; count[21]     ; Clk        ; Clk      ; None                        ; None                      ; 2.017 ns                ;
; N/A                                     ; Restricted to 420.17 MHz ( period = 2.380 ns )      ; count[11] ; count[23]     ; Clk        ; Clk      ; None                        ; None                      ; 2.159 ns                ;
; N/A                                     ; Restricted to 420.17 MHz ( period = 2.380 ns )      ; count[10] ; count[20]     ; Clk        ; Clk      ; None                        ; None                      ; 2.000 ns                ;
; N/A                                     ; Restricted to 420.17 MHz ( period = 2.380 ns )      ; count[3]  ; count[13]     ; Clk        ; Clk      ; None                        ; None                      ; 1.993 ns                ;
; N/A                                     ; Restricted to 420.17 MHz ( period = 2.380 ns )      ; count[7]  ; count[18]     ; Clk        ; Clk      ; None                        ; None                      ; 1.979 ns                ;
; N/A                                     ; Restricted to 420.17 MHz ( period = 2.380 ns )      ; count[5]  ; count[16]     ; Clk        ; Clk      ; None                        ; None                      ; 1.978 ns                ;
; N/A                                     ; Restricted to 420.17 MHz ( period = 2.380 ns )      ; count[1]  ; count[11]     ; Clk        ; Clk      ; None                        ; None                      ; 1.957 ns                ;
; N/A                                     ; Restricted to 420.17 MHz ( period = 2.380 ns )      ; count[8]  ; count[18]     ; Clk        ; Clk      ; None                        ; None                      ; 1.947 ns                ;
; N/A                                     ; Restricted to 420.17 MHz ( period = 2.380 ns )      ; count[6]  ; count[16]     ; Clk        ; Clk      ; None                        ; None                      ; 1.947 ns                ;
; N/A                                     ; Restricted to 420.17 MHz ( period = 2.380 ns )      ; count[4]  ; count[14]     ; Clk        ; Clk      ; None                        ; None                      ; 1.947 ns                ;
; N/A                                     ; Restricted to 420.17 MHz ( period = 2.380 ns )      ; count[11] ; count[20]     ; Clk        ; Clk      ; None                        ; None                      ; 1.946 ns                ;
; N/A                                     ; Restricted to 420.17 MHz ( period = 2.380 ns )      ; count[0]  ; count[11]     ; Clk        ; Clk      ; None                        ; None                      ; 1.917 ns                ;
; N/A                                     ; Restricted to 420.17 MHz ( period = 2.380 ns )      ; count[12] ; count[22]     ; Clk        ; Clk      ; None                        ; None                      ; 1.914 ns                ;
; N/A                                     ; Restricted to 420.17 MHz ( period = 2.380 ns )      ; count[3]  ; count[12]     ; Clk        ; Clk      ; None                        ; None                      ; 1.922 ns                ;
; N/A                                     ; Restricted to 420.17 MHz ( period = 2.380 ns )      ; count[9]  ; count[19]     ; Clk        ; Clk      ; None                        ; None                      ; 1.912 ns                ;
; N/A                                     ; Restricted to 420.17 MHz ( period = 2.380 ns )      ; count[7]  ; count[17]     ; Clk        ; Clk      ; None                        ; None                      ; 1.908 ns                ;
; N/A                                     ; Restricted to 420.17 MHz ( period = 2.380 ns )      ; count[5]  ; count[15]     ; Clk        ; Clk      ; None                        ; None                      ; 1.907 ns                ;
; N/A                                     ; Restricted to 420.17 MHz ( period = 2.380 ns )      ; count[2]  ; count[11]     ; Clk        ; Clk      ; None                        ; None                      ; 1.886 ns                ;
; N/A                                     ; Restricted to 420.17 MHz ( period = 2.380 ns )      ; count[1]  ; count[10]     ; Clk        ; Clk      ; None                        ; None                      ; 1.886 ns                ;
; N/A                                     ; Restricted to 420.17 MHz ( period = 2.380 ns )      ; count[8]  ; count[17]     ; Clk        ; Clk      ; None                        ; None                      ; 1.876 ns                ;
; N/A                                     ; Restricted to 420.17 MHz ( period = 2.380 ns )      ; count[6]  ; count[15]     ; Clk        ; Clk      ; None                        ; None                      ; 1.876 ns                ;
; N/A                                     ; Restricted to 420.17 MHz ( period = 2.380 ns )      ; count[4]  ; count[13]     ; Clk        ; Clk      ; None                        ; None                      ; 1.876 ns                ;
; N/A                                     ; Restricted to 420.17 MHz ( period = 2.380 ns )      ; count[13] ; count[22]     ; Clk        ; Clk      ; None                        ; None                      ; 1.852 ns                ;
; N/A                                     ; Restricted to 420.17 MHz ( period = 2.380 ns )      ; count[0]  ; count[10]     ; Clk        ; Clk      ; None                        ; None                      ; 1.846 ns                ;
; N/A                                     ; Restricted to 420.17 MHz ( period = 2.380 ns )      ; count[12] ; count[21]     ; Clk        ; Clk      ; None                        ; None                      ; 1.843 ns                ;
; N/A                                     ; Restricted to 420.17 MHz ( period = 2.380 ns )      ; addr[2]   ; addr[0]       ; Clk        ; Clk      ; None                        ; None                      ; 1.839 ns                ;
; N/A                                     ; Restricted to 420.17 MHz ( period = 2.380 ns )      ; count[10] ; count[19]     ; Clk        ; Clk      ; None                        ; None                      ; 1.841 ns                ;
; N/A                                     ; Restricted to 420.17 MHz ( period = 2.380 ns )      ; count[9]  ; count[18]     ; Clk        ; Clk      ; None                        ; None                      ; 1.841 ns                ;
; N/A                                     ; Restricted to 420.17 MHz ( period = 2.380 ns )      ; count[12] ; count[23]     ; Clk        ; Clk      ; None                        ; None                      ; 1.985 ns                ;
; N/A                                     ; Restricted to 420.17 MHz ( period = 2.380 ns )      ; count[7]  ; count[16]     ; Clk        ; Clk      ; None                        ; None                      ; 1.837 ns                ;
; N/A                                     ; Restricted to 420.17 MHz ( period = 2.380 ns )      ; count[5]  ; count[14]     ; Clk        ; Clk      ; None                        ; None                      ; 1.836 ns                ;
; N/A                                     ; Restricted to 420.17 MHz ( period = 2.380 ns )      ; count[2]  ; count[10]     ; Clk        ; Clk      ; None                        ; None                      ; 1.815 ns                ;
; N/A                                     ; Restricted to 420.17 MHz ( period = 2.380 ns )      ; count[1]  ; count[9]      ; Clk        ; Clk      ; None                        ; None                      ; 1.815 ns                ;
; N/A                                     ; Restricted to 420.17 MHz ( period = 2.380 ns )      ; count[8]  ; count[16]     ; Clk        ; Clk      ; None                        ; None                      ; 1.805 ns                ;
; N/A                                     ; Restricted to 420.17 MHz ( period = 2.380 ns )      ; count[6]  ; count[14]     ; Clk        ; Clk      ; None                        ; None                      ; 1.805 ns                ;
; N/A                                     ; Restricted to 420.17 MHz ( period = 2.380 ns )      ; count[4]  ; count[12]     ; Clk        ; Clk      ; None                        ; None                      ; 1.805 ns                ;
; N/A                                     ; Restricted to 420.17 MHz ( period = 2.380 ns )      ; addr[2]   ; Light[2]~reg0 ; Clk        ; Clk      ; None                        ; None                      ; 1.786 ns                ;
; N/A                                     ; Restricted to 420.17 MHz ( period = 2.380 ns )      ; count[14] ; count[22]     ; Clk        ; Clk      ; None                        ; None                      ; 1.783 ns                ;
; N/A                                     ; Restricted to 420.17 MHz ( period = 2.380 ns )      ; count[13] ; count[21]     ; Clk        ; Clk      ; None                        ; None                      ; 1.781 ns                ;
; N/A                                     ; Restricted to 420.17 MHz ( period = 2.380 ns )      ; count[11] ; count[19]     ; Clk        ; Clk      ; None                        ; None                      ; 1.787 ns                ;
; N/A                                     ; Restricted to 420.17 MHz ( period = 2.380 ns )      ; count[3]  ; count[11]     ; Clk        ; Clk      ; None                        ; None                      ; 1.776 ns                ;
; N/A                                     ; Restricted to 420.17 MHz ( period = 2.380 ns )      ; count[0]  ; count[9]      ; Clk        ; Clk      ; None                        ; None                      ; 1.775 ns                ;
; N/A                                     ; Restricted to 420.17 MHz ( period = 2.380 ns )      ; addr[2]   ; addr[3]       ; Clk        ; Clk      ; None                        ; None                      ; 1.775 ns                ;
; N/A                                     ; Restricted to 420.17 MHz ( period = 2.380 ns )      ; count[12] ; count[20]     ; Clk        ; Clk      ; None                        ; None                      ; 1.772 ns                ;
; N/A                                     ; Restricted to 420.17 MHz ( period = 2.380 ns )      ; count[13] ; count[23]     ; Clk        ; Clk      ; None                        ; None                      ; 1.923 ns                ;
; N/A                                     ; Restricted to 420.17 MHz ( period = 2.380 ns )      ; count[10] ; count[18]     ; Clk        ; Clk      ; None                        ; None                      ; 1.770 ns                ;
; N/A                                     ; Restricted to 420.17 MHz ( period = 2.380 ns )      ; count[9]  ; count[17]     ; Clk        ; Clk      ; None                        ; None                      ; 1.770 ns                ;
; N/A                                     ; Restricted to 420.17 MHz ( period = 2.380 ns )      ; count[7]  ; count[15]     ; Clk        ; Clk      ; None                        ; None                      ; 1.766 ns                ;
; N/A                                     ; Restricted to 420.17 MHz ( period = 2.380 ns )      ; count[5]  ; count[13]     ; Clk        ; Clk      ; None                        ; None                      ; 1.765 ns                ;
; N/A                                     ; Restricted to 420.17 MHz ( period = 2.380 ns )      ; count[15] ; count[22]     ; Clk        ; Clk      ; None                        ; None                      ; 1.747 ns                ;
; N/A                                     ; Restricted to 420.17 MHz ( period = 2.380 ns )      ; count[2]  ; count[9]      ; Clk        ; Clk      ; None                        ; None                      ; 1.744 ns                ;
; N/A                                     ; Restricted to 420.17 MHz ( period = 2.380 ns )      ; count[1]  ; count[8]      ; Clk        ; Clk      ; None                        ; None                      ; 1.744 ns                ;
; N/A                                     ; Restricted to 420.17 MHz ( period = 2.380 ns )      ; addr[0]   ; addr[3]       ; Clk        ; Clk      ; None                        ; None                      ; 1.739 ns                ;
; N/A                                     ; Restricted to 420.17 MHz ( period = 2.380 ns )      ; addr[3]   ; Light[2]~reg0 ; Clk        ; Clk      ; None                        ; None                      ; 1.739 ns                ;
; N/A                                     ; Restricted to 420.17 MHz ( period = 2.380 ns )      ; count[8]  ; count[15]     ; Clk        ; Clk      ; None                        ; None                      ; 1.734 ns                ;
; N/A                                     ; Restricted to 420.17 MHz ( period = 2.380 ns )      ; count[6]  ; count[13]     ; Clk        ; Clk      ; None                        ; None                      ; 1.734 ns                ;
; N/A                                     ; Restricted to 420.17 MHz ( period = 2.380 ns )      ; count[14] ; count[21]     ; Clk        ; Clk      ; None                        ; None                      ; 1.712 ns                ;
; N/A                                     ; Restricted to 420.17 MHz ( period = 2.380 ns )      ; count[13] ; count[20]     ; Clk        ; Clk      ; None                        ; None                      ; 1.710 ns                ;
; N/A                                     ; Restricted to 420.17 MHz ( period = 2.380 ns )      ; count[11] ; count[18]     ; Clk        ; Clk      ; None                        ; None                      ; 1.716 ns                ;
; N/A                                     ; Restricted to 420.17 MHz ( period = 2.380 ns )      ; count[3]  ; count[10]     ; Clk        ; Clk      ; None                        ; None                      ; 1.705 ns                ;
; N/A                                     ; Restricted to 420.17 MHz ( period = 2.380 ns )      ; count[0]  ; count[8]      ; Clk        ; Clk      ; None                        ; None                      ; 1.704 ns                ;
; N/A                                     ; Restricted to 420.17 MHz ( period = 2.380 ns )      ; count[14] ; count[23]     ; Clk        ; Clk      ; None                        ; None                      ; 1.854 ns                ;
; N/A                                     ; Restricted to 420.17 MHz ( period = 2.380 ns )      ; count[10] ; count[17]     ; Clk        ; Clk      ; None                        ; None                      ; 1.699 ns                ;
; N/A                                     ; Restricted to 420.17 MHz ( period = 2.380 ns )      ; count[9]  ; count[16]     ; Clk        ; Clk      ; None                        ; None                      ; 1.699 ns                ;
; N/A                                     ; Restricted to 420.17 MHz ( period = 2.380 ns )      ; count[7]  ; count[14]     ; Clk        ; Clk      ; None                        ; None                      ; 1.695 ns                ;
; N/A                                     ; Restricted to 420.17 MHz ( period = 2.380 ns )      ; count[5]  ; count[12]     ; Clk        ; Clk      ; None                        ; None                      ; 1.694 ns                ;
; N/A                                     ; Restricted to 420.17 MHz ( period = 2.380 ns )      ; count[15] ; count[21]     ; Clk        ; Clk      ; None                        ; None                      ; 1.676 ns                ;
; N/A                                     ; Restricted to 420.17 MHz ( period = 2.380 ns )      ; count[2]  ; count[8]      ; Clk        ; Clk      ; None                        ; None                      ; 1.673 ns                ;
; N/A                                     ; Restricted to 420.17 MHz ( period = 2.380 ns )      ; count[1]  ; count[7]      ; Clk        ; Clk      ; None                        ; None                      ; 1.673 ns                ;
; N/A                                     ; Restricted to 420.17 MHz ( period = 2.380 ns )      ; count[15] ; count[23]     ; Clk        ; Clk      ; None                        ; None                      ; 1.818 ns                ;
; N/A                                     ; Restricted to 420.17 MHz ( period = 2.380 ns )      ; addr[3]   ; addr[2]       ; Clk        ; Clk      ; None                        ; None                      ; 1.661 ns                ;
; N/A                                     ; Restricted to 420.17 MHz ( period = 2.380 ns )      ; count[4]  ; count[11]     ; Clk        ; Clk      ; None                        ; None                      ; 1.659 ns                ;
; N/A                                     ; Restricted to 420.17 MHz ( period = 2.380 ns )      ; count[8]  ; count[14]     ; Clk        ; Clk      ; None                        ; None                      ; 1.663 ns                ;
; N/A                                     ; Restricted to 420.17 MHz ( period = 2.380 ns )      ; count[6]  ; count[12]     ; Clk        ; Clk      ; None                        ; None                      ; 1.663 ns                ;
; N/A                                     ; Restricted to 420.17 MHz ( period = 2.380 ns )      ; addr[2]   ; Light[1]~reg0 ; Clk        ; Clk      ; None                        ; None                      ; 1.644 ns                ;
; N/A                                     ; Restricted to 420.17 MHz ( period = 2.380 ns )      ; count[16] ; count[22]     ; Clk        ; Clk      ; None                        ; None                      ; 1.641 ns                ;
; N/A                                     ; Restricted to 420.17 MHz ( period = 2.380 ns )      ; count[14] ; count[20]     ; Clk        ; Clk      ; None                        ; None                      ; 1.641 ns                ;
; N/A                                     ; Restricted to 420.17 MHz ( period = 2.380 ns )      ; count[11] ; count[17]     ; Clk        ; Clk      ; None                        ; None                      ; 1.645 ns                ;
; N/A                                     ; Restricted to 420.17 MHz ( period = 2.380 ns )      ; addr[2]   ; Light[0]~reg0 ; Clk        ; Clk      ; None                        ; None                      ; 1.637 ns                ;
; N/A                                     ; Restricted to 420.17 MHz ( period = 2.380 ns )      ; count[3]  ; count[9]      ; Clk        ; Clk      ; None                        ; None                      ; 1.634 ns                ;
; N/A                                     ; Restricted to 420.17 MHz ( period = 2.380 ns )      ; count[0]  ; count[7]      ; Clk        ; Clk      ; None                        ; None                      ; 1.633 ns                ;
; N/A                                     ; Restricted to 420.17 MHz ( period = 2.380 ns )      ; addr[2]   ; Light[5]~reg0 ; Clk        ; Clk      ; None                        ; None                      ; 1.629 ns                ;
; N/A                                     ; Restricted to 420.17 MHz ( period = 2.380 ns )      ; addr[3]   ; Light[1]~reg0 ; Clk        ; Clk      ; None                        ; None                      ; 1.623 ns                ;
; N/A                                     ; Restricted to 420.17 MHz ( period = 2.380 ns )      ; count[10] ; count[16]     ; Clk        ; Clk      ; None                        ; None                      ; 1.628 ns                ;
; N/A                                     ; Restricted to 420.17 MHz ( period = 2.380 ns )      ; count[9]  ; count[15]     ; Clk        ; Clk      ; None                        ; None                      ; 1.628 ns                ;
; N/A                                     ; Restricted to 420.17 MHz ( period = 2.380 ns )      ; addr[2]   ; Light[4]~reg0 ; Clk        ; Clk      ; None                        ; None                      ; 1.621 ns                ;
; N/A                                     ; Restricted to 420.17 MHz ( period = 2.380 ns )      ; count[7]  ; count[13]     ; Clk        ; Clk      ; None                        ; None                      ; 1.624 ns                ;
; N/A                                     ; Restricted to 420.17 MHz ( period = 2.380 ns )      ; addr[3]   ; Light[5]~reg0 ; Clk        ; Clk      ; None                        ; None                      ; 1.617 ns                ;
; N/A                                     ; Restricted to 420.17 MHz ( period = 2.380 ns )      ; addr[3]   ; Light[0]~reg0 ; Clk        ; Clk      ; None                        ; None                      ; 1.616 ns                ;
; N/A                                     ; Restricted to 420.17 MHz ( period = 2.380 ns )      ; count[12] ; count[19]     ; Clk        ; Clk      ; None                        ; None                      ; 1.613 ns                ;
; N/A                                     ; Restricted to 420.17 MHz ( period = 2.380 ns )      ; addr[3]   ; Light[4]~reg0 ; Clk        ; Clk      ; None                        ; None                      ; 1.611 ns                ;
; N/A                                     ; Restricted to 420.17 MHz ( period = 2.380 ns )      ; count[17] ; count[22]     ; Clk        ; Clk      ; None                        ; None                      ; 1.606 ns                ;
; N/A                                     ; Restricted to 420.17 MHz ( period = 2.380 ns )      ; count[15] ; count[20]     ; Clk        ; Clk      ; None                        ; None                      ; 1.605 ns                ;
; N/A                                     ; Restricted to 420.17 MHz ( period = 2.380 ns )      ; count[2]  ; count[7]      ; Clk        ; Clk      ; None                        ; None                      ; 1.602 ns                ;
; N/A                                     ; Restricted to 420.17 MHz ( period = 2.380 ns )      ; count[1]  ; count[6]      ; Clk        ; Clk      ; None                        ; None                      ; 1.602 ns                ;
; N/A                                     ; Restricted to 420.17 MHz ( period = 2.380 ns )      ; addr[1]   ; addr[3]       ; Clk        ; Clk      ; None                        ; None                      ; 1.591 ns                ;
; N/A                                     ; Restricted to 420.17 MHz ( period = 2.380 ns )      ; count[4]  ; count[10]     ; Clk        ; Clk      ; None                        ; None                      ; 1.588 ns                ;
; N/A                                     ; Restricted to 420.17 MHz ( period = 2.380 ns )      ; count[8]  ; count[13]     ; Clk        ; Clk      ; None                        ; None                      ; 1.592 ns                ;
; N/A                                     ; Restricted to 420.17 MHz ( period = 2.380 ns )      ; addr[2]   ; Light[3]~reg0 ; Clk        ; Clk      ; None                        ; None                      ; 1.574 ns                ;
; N/A                                     ; Restricted to 420.17 MHz ( period = 2.380 ns )      ; count[16] ; count[21]     ; Clk        ; Clk      ; None                        ; None                      ; 1.570 ns                ;
; N/A                                     ; Restricted to 420.17 MHz ( period = 2.380 ns )      ; count[11] ; count[16]     ; Clk        ; Clk      ; None                        ; None                      ; 1.574 ns                ;
; N/A                                     ; Restricted to 420.17 MHz ( period = 2.380 ns )      ; count[3]  ; count[8]      ; Clk        ; Clk      ; None                        ; None                      ; 1.563 ns                ;
; N/A                                     ; Restricted to 420.17 MHz ( period = 2.380 ns )      ; count[0]  ; count[6]      ; Clk        ; Clk      ; None                        ; None                      ; 1.562 ns                ;
; N/A                                     ; Restricted to 420.17 MHz ( period = 2.380 ns )      ; count[16] ; count[23]     ; Clk        ; Clk      ; None                        ; None                      ; 1.712 ns                ;
; N/A                                     ; Restricted to 420.17 MHz ( period = 2.380 ns )      ; count[13] ; count[19]     ; Clk        ; Clk      ; None                        ; None                      ; 1.551 ns                ;
; N/A                                     ; Restricted to 420.17 MHz ( period = 2.380 ns )      ; count[10] ; count[15]     ; Clk        ; Clk      ; None                        ; None                      ; 1.557 ns                ;
; N/A                                     ; Restricted to 420.17 MHz ( period = 2.380 ns )      ; count[9]  ; count[14]     ; Clk        ; Clk      ; None                        ; None                      ; 1.557 ns                ;
; N/A                                     ; Restricted to 420.17 MHz ( period = 2.380 ns )      ; count[5]  ; count[11]     ; Clk        ; Clk      ; None                        ; None                      ; 1.548 ns                ;
; N/A                                     ; Restricted to 420.17 MHz ( period = 2.380 ns )      ; count[7]  ; count[12]     ; Clk        ; Clk      ; None                        ; None                      ; 1.553 ns                ;
; N/A                                     ; Restricted to 420.17 MHz ( period = 2.380 ns )      ; count[12] ; count[18]     ; Clk        ; Clk      ; None                        ; None                      ; 1.542 ns                ;
; N/A                                     ; Restricted to 420.17 MHz ( period = 2.380 ns )      ; count[18] ; count[22]     ; Clk        ; Clk      ; None                        ; None                      ; 1.535 ns                ;
; N/A                                     ; Restricted to 420.17 MHz ( period = 2.380 ns )      ; count[17] ; count[21]     ; Clk        ; Clk      ; None                        ; None                      ; 1.535 ns                ;
; Timing analysis restricted to 200 rows. ; To change the limit use Settings (Assignments menu) ;           ;               ;            ;          ;                             ;                           ;                         ;
+-----------------------------------------+-----------------------------------------------------+-----------+---------------+------------+----------+-----------------------------+---------------------------+-------------------------+


+-----------------------------------------------------------------------+
; tsu                                                                   ;
+-------+--------------+------------+--------+---------------+----------+
; Slack ; Required tsu ; Actual tsu ; From   ; To            ; To Clock ;
+-------+--------------+------------+--------+---------------+----------+
; N/A   ; None         ; 2.388 ns   ; LeftT  ; addr[2]       ; Clk      ;
; N/A   ; None         ; 2.170 ns   ; LeftT  ; addr[3]       ; Clk      ;
; N/A   ; None         ; 2.170 ns   ; LeftT  ; addr[0]       ; Clk      ;
; N/A   ; None         ; 2.170 ns   ; LeftT  ; addr[1]       ; Clk      ;
; N/A   ; None         ; 1.282 ns   ; Reset  ; addr[3]       ; Clk      ;
; N/A   ; None         ; 1.282 ns   ; Reset  ; addr[2]       ; Clk      ;
; N/A   ; None         ; 1.282 ns   ; Reset  ; addr[0]       ; Clk      ;
; N/A   ; None         ; 1.282 ns   ; Reset  ; addr[1]       ; Clk      ;
; N/A   ; None         ; 0.938 ns   ; LeftT  ; Light[2]~reg0 ; Clk      ;
; N/A   ; None         ; 0.917 ns   ; LeftT  ; Light[4]~reg0 ; Clk      ;
; N/A   ; None         ; 0.916 ns   ; LeftT  ; Light[5]~reg0 ; Clk      ;
; N/A   ; None         ; 0.915 ns   ; LeftT  ; Light[3]~reg0 ; Clk      ;
; N/A   ; None         ; 0.911 ns   ; LeftT  ; Light[1]~reg0 ; Clk      ;
; N/A   ; None         ; 0.907 ns   ; LeftT  ; Light[0]~reg0 ; Clk      ;
; N/A   ; None         ; 0.855 ns   ; Haz    ; addr[3]       ; Clk      ;
; N/A   ; None         ; 0.855 ns   ; Haz    ; addr[2]       ; Clk      ;
; N/A   ; None         ; 0.855 ns   ; Haz    ; addr[0]       ; Clk      ;
; N/A   ; None         ; 0.855 ns   ; Haz    ; addr[1]       ; Clk      ;
; N/A   ; None         ; -0.099 ns  ; Haz    ; Light[4]~reg0 ; Clk      ;
; N/A   ; None         ; -0.100 ns  ; Haz    ; Light[2]~reg0 ; Clk      ;
; N/A   ; None         ; -0.100 ns  ; Haz    ; Light[5]~reg0 ; Clk      ;
; N/A   ; None         ; -0.101 ns  ; Haz    ; Light[3]~reg0 ; Clk      ;
; N/A   ; None         ; -0.106 ns  ; Haz    ; Light[1]~reg0 ; Clk      ;
; N/A   ; None         ; -0.109 ns  ; Haz    ; Light[0]~reg0 ; Clk      ;
; N/A   ; None         ; -2.755 ns  ; RightT ; addr[2]       ; Clk      ;
; N/A   ; None         ; -2.862 ns  ; RightT ; addr[3]       ; Clk      ;
; N/A   ; None         ; -2.862 ns  ; RightT ; addr[0]       ; Clk      ;
; N/A   ; None         ; -2.862 ns  ; RightT ; addr[1]       ; Clk      ;
; N/A   ; None         ; -3.891 ns  ; RightT ; Light[4]~reg0 ; Clk      ;
; N/A   ; None         ; -3.891 ns  ; RightT ; Light[5]~reg0 ; Clk      ;
; N/A   ; None         ; -3.892 ns  ; RightT ; Light[2]~reg0 ; Clk      ;
; N/A   ; None         ; -3.892 ns  ; RightT ; Light[3]~reg0 ; Clk      ;
; N/A   ; None         ; -3.898 ns  ; RightT ; Light[1]~reg0 ; Clk      ;
; N/A   ; None         ; -3.900 ns  ; RightT ; Light[0]~reg0 ; Clk      ;
+-------+--------------+------------+--------+---------------+----------+


+---------------------------------------------------------------------------+
; tco                                                                       ;
+-------+--------------+------------+---------------+----------+------------+
; Slack ; Required tco ; Actual tco ; From          ; To       ; From Clock ;
+-------+--------------+------------+---------------+----------+------------+
; N/A   ; None         ; 10.603 ns  ; Light[5]~reg0 ; Light[5] ; Clk        ;
; N/A   ; None         ; 10.587 ns  ; Light[1]~reg0 ; Light[1] ; Clk        ;
; N/A   ; None         ; 10.586 ns  ; Light[0]~reg0 ; Light[0] ; Clk        ;
; N/A   ; None         ; 10.580 ns  ; Light[4]~reg0 ; Light[4] ; Clk        ;
; N/A   ; None         ; 10.580 ns  ; Light[2]~reg0 ; Light[2] ; Clk        ;
; N/A   ; None         ; 10.558 ns  ; Light[3]~reg0 ; Light[3] ; Clk        ;
+-------+--------------+------------+---------------+----------+------------+


+-----------------------------------------------------------------------------+
; th                                                                          ;
+---------------+-------------+-----------+--------+---------------+----------+
; Minimum Slack ; Required th ; Actual th ; From   ; To            ; To Clock ;
+---------------+-------------+-----------+--------+---------------+----------+
; N/A           ; None        ; 4.130 ns  ; RightT ; Light[0]~reg0 ; Clk      ;
; N/A           ; None        ; 4.128 ns  ; RightT ; Light[1]~reg0 ; Clk      ;
; N/A           ; None        ; 4.122 ns  ; RightT ; Light[2]~reg0 ; Clk      ;
; N/A           ; None        ; 4.122 ns  ; RightT ; Light[3]~reg0 ; Clk      ;
; N/A           ; None        ; 4.121 ns  ; RightT ; Light[4]~reg0 ; Clk      ;
; N/A           ; None        ; 4.121 ns  ; RightT ; Light[5]~reg0 ; Clk      ;
; N/A           ; None        ; 4.086 ns  ; RightT ; addr[3]       ; Clk      ;
; N/A           ; None        ; 4.084 ns  ; RightT ; addr[2]       ; Clk      ;
; N/A           ; None        ; 3.662 ns  ; RightT ; addr[0]       ; Clk      ;
; N/A           ; None        ; 3.662 ns  ; RightT ; addr[1]       ; Clk      ;
; N/A           ; None        ; 0.339 ns  ; Haz    ; Light[0]~reg0 ; Clk      ;
; N/A           ; None        ; 0.336 ns  ; Haz    ; Light[1]~reg0 ; Clk      ;
; N/A           ; None        ; 0.331 ns  ; Haz    ; Light[3]~reg0 ; Clk      ;
; N/A           ; None        ; 0.330 ns  ; Haz    ; Light[2]~reg0 ; Clk      ;
; N/A           ; None        ; 0.330 ns  ; Haz    ; Light[5]~reg0 ; Clk      ;
; N/A           ; None        ; 0.329 ns  ; Haz    ; Light[4]~reg0 ; Clk      ;
; N/A           ; None        ; -0.625 ns ; Haz    ; addr[3]       ; Clk      ;
; N/A           ; None        ; -0.625 ns ; Haz    ; addr[2]       ; Clk      ;
; N/A           ; None        ; -0.625 ns ; Haz    ; addr[0]       ; Clk      ;
; N/A           ; None        ; -0.625 ns ; Haz    ; addr[1]       ; Clk      ;
; N/A           ; None        ; -0.677 ns ; LeftT  ; Light[0]~reg0 ; Clk      ;
; N/A           ; None        ; -0.681 ns ; LeftT  ; Light[1]~reg0 ; Clk      ;
; N/A           ; None        ; -0.685 ns ; LeftT  ; Light[3]~reg0 ; Clk      ;
; N/A           ; None        ; -0.686 ns ; LeftT  ; Light[5]~reg0 ; Clk      ;
; N/A           ; None        ; -0.687 ns ; LeftT  ; Light[4]~reg0 ; Clk      ;
; N/A           ; None        ; -0.708 ns ; LeftT  ; Light[2]~reg0 ; Clk      ;
; N/A           ; None        ; -0.918 ns ; LeftT  ; addr[2]       ; Clk      ;
; N/A           ; None        ; -0.920 ns ; LeftT  ; addr[3]       ; Clk      ;
; N/A           ; None        ; -1.052 ns ; Reset  ; addr[3]       ; Clk      ;
; N/A           ; None        ; -1.052 ns ; Reset  ; addr[2]       ; Clk      ;
; N/A           ; None        ; -1.052 ns ; Reset  ; addr[0]       ; Clk      ;
; N/A           ; None        ; -1.052 ns ; Reset  ; addr[1]       ; Clk      ;
; N/A           ; None        ; -1.481 ns ; LeftT  ; addr[0]       ; Clk      ;
; N/A           ; None        ; -1.481 ns ; LeftT  ; addr[1]       ; Clk      ;
+---------------+-------------+-----------+--------+---------------+----------+


+--------------------------+
; Timing Analyzer Messages ;
+--------------------------+
Info: *******************************************************************
Info: Running Quartus II Classic Timing Analyzer
    Info: Version 9.1 Build 350 03/24/2010 Service Pack 2 SJ Web Edition
    Info: Processing started: Sat Jan 18 16:14:24 2020
Info: Command: quartus_tan --read_settings_files=off --write_settings_files=off T_Bird -c T_Bird --timing_analysis_only
Warning: Found pins functioning as undefined clocks and/or memory enables
    Info: Assuming node "Clk" is an undefined clock
Warning: Found 1 node(s) in clock paths which may be acting as ripple and/or gated clocks -- node(s) analyzed as buffer(s) resulting in clock skew
    Info: Detected ripple clock "count[23]" as buffer
Info: Clock "Clk" has Internal fmax of 321.85 MHz between source register "count[1]" and destination register "count[22]" (period= 3.107 ns)
    Info: + Longest register to register delay is 2.901 ns
        Info: 1: + IC(0.000 ns) + CELL(0.000 ns) = 0.000 ns; Loc. = LCFF_X10_Y26_N11; Fanout = 2; REG Node = 'count[1]'
        Info: 2: + IC(0.322 ns) + CELL(0.414 ns) = 0.736 ns; Loc. = LCCOMB_X10_Y26_N10; Fanout = 2; COMB Node = 'count[1]~24'
        Info: 3: + IC(0.000 ns) + CELL(0.071 ns) = 0.807 ns; Loc. = LCCOMB_X10_Y26_N12; Fanout = 2; COMB Node = 'count[2]~26'
        Info: 4: + IC(0.000 ns) + CELL(0.159 ns) = 0.966 ns; Loc. = LCCOMB_X10_Y26_N14; Fanout = 2; COMB Node = 'count[3]~28'
        Info: 5: + IC(0.000 ns) + CELL(0.071 ns) = 1.037 ns; Loc. = LCCOMB_X10_Y26_N16; Fanout = 2; COMB Node = 'count[4]~30'
        Info: 6: + IC(0.000 ns) + CELL(0.071 ns) = 1.108 ns; Loc. = LCCOMB_X10_Y26_N18; Fanout = 2; COMB Node = 'count[5]~32'
        Info: 7: + IC(0.000 ns) + CELL(0.071 ns) = 1.179 ns; Loc. = LCCOMB_X10_Y26_N20; Fanout = 2; COMB Node = 'count[6]~34'
        Info: 8: + IC(0.000 ns) + CELL(0.071 ns) = 1.250 ns; Loc. = LCCOMB_X10_Y26_N22; Fanout = 2; COMB Node = 'count[7]~36'
        Info: 9: + IC(0.000 ns) + CELL(0.071 ns) = 1.321 ns; Loc. = LCCOMB_X10_Y26_N24; Fanout = 2; COMB Node = 'count[8]~38'
        Info: 10: + IC(0.000 ns) + CELL(0.071 ns) = 1.392 ns; Loc. = LCCOMB_X10_Y26_N26; Fanout = 2; COMB Node = 'count[9]~40'
        Info: 11: + IC(0.000 ns) + CELL(0.071 ns) = 1.463 ns; Loc. = LCCOMB_X10_Y26_N28; Fanout = 2; COMB Node = 'count[10]~42'
        Info: 12: + IC(0.000 ns) + CELL(0.146 ns) = 1.609 ns; Loc. = LCCOMB_X10_Y26_N30; Fanout = 2; COMB Node = 'count[11]~44'
        Info: 13: + IC(0.000 ns) + CELL(0.071 ns) = 1.680 ns; Loc. = LCCOMB_X10_Y25_N0; Fanout = 2; COMB Node = 'count[12]~46'
        Info: 14: + IC(0.000 ns) + CELL(0.071 ns) = 1.751 ns; Loc. = LCCOMB_X10_Y25_N2; Fanout = 2; COMB Node = 'count[13]~48'
        Info: 15: + IC(0.000 ns) + CELL(0.071 ns) = 1.822 ns; Loc. = LCCOMB_X10_Y25_N4; Fanout = 2; COMB Node = 'count[14]~50'
        Info: 16: + IC(0.000 ns) + CELL(0.071 ns) = 1.893 ns; Loc. = LCCOMB_X10_Y25_N6; Fanout = 2; COMB Node = 'count[15]~52'
        Info: 17: + IC(0.000 ns) + CELL(0.071 ns) = 1.964 ns; Loc. = LCCOMB_X10_Y25_N8; Fanout = 2; COMB Node = 'count[16]~54'
        Info: 18: + IC(0.000 ns) + CELL(0.071 ns) = 2.035 ns; Loc. = LCCOMB_X10_Y25_N10; Fanout = 2; COMB Node = 'count[17]~56'
        Info: 19: + IC(0.000 ns) + CELL(0.071 ns) = 2.106 ns; Loc. = LCCOMB_X10_Y25_N12; Fanout = 2; COMB Node = 'count[18]~58'
        Info: 20: + IC(0.000 ns) + CELL(0.159 ns) = 2.265 ns; Loc. = LCCOMB_X10_Y25_N14; Fanout = 2; COMB Node = 'count[19]~60'
        Info: 21: + IC(0.000 ns) + CELL(0.071 ns) = 2.336 ns; Loc. = LCCOMB_X10_Y25_N16; Fanout = 2; COMB Node = 'count[20]~62'
        Info: 22: + IC(0.000 ns) + CELL(0.071 ns) = 2.407 ns; Loc. = LCCOMB_X10_Y25_N18; Fanout = 2; COMB Node = 'count[21]~64'
        Info: 23: + IC(0.000 ns) + CELL(0.410 ns) = 2.817 ns; Loc. = LCCOMB_X10_Y25_N20; Fanout = 1; COMB Node = 'count[22]~65'
        Info: 24: + IC(0.000 ns) + CELL(0.084 ns) = 2.901 ns; Loc. = LCFF_X10_Y25_N21; Fanout = 2; REG Node = 'count[22]'
        Info: Total cell delay = 2.579 ns ( 88.90 % )
        Info: Total interconnect delay = 0.322 ns ( 11.10 % )
    Info: - Smallest clock skew is 0.008 ns
        Info: + Shortest clock path from clock "Clk" to destination register is 2.669 ns
            Info: 1: + IC(0.000 ns) + CELL(0.999 ns) = 0.999 ns; Loc. = PIN_N2; Fanout = 2; CLK Node = 'Clk'
            Info: 2: + IC(0.118 ns) + CELL(0.000 ns) = 1.117 ns; Loc. = CLKCTRL_G2; Fanout = 23; COMB Node = 'Clk~clkctrl'
            Info: 3: + IC(1.015 ns) + CELL(0.537 ns) = 2.669 ns; Loc. = LCFF_X10_Y25_N21; Fanout = 2; REG Node = 'count[22]'
            Info: Total cell delay = 1.536 ns ( 57.55 % )
            Info: Total interconnect delay = 1.133 ns ( 42.45 % )
        Info: - Longest clock path from clock "Clk" to source register is 2.661 ns
            Info: 1: + IC(0.000 ns) + CELL(0.999 ns) = 0.999 ns; Loc. = PIN_N2; Fanout = 2; CLK Node = 'Clk'
            Info: 2: + IC(0.118 ns) + CELL(0.000 ns) = 1.117 ns; Loc. = CLKCTRL_G2; Fanout = 23; COMB Node = 'Clk~clkctrl'
            Info: 3: + IC(1.007 ns) + CELL(0.537 ns) = 2.661 ns; Loc. = LCFF_X10_Y26_N11; Fanout = 2; REG Node = 'count[1]'
            Info: Total cell delay = 1.536 ns ( 57.72 % )
            Info: Total interconnect delay = 1.125 ns ( 42.28 % )
    Info: + Micro clock to output delay of source is 0.250 ns
    Info: + Micro setup delay of destination is -0.036 ns
Info: tsu for register "addr[2]" (data pin = "LeftT", clock pin = "Clk") is 2.388 ns
    Info: + Longest pin to register delay is 9.267 ns
        Info: 1: + IC(0.000 ns) + CELL(0.852 ns) = 0.852 ns; Loc. = PIN_V2; Fanout = 11; PIN Node = 'LeftT'
        Info: 2: + IC(6.814 ns) + CELL(0.420 ns) = 8.086 ns; Loc. = LCCOMB_X62_Y3_N28; Fanout = 3; COMB Node = 'addr[3]~1'
        Info: 3: + IC(0.443 ns) + CELL(0.245 ns) = 8.774 ns; Loc. = LCCOMB_X62_Y3_N26; Fanout = 1; COMB Node = 'addr[3]~5'
        Info: 4: + IC(0.259 ns) + CELL(0.150 ns) = 9.183 ns; Loc. = LCCOMB_X62_Y3_N12; Fanout = 1; COMB Node = 'addr~6'
        Info: 5: + IC(0.000 ns) + CELL(0.084 ns) = 9.267 ns; Loc. = LCFF_X62_Y3_N13; Fanout = 10; REG Node = 'addr[2]'
        Info: Total cell delay = 1.751 ns ( 18.90 % )
        Info: Total interconnect delay = 7.516 ns ( 81.10 % )
    Info: + Micro setup delay of destination is -0.036 ns
    Info: - Shortest clock path from clock "Clk" to destination register is 6.843 ns
        Info: 1: + IC(0.000 ns) + CELL(0.999 ns) = 0.999 ns; Loc. = PIN_N2; Fanout = 2; CLK Node = 'Clk'
        Info: 2: + IC(1.286 ns) + CELL(0.787 ns) = 3.072 ns; Loc. = LCFF_X10_Y25_N23; Fanout = 2; REG Node = 'count[23]'
        Info: 3: + IC(2.199 ns) + CELL(0.000 ns) = 5.271 ns; Loc. = CLKCTRL_G9; Fanout = 10; COMB Node = 'count[23]~clkctrl'
        Info: 4: + IC(1.035 ns) + CELL(0.537 ns) = 6.843 ns; Loc. = LCFF_X62_Y3_N13; Fanout = 10; REG Node = 'addr[2]'
        Info: Total cell delay = 2.323 ns ( 33.95 % )
        Info: Total interconnect delay = 4.520 ns ( 66.05 % )
Info: tco from clock "Clk" to destination pin "Light[5]" through register "Light[5]~reg0" is 10.603 ns
    Info: + Longest clock path from clock "Clk" to source register is 6.844 ns
        Info: 1: + IC(0.000 ns) + CELL(0.999 ns) = 0.999 ns; Loc. = PIN_N2; Fanout = 2; CLK Node = 'Clk'
        Info: 2: + IC(1.286 ns) + CELL(0.787 ns) = 3.072 ns; Loc. = LCFF_X10_Y25_N23; Fanout = 2; REG Node = 'count[23]'
        Info: 3: + IC(2.199 ns) + CELL(0.000 ns) = 5.271 ns; Loc. = CLKCTRL_G9; Fanout = 10; COMB Node = 'count[23]~clkctrl'
        Info: 4: + IC(1.036 ns) + CELL(0.537 ns) = 6.844 ns; Loc. = LCFF_X63_Y3_N19; Fanout = 1; REG Node = 'Light[5]~reg0'
        Info: Total cell delay = 2.323 ns ( 33.94 % )
        Info: Total interconnect delay = 4.521 ns ( 66.06 % )
    Info: + Micro clock to output delay of source is 0.250 ns
    Info: + Longest register to pin delay is 3.509 ns
        Info: 1: + IC(0.000 ns) + CELL(0.000 ns) = 0.000 ns; Loc. = LCFF_X63_Y3_N19; Fanout = 1; REG Node = 'Light[5]~reg0'
        Info: 2: + IC(0.701 ns) + CELL(2.808 ns) = 3.509 ns; Loc. = PIN_AD23; Fanout = 0; PIN Node = 'Light[5]'
        Info: Total cell delay = 2.808 ns ( 80.02 % )
        Info: Total interconnect delay = 0.701 ns ( 19.98 % )
Info: th for register "Light[0]~reg0" (data pin = "RightT", clock pin = "Clk") is 4.130 ns
    Info: + Longest clock path from clock "Clk" to destination register is 6.844 ns
        Info: 1: + IC(0.000 ns) + CELL(0.999 ns) = 0.999 ns; Loc. = PIN_N2; Fanout = 2; CLK Node = 'Clk'
        Info: 2: + IC(1.286 ns) + CELL(0.787 ns) = 3.072 ns; Loc. = LCFF_X10_Y25_N23; Fanout = 2; REG Node = 'count[23]'
        Info: 3: + IC(2.199 ns) + CELL(0.000 ns) = 5.271 ns; Loc. = CLKCTRL_G9; Fanout = 10; COMB Node = 'count[23]~clkctrl'
        Info: 4: + IC(1.036 ns) + CELL(0.537 ns) = 6.844 ns; Loc. = LCFF_X63_Y3_N1; Fanout = 1; REG Node = 'Light[0]~reg0'
        Info: Total cell delay = 2.323 ns ( 33.94 % )
        Info: Total interconnect delay = 4.521 ns ( 66.06 % )
    Info: + Micro hold delay of destination is 0.266 ns
    Info: - Shortest pin to register delay is 2.980 ns
        Info: 1: + IC(0.000 ns) + CELL(0.999 ns) = 0.999 ns; Loc. = PIN_N25; Fanout = 11; PIN Node = 'RightT'
        Info: 2: + IC(1.478 ns) + CELL(0.419 ns) = 2.896 ns; Loc. = LCCOMB_X63_Y3_N0; Fanout = 1; COMB Node = 'Light~10'
        Info: 3: + IC(0.000 ns) + CELL(0.084 ns) = 2.980 ns; Loc. = LCFF_X63_Y3_N1; Fanout = 1; REG Node = 'Light[0]~reg0'
        Info: Total cell delay = 1.502 ns ( 50.40 % )
        Info: Total interconnect delay = 1.478 ns ( 49.60 % )
Info: Quartus II Classic Timing Analyzer was successful. 0 errors, 2 warnings
    Info: Peak virtual memory: 130 megabytes
    Info: Processing ended: Sat Jan 18 16:14:25 2020
    Info: Elapsed time: 00:00:01
    Info: Total CPU time (on all processors): 00:00:00


