Classic Timing Analyzer report for part2
Wed Jan 01 21:02:10 2020
Quartus II Version 9.1 Build 350 03/24/2010 Service Pack 2 SJ Web Edition


---------------------
; Table of Contents ;
---------------------
  1. Legal Notice
  2. Timing Analyzer Summary
  3. Timing Analyzer Settings
  4. Parallel Compilation
  5. tpd
  6. Timing Analyzer Messages



----------------
; Legal Notice ;
----------------
Copyright (C) 1991-2010 Altera Corporation
Your use of Altera Corporation's design tools, logic functions 
and other software and tools, and its AMPP partner logic 
functions, and any output files from any of the foregoing 
(including device programming or simulation files), and any 
associated documentation or information are expressly subject 
to the terms and conditions of the Altera Program License 
Subscription Agreement, Altera MegaCore Function License 
Agreement, or other applicable license agreement, including, 
without limitation, that your use is for the sole purpose of 
programming logic devices manufactured by Altera and sold by 
Altera or its authorized distributors.  Please refer to the 
applicable agreement for further details.



+-------------------------------------------------------------------------------------------------------------------------------+
; Timing Analyzer Summary                                                                                                       ;
+------------------------------+-------+---------------+-------------+---------+---------+------------+----------+--------------+
; Type                         ; Slack ; Required Time ; Actual Time ; From    ; To      ; From Clock ; To Clock ; Failed Paths ;
+------------------------------+-------+---------------+-------------+---------+---------+------------+----------+--------------+
; Worst-case tpd               ; N/A   ; None          ; 11.328 ns   ; addr[1] ; data[1] ; --         ; --       ; 0            ;
; Total number of failed paths ;       ;               ;             ;         ;         ;            ;          ; 0            ;
+------------------------------+-------+---------------+-------------+---------+---------+------------+----------+--------------+


+-----------------------------------------------------------------------------------------------------------------------------------------------------+
; Timing Analyzer Settings                                                                                                                            ;
+------------------------------------------------------------------------------------------------------+--------------------+------+----+-------------+
; Option                                                                                               ; Setting            ; From ; To ; Entity Name ;
+------------------------------------------------------------------------------------------------------+--------------------+------+----+-------------+
; Device Name                                                                                          ; EP2C35F672C6       ;      ;    ;             ;
; Timing Models                                                                                        ; Final              ;      ;    ;             ;
; Default hold multicycle                                                                              ; Same as Multicycle ;      ;    ;             ;
; Cut paths between unrelated clock domains                                                            ; On                 ;      ;    ;             ;
; Cut off read during write signal paths                                                               ; On                 ;      ;    ;             ;
; Cut off feedback from I/O pins                                                                       ; On                 ;      ;    ;             ;
; Report Combined Fast/Slow Timing                                                                     ; Off                ;      ;    ;             ;
; Ignore Clock Settings                                                                                ; Off                ;      ;    ;             ;
; Analyze latches as synchronous elements                                                              ; On                 ;      ;    ;             ;
; Enable Recovery/Removal analysis                                                                     ; Off                ;      ;    ;             ;
; Enable Clock Latency                                                                                 ; Off                ;      ;    ;             ;
; Use TimeQuest Timing Analyzer                                                                        ; Off                ;      ;    ;             ;
; Minimum Core Junction Temperature                                                                    ; 0                  ;      ;    ;             ;
; Maximum Core Junction Temperature                                                                    ; 85                 ;      ;    ;             ;
; Number of source nodes to report per destination node                                                ; 10                 ;      ;    ;             ;
; Number of destination nodes to report                                                                ; 10                 ;      ;    ;             ;
; Number of paths to report                                                                            ; 200                ;      ;    ;             ;
; Report Minimum Timing Checks                                                                         ; Off                ;      ;    ;             ;
; Use Fast Timing Models                                                                               ; Off                ;      ;    ;             ;
; Report IO Paths Separately                                                                           ; Off                ;      ;    ;             ;
; Perform Multicorner Analysis                                                                         ; On                 ;      ;    ;             ;
; Reports the worst-case path for each clock domain and analysis                                       ; Off                ;      ;    ;             ;
; Reports worst-case timing paths for each clock domain and analysis                                   ; On                 ;      ;    ;             ;
; Specifies the maximum number of worst-case timing paths to report for each clock domain and analysis ; 100                ;      ;    ;             ;
; Removes common clock path pessimism (CCPP) during slack computation                                  ; Off                ;      ;    ;             ;
; Output I/O Timing Endpoint                                                                           ; Near End           ;      ;    ;             ;
+------------------------------------------------------------------------------------------------------+--------------------+------+----+-------------+


Parallel compilation was disabled, but you have multiple processors available. Enable parallel compilation to reduce compilation time.
+-------------------------------------+
; Parallel Compilation                ;
+----------------------------+--------+
; Processors                 ; Number ;
+----------------------------+--------+
; Number detected on machine ; 2      ;
; Maximum allowed            ; 1      ;
+----------------------------+--------+


+-----------------------------------------------------------------+
; tpd                                                             ;
+-------+-------------------+-----------------+---------+---------+
; Slack ; Required P2P Time ; Actual P2P Time ; From    ; To      ;
+-------+-------------------+-----------------+---------+---------+
; N/A   ; None              ; 11.328 ns       ; addr[1] ; data[1] ;
; N/A   ; None              ; 11.185 ns       ; addr[1] ; data[0] ;
; N/A   ; None              ; 11.170 ns       ; addr[1] ; data[5] ;
; N/A   ; None              ; 11.142 ns       ; addr[1] ; data[2] ;
; N/A   ; None              ; 11.001 ns       ; addr[1] ; data[3] ;
; N/A   ; None              ; 10.978 ns       ; addr[1] ; data[6] ;
; N/A   ; None              ; 10.975 ns       ; addr[1] ; data[4] ;
; N/A   ; None              ; 10.588 ns       ; addr[2] ; data[1] ;
; N/A   ; None              ; 10.584 ns       ; addr[3] ; data[1] ;
; N/A   ; None              ; 10.453 ns       ; addr[2] ; data[0] ;
; N/A   ; None              ; 10.443 ns       ; addr[3] ; data[0] ;
; N/A   ; None              ; 10.427 ns       ; addr[3] ; data[5] ;
; N/A   ; None              ; 10.423 ns       ; addr[2] ; data[5] ;
; N/A   ; None              ; 10.399 ns       ; addr[3] ; data[2] ;
; N/A   ; None              ; 10.394 ns       ; addr[2] ; data[2] ;
; N/A   ; None              ; 10.267 ns       ; addr[2] ; data[3] ;
; N/A   ; None              ; 10.253 ns       ; addr[3] ; data[3] ;
; N/A   ; None              ; 10.240 ns       ; addr[2] ; data[6] ;
; N/A   ; None              ; 10.233 ns       ; addr[3] ; data[6] ;
; N/A   ; None              ; 10.228 ns       ; addr[2] ; data[4] ;
; N/A   ; None              ; 10.227 ns       ; addr[3] ; data[4] ;
; N/A   ; None              ; 8.844 ns        ; OE      ; data[2] ;
; N/A   ; None              ; 8.839 ns        ; OE      ; data[5] ;
; N/A   ; None              ; 8.839 ns        ; OE      ; data[3] ;
; N/A   ; None              ; 8.829 ns        ; OE      ; data[6] ;
; N/A   ; None              ; 8.829 ns        ; OE      ; data[4] ;
; N/A   ; None              ; 8.824 ns        ; OE      ; data[1] ;
; N/A   ; None              ; 8.824 ns        ; OE      ; data[0] ;
; N/A   ; None              ; 6.843 ns        ; addr[0] ; data[1] ;
; N/A   ; None              ; 6.765 ns        ; LT      ; data[0] ;
; N/A   ; None              ; 6.708 ns        ; addr[0] ; data[0] ;
; N/A   ; None              ; 6.680 ns        ; addr[0] ; data[5] ;
; N/A   ; None              ; 6.648 ns        ; addr[0] ; data[2] ;
; N/A   ; None              ; 6.603 ns        ; LT      ; data[1] ;
; N/A   ; None              ; 6.582 ns        ; LT      ; data[3] ;
; N/A   ; None              ; 6.559 ns        ; LT      ; data[6] ;
; N/A   ; None              ; 6.556 ns        ; LT      ; data[4] ;
; N/A   ; None              ; 6.522 ns        ; addr[0] ; data[3] ;
; N/A   ; None              ; 6.495 ns        ; addr[0] ; data[6] ;
; N/A   ; None              ; 6.482 ns        ; addr[0] ; data[4] ;
; N/A   ; None              ; 6.411 ns        ; LT      ; data[5] ;
; N/A   ; None              ; 6.386 ns        ; LT      ; data[2] ;
+-------+-------------------+-----------------+---------+---------+


+--------------------------+
; Timing Analyzer Messages ;
+--------------------------+
Info: *******************************************************************
Info: Running Quartus II Classic Timing Analyzer
    Info: Version 9.1 Build 350 03/24/2010 Service Pack 2 SJ Web Edition
    Info: Processing started: Wed Jan 01 21:02:10 2020
Info: Command: quartus_tan --read_settings_files=off --write_settings_files=off part2 -c part2 --timing_analysis_only
Info: Longest tpd from source pin "addr[1]" to destination pin "data[1]" is 11.328 ns
    Info: 1: + IC(0.000 ns) + CELL(0.870 ns) = 0.870 ns; Loc. = PIN_AE5; Fanout = 7; PIN Node = 'addr[1]'
    Info: 2: + IC(5.925 ns) + CELL(0.275 ns) = 7.070 ns; Loc. = LCCOMB_X4_Y35_N28; Fanout = 1; COMB Node = 'Mux5~0'
    Info: 3: + IC(0.245 ns) + CELL(0.419 ns) = 7.734 ns; Loc. = LCCOMB_X4_Y35_N6; Fanout = 1; COMB Node = 'Mux5~1'
    Info: 4: + IC(0.786 ns) + CELL(2.808 ns) = 11.328 ns; Loc. = PIN_C6; Fanout = 0; PIN Node = 'data[1]'
    Info: Total cell delay = 4.372 ns ( 38.59 % )
    Info: Total interconnect delay = 6.956 ns ( 61.41 % )
Info: Quartus II Classic Timing Analyzer was successful. 0 errors, 0 warnings
    Info: Peak virtual memory: 175 megabytes
    Info: Processing ended: Wed Jan 01 21:02:11 2020
    Info: Elapsed time: 00:00:01
    Info: Total CPU time (on all processors): 00:00:01


