Analysis & Synthesis report for SignalVsVariable
Sun Feb 09 23:55:19 2020
Quartus II Version 9.1 Build 350 03/24/2010 Service Pack 2 SJ Web Edition


---------------------
; Table of Contents ;
---------------------
  1. Legal Notice
  2. Analysis & Synthesis Summary
  3. Analysis & Synthesis Settings
  4. Parallel Compilation
  5. Analysis & Synthesis Source Files Read
  6. Analysis & Synthesis Resource Usage Summary
  7. Analysis & Synthesis Resource Utilization by Entity
  8. Registers Removed During Synthesis
  9. Removed Registers Triggering Further Register Optimizations
 10. General Register Statistics
 11. Inverted Register Statistics
 12. Analysis & Synthesis Messages



----------------
; Legal Notice ;
----------------
Copyright (C) 1991-2010 Altera Corporation
Your use of Altera Corporation's design tools, logic functions 
and other software and tools, and its AMPP partner logic 
functions, and any output files from any of the foregoing 
(including device programming or simulation files), and any 
associated documentation or information are expressly subject 
to the terms and conditions of the Altera Program License 
Subscription Agreement, Altera MegaCore Function License 
Agreement, or other applicable license agreement, including, 
without limitation, that your use is for the sole purpose of 
programming logic devices manufactured by Altera and sold by 
Altera or its authorized distributors.  Please refer to the 
applicable agreement for further details.



+-----------------------------------------------------------------------------------+
; Analysis & Synthesis Summary                                                      ;
+------------------------------------+----------------------------------------------+
; Analysis & Synthesis Status        ; Successful - Sun Feb 09 23:55:19 2020        ;
; Quartus II Version                 ; 9.1 Build 350 03/24/2010 SP 2 SJ Web Edition ;
; Revision Name                      ; SignalVsVariable                             ;
; Top-level Entity Name              ; SignalVsVariable                             ;
; Family                             ; Cyclone II                                   ;
; Total logic elements               ; 35                                           ;
;     Total combinational functions  ; 29                                           ;
;     Dedicated logic registers      ; 24                                           ;
; Total registers                    ; 24                                           ;
; Total pins                         ; 10                                           ;
; Total virtual pins                 ; 0                                            ;
; Total memory bits                  ; 0                                            ;
; Embedded Multiplier 9-bit elements ; 0                                            ;
; Total PLLs                         ; 0                                            ;
+------------------------------------+----------------------------------------------+


+----------------------------------------------------------------------------------------------------------------------+
; Analysis & Synthesis Settings                                                                                        ;
+----------------------------------------------------------------------------+--------------------+--------------------+
; Option                                                                     ; Setting            ; Default Value      ;
+----------------------------------------------------------------------------+--------------------+--------------------+
; Device                                                                     ; EP2C35F672C6       ;                    ;
; Top-level entity name                                                      ; SignalVsVariable   ; SignalVsVariable   ;
; Family name                                                                ; Cyclone II         ; Stratix II         ;
; Use Generated Physical Constraints File                                    ; Off                ;                    ;
; Use smart compilation                                                      ; Off                ; Off                ;
; Enable parallel Assembler and TimeQuest Timing Analyzer during compilation ; On                 ; On                 ;
; Enable compact report table                                                ; Off                ; Off                ;
; Restructure Multiplexers                                                   ; Auto               ; Auto               ;
; Create Debugging Nodes for IP Cores                                        ; Off                ; Off                ;
; Preserve fewer node names                                                  ; On                 ; On                 ;
; Disable OpenCore Plus hardware evaluation                                  ; Off                ; Off                ;
; Verilog Version                                                            ; Verilog_2001       ; Verilog_2001       ;
; VHDL Version                                                               ; VHDL_1993          ; VHDL_1993          ;
; State Machine Processing                                                   ; Auto               ; Auto               ;
; Safe State Machine                                                         ; Off                ; Off                ;
; Extract Verilog State Machines                                             ; On                 ; On                 ;
; Extract VHDL State Machines                                                ; On                 ; On                 ;
; Ignore Verilog initial constructs                                          ; Off                ; Off                ;
; Iteration limit for constant Verilog loops                                 ; 5000               ; 5000               ;
; Iteration limit for non-constant Verilog loops                             ; 250                ; 250                ;
; Add Pass-Through Logic to Inferred RAMs                                    ; On                 ; On                 ;
; Parallel Synthesis                                                         ; On                 ; On                 ;
; DSP Block Balancing                                                        ; Auto               ; Auto               ;
; NOT Gate Push-Back                                                         ; On                 ; On                 ;
; Power-Up Don't Care                                                        ; On                 ; On                 ;
; Remove Redundant Logic Cells                                               ; Off                ; Off                ;
; Remove Duplicate Registers                                                 ; On                 ; On                 ;
; Ignore CARRY Buffers                                                       ; Off                ; Off                ;
; Ignore CASCADE Buffers                                                     ; Off                ; Off                ;
; Ignore GLOBAL Buffers                                                      ; Off                ; Off                ;
; Ignore ROW GLOBAL Buffers                                                  ; Off                ; Off                ;
; Ignore LCELL Buffers                                                       ; Off                ; Off                ;
; Ignore SOFT Buffers                                                        ; On                 ; On                 ;
; Limit AHDL Integers to 32 Bits                                             ; Off                ; Off                ;
; Optimization Technique                                                     ; Balanced           ; Balanced           ;
; Carry Chain Length                                                         ; 70                 ; 70                 ;
; Auto Carry Chains                                                          ; On                 ; On                 ;
; Auto Open-Drain Pins                                                       ; On                 ; On                 ;
; Perform WYSIWYG Primitive Resynthesis                                      ; Off                ; Off                ;
; Auto ROM Replacement                                                       ; On                 ; On                 ;
; Auto RAM Replacement                                                       ; On                 ; On                 ;
; Auto Shift Register Replacement                                            ; Auto               ; Auto               ;
; Auto Clock Enable Replacement                                              ; On                 ; On                 ;
; Strict RAM Replacement                                                     ; Off                ; Off                ;
; Allow Synchronous Control Signals                                          ; On                 ; On                 ;
; Force Use of Synchronous Clear Signals                                     ; Off                ; Off                ;
; Auto RAM to Logic Cell Conversion                                          ; Off                ; Off                ;
; Auto Resource Sharing                                                      ; Off                ; Off                ;
; Allow Any RAM Size For Recognition                                         ; Off                ; Off                ;
; Allow Any ROM Size For Recognition                                         ; Off                ; Off                ;
; Allow Any Shift Register Size For Recognition                              ; Off                ; Off                ;
; Use LogicLock Constraints during Resource Balancing                        ; On                 ; On                 ;
; Ignore translate_off and synthesis_off directives                          ; Off                ; Off                ;
; Timing-Driven Synthesis                                                    ; Off                ; Off                ;
; Show Parameter Settings Tables in Synthesis Report                         ; On                 ; On                 ;
; Ignore Maximum Fan-Out Assignments                                         ; Off                ; Off                ;
; Synchronization Register Chain Length                                      ; 2                  ; 2                  ;
; PowerPlay Power Optimization                                               ; Normal compilation ; Normal compilation ;
; HDL message level                                                          ; Level2             ; Level2             ;
; Suppress Register Optimization Related Messages                            ; Off                ; Off                ;
; Number of Removed Registers Reported in Synthesis Report                   ; 5000               ; 5000               ;
; Number of Inverted Registers Reported in Synthesis Report                  ; 100                ; 100                ;
; Clock MUX Protection                                                       ; On                 ; On                 ;
; Auto Gated Clock Conversion                                                ; Off                ; Off                ;
; Block Design Naming                                                        ; Auto               ; Auto               ;
; SDC constraint protection                                                  ; Off                ; Off                ;
; Synthesis Effort                                                           ; Auto               ; Auto               ;
; Shift Register Replacement - Allow Asynchronous Clear Signal               ; On                 ; On                 ;
; Analysis & Synthesis Message Level                                         ; Medium             ; Medium             ;
; Disable Register Merging Across Hierarchies                                ; Auto               ; Auto               ;
; Resource Aware Inference For Block RAM                                     ; On                 ; On                 ;
+----------------------------------------------------------------------------+--------------------+--------------------+


Parallel compilation was disabled, but you have multiple processors available. Enable parallel compilation to reduce compilation time.
+-------------------------------------+
; Parallel Compilation                ;
+----------------------------+--------+
; Processors                 ; Number ;
+----------------------------+--------+
; Number detected on machine ; 2      ;
; Maximum allowed            ; 1      ;
+----------------------------+--------+


+-----------------------------------------------------------------------------------------------------------------------------------------------------+
; Analysis & Synthesis Source Files Read                                                                                                              ;
+----------------------------------+-----------------+-----------------+------------------------------------------------------------------------------+
; File Name with User-Entered Path ; Used in Netlist ; File Type       ; File Name with Absolute Path                                                 ;
+----------------------------------+-----------------+-----------------+------------------------------------------------------------------------------+
; SignalVsVariable.vhd             ; yes             ; User VHDL File  ; C:/Users/user/Digital Quartus/M01/Lab5/SignalVsVariable/SignalVsVariable.vhd ;
+----------------------------------+-----------------+-----------------+------------------------------------------------------------------------------+


+-----------------------------------------------------+
; Analysis & Synthesis Resource Usage Summary         ;
+---------------------------------------------+-------+
; Resource                                    ; Usage ;
+---------------------------------------------+-------+
; Estimated Total logic elements              ; 35    ;
;                                             ;       ;
; Total combinational functions               ; 29    ;
; Logic element usage by number of LUT inputs ;       ;
;     -- 4 input functions                    ; 0     ;
;     -- 3 input functions                    ; 15    ;
;     -- <=2 input functions                  ; 14    ;
;                                             ;       ;
; Logic elements by mode                      ;       ;
;     -- normal mode                          ; 14    ;
;     -- arithmetic mode                      ; 15    ;
;                                             ;       ;
; Total registers                             ; 24    ;
;     -- Dedicated logic registers            ; 24    ;
;     -- I/O registers                        ; 0     ;
;                                             ;       ;
; I/O pins                                    ; 10    ;
; Maximum fan-out node                        ; clk   ;
; Maximum fan-out                             ; 24    ;
; Total fan-out                               ; 146   ;
; Average fan-out                             ; 2.32  ;
+---------------------------------------------+-------+


+-----------------------------------------------------------------------------------------------------------------------------------------------------------------------------+
; Analysis & Synthesis Resource Utilization by Entity                                                                                                                         ;
+----------------------------+-------------------+--------------+-------------+--------------+---------+-----------+------+--------------+---------------------+--------------+
; Compilation Hierarchy Node ; LC Combinationals ; LC Registers ; Memory Bits ; DSP Elements ; DSP 9x9 ; DSP 18x18 ; Pins ; Virtual Pins ; Full Hierarchy Name ; Library Name ;
+----------------------------+-------------------+--------------+-------------+--------------+---------+-----------+------+--------------+---------------------+--------------+
; |SignalVsVariable          ; 29 (29)           ; 24 (24)      ; 0           ; 0            ; 0       ; 0         ; 10   ; 0            ; |SignalVsVariable   ; work         ;
+----------------------------+-------------------+--------------+-------------+--------------+---------+-----------+------+--------------+---------------------+--------------+
Note: For table entries with two numbers listed, the numbers in parentheses indicate the number of resources of the given type used by the specific entity alone. The numbers listed outside of parentheses indicate the total resources of the given type used by the specific entity and all of its sub-entities in the hierarchy.


+-----------------------------------------------------------------+
; Registers Removed During Synthesis                              ;
+-----------------------------------------+-----------------------+
; Register name                           ; Reason for Removal    ;
+-----------------------------------------+-----------------------+
; var_3[31]                               ; Merged with var_2[31] ;
; var_3[30]                               ; Merged with var_2[30] ;
; var_3[29]                               ; Merged with var_2[29] ;
; var_3[28]                               ; Merged with var_2[28] ;
; var_3[27]                               ; Merged with var_2[27] ;
; var_3[26]                               ; Merged with var_2[26] ;
; var_3[25]                               ; Merged with var_2[25] ;
; var_3[24]                               ; Merged with var_2[24] ;
; var_3[23]                               ; Merged with var_2[23] ;
; var_3[22]                               ; Merged with var_2[22] ;
; var_3[21]                               ; Merged with var_2[21] ;
; var_3[20]                               ; Merged with var_2[20] ;
; var_3[19]                               ; Merged with var_2[19] ;
; var_3[18]                               ; Merged with var_2[18] ;
; var_3[17]                               ; Merged with var_2[17] ;
; var_3[16]                               ; Merged with var_2[16] ;
; var_3[15]                               ; Merged with var_2[15] ;
; var_3[14]                               ; Merged with var_2[14] ;
; var_3[13]                               ; Merged with var_2[13] ;
; var_3[12]                               ; Merged with var_2[12] ;
; var_3[11]                               ; Merged with var_2[11] ;
; var_3[10]                               ; Merged with var_2[10] ;
; var_3[9]                                ; Merged with var_2[9]  ;
; var_3[8]                                ; Merged with var_2[8]  ;
; var_3[7]                                ; Merged with var_2[7]  ;
; var_3[6]                                ; Merged with var_2[6]  ;
; var_3[5]                                ; Merged with var_2[5]  ;
; var_3[4]                                ; Merged with var_2[4]  ;
; var_3[3]                                ; Merged with var_2[3]  ;
; var_3[2]                                ; Merged with var_2[2]  ;
; var_3[1]                                ; Merged with var_2[1]  ;
; var_2[3..31]                            ; Lost fanout           ;
; sig_3[4..31]                            ; Lost fanout           ;
; sig_2[4..31]                            ; Lost fanout           ;
; sig_1[4..31]                            ; Lost fanout           ;
; Total Number of Removed Registers = 144 ;                       ;
+-----------------------------------------+-----------------------+


+-------------------------------------------------------------------------------------------------------------------------------------+
; Removed Registers Triggering Further Register Optimizations                                                                         ;
+---------------+--------------------+------------------------------------------------------------------------------------------------+
; Register name ; Reason for Removal ; Registers Removed due to This Register                                                         ;
+---------------+--------------------+------------------------------------------------------------------------------------------------+
; var_2[31]     ; Lost Fanouts       ; var_2[30], var_2[29], var_2[28], var_2[27], var_2[26], var_2[25], var_2[24], var_2[23],        ;
;               ;                    ; var_2[22], var_2[21], var_2[20], var_2[19], var_2[18], var_2[17], var_2[16], var_2[15],        ;
;               ;                    ; var_2[14], var_2[13], var_2[12], var_2[11], var_2[10], var_2[9], var_2[8], var_2[7], var_2[6], ;
;               ;                    ; var_2[5], var_2[4], var_2[3]                                                                   ;
; sig_3[31]     ; Lost Fanouts       ; sig_2[31], sig_1[31]                                                                           ;
; sig_3[30]     ; Lost Fanouts       ; sig_2[30], sig_1[30]                                                                           ;
; sig_3[29]     ; Lost Fanouts       ; sig_2[29], sig_1[29]                                                                           ;
; sig_3[28]     ; Lost Fanouts       ; sig_2[28], sig_1[28]                                                                           ;
; sig_3[27]     ; Lost Fanouts       ; sig_2[27], sig_1[27]                                                                           ;
; sig_3[26]     ; Lost Fanouts       ; sig_2[26], sig_1[26]                                                                           ;
; sig_3[25]     ; Lost Fanouts       ; sig_2[25], sig_1[25]                                                                           ;
; sig_3[24]     ; Lost Fanouts       ; sig_2[24], sig_1[24]                                                                           ;
; sig_3[23]     ; Lost Fanouts       ; sig_2[23], sig_1[23]                                                                           ;
; sig_3[22]     ; Lost Fanouts       ; sig_2[22], sig_1[22]                                                                           ;
; sig_3[21]     ; Lost Fanouts       ; sig_2[21], sig_1[21]                                                                           ;
; sig_3[20]     ; Lost Fanouts       ; sig_2[20], sig_1[20]                                                                           ;
; sig_3[19]     ; Lost Fanouts       ; sig_2[19], sig_1[19]                                                                           ;
; sig_3[18]     ; Lost Fanouts       ; sig_2[18], sig_1[18]                                                                           ;
; sig_3[17]     ; Lost Fanouts       ; sig_2[17], sig_1[17]                                                                           ;
; sig_3[16]     ; Lost Fanouts       ; sig_2[16], sig_1[16]                                                                           ;
; sig_3[15]     ; Lost Fanouts       ; sig_2[15], sig_1[15]                                                                           ;
; sig_3[14]     ; Lost Fanouts       ; sig_2[14], sig_1[14]                                                                           ;
; sig_3[13]     ; Lost Fanouts       ; sig_2[13], sig_1[13]                                                                           ;
; sig_3[12]     ; Lost Fanouts       ; sig_2[12], sig_1[12]                                                                           ;
; sig_3[11]     ; Lost Fanouts       ; sig_2[11], sig_1[11]                                                                           ;
; sig_3[10]     ; Lost Fanouts       ; sig_2[10], sig_1[10]                                                                           ;
; sig_3[9]      ; Lost Fanouts       ; sig_2[9], sig_1[9]                                                                             ;
; sig_3[8]      ; Lost Fanouts       ; sig_2[8], sig_1[8]                                                                             ;
; sig_3[7]      ; Lost Fanouts       ; sig_2[7], sig_1[7]                                                                             ;
; sig_3[6]      ; Lost Fanouts       ; sig_2[6], sig_1[6]                                                                             ;
; sig_3[5]      ; Lost Fanouts       ; sig_2[5], sig_1[5]                                                                             ;
; sig_3[4]      ; Lost Fanouts       ; sig_2[4], sig_1[4]                                                                             ;
+---------------+--------------------+------------------------------------------------------------------------------------------------+


+------------------------------------------------------+
; General Register Statistics                          ;
+----------------------------------------------+-------+
; Statistic                                    ; Value ;
+----------------------------------------------+-------+
; Total registers                              ; 24    ;
; Number of registers using Synchronous Clear  ; 0     ;
; Number of registers using Synchronous Load   ; 0     ;
; Number of registers using Asynchronous Clear ; 8     ;
; Number of registers using Asynchronous Load  ; 0     ;
; Number of registers using Clock Enable       ; 16    ;
; Number of registers using Preset             ; 0     ;
+----------------------------------------------+-------+


+--------------------------------------------------+
; Inverted Register Statistics                     ;
+----------------------------------------+---------+
; Inverted Register                      ; Fan out ;
+----------------------------------------+---------+
; var_3[0]                               ; 2       ;
; sig_1[0]                               ; 2       ;
; sig_3[0]                               ; 2       ;
; sig_3[1]                               ; 2       ;
; var_2[1]                               ; 4       ;
; sig_2[1]                               ; 3       ;
; Total number of inverted registers = 6 ;         ;
+----------------------------------------+---------+


+-------------------------------+
; Analysis & Synthesis Messages ;
+-------------------------------+
Info: *******************************************************************
Info: Running Quartus II Analysis & Synthesis
    Info: Version 9.1 Build 350 03/24/2010 Service Pack 2 SJ Web Edition
    Info: Processing started: Sun Feb 09 23:55:14 2020
Info: Command: quartus_map --read_settings_files=on --write_settings_files=off SignalVsVariable -c SignalVsVariable
Info: Found 2 design units, including 1 entities, in source file signalvsvariable.vhd
    Info: Found design unit 1: SignalVsVariable-arch
    Info: Found entity 1: SignalVsVariable
Info: Elaborating entity "SignalVsVariable" for the top level hierarchy
Warning (10492): VHDL Process Statement warning at SignalVsVariable.vhd(21): signal "reset" is read inside the Process Statement but isn't in the Process Statement's sensitivity list
Info: 113 registers lost all their fanouts during netlist optimizations. The first 113 are displayed below.
    Info: Register "var_2[31]" lost all its fanouts during netlist optimizations.
    Info: Register "var_2[30]" lost all its fanouts during netlist optimizations.
    Info: Register "var_2[29]" lost all its fanouts during netlist optimizations.
    Info: Register "var_2[28]" lost all its fanouts during netlist optimizations.
    Info: Register "var_2[27]" lost all its fanouts during netlist optimizations.
    Info: Register "var_2[26]" lost all its fanouts during netlist optimizations.
    Info: Register "var_2[25]" lost all its fanouts during netlist optimizations.
    Info: Register "var_2[24]" lost all its fanouts during netlist optimizations.
    Info: Register "var_2[23]" lost all its fanouts during netlist optimizations.
    Info: Register "var_2[22]" lost all its fanouts during netlist optimizations.
    Info: Register "var_2[21]" lost all its fanouts during netlist optimizations.
    Info: Register "var_2[20]" lost all its fanouts during netlist optimizations.
    Info: Register "var_2[19]" lost all its fanouts during netlist optimizations.
    Info: Register "var_2[18]" lost all its fanouts during netlist optimizations.
    Info: Register "var_2[17]" lost all its fanouts during netlist optimizations.
    Info: Register "var_2[16]" lost all its fanouts during netlist optimizations.
    Info: Register "var_2[15]" lost all its fanouts during netlist optimizations.
    Info: Register "var_2[14]" lost all its fanouts during netlist optimizations.
    Info: Register "var_2[13]" lost all its fanouts during netlist optimizations.
    Info: Register "var_2[12]" lost all its fanouts during netlist optimizations.
    Info: Register "var_2[11]" lost all its fanouts during netlist optimizations.
    Info: Register "var_2[10]" lost all its fanouts during netlist optimizations.
    Info: Register "var_2[9]" lost all its fanouts during netlist optimizations.
    Info: Register "var_2[8]" lost all its fanouts during netlist optimizations.
    Info: Register "var_2[7]" lost all its fanouts during netlist optimizations.
    Info: Register "var_2[6]" lost all its fanouts during netlist optimizations.
    Info: Register "var_2[5]" lost all its fanouts during netlist optimizations.
    Info: Register "var_2[4]" lost all its fanouts during netlist optimizations.
    Info: Register "var_2[3]" lost all its fanouts during netlist optimizations.
    Info: Register "sig_3[31]" lost all its fanouts during netlist optimizations.
    Info: Register "sig_3[30]" lost all its fanouts during netlist optimizations.
    Info: Register "sig_3[29]" lost all its fanouts during netlist optimizations.
    Info: Register "sig_3[28]" lost all its fanouts during netlist optimizations.
    Info: Register "sig_3[27]" lost all its fanouts during netlist optimizations.
    Info: Register "sig_3[26]" lost all its fanouts during netlist optimizations.
    Info: Register "sig_3[25]" lost all its fanouts during netlist optimizations.
    Info: Register "sig_3[24]" lost all its fanouts during netlist optimizations.
    Info: Register "sig_3[23]" lost all its fanouts during netlist optimizations.
    Info: Register "sig_3[22]" lost all its fanouts during netlist optimizations.
    Info: Register "sig_3[21]" lost all its fanouts during netlist optimizations.
    Info: Register "sig_3[20]" lost all its fanouts during netlist optimizations.
    Info: Register "sig_3[19]" lost all its fanouts during netlist optimizations.
    Info: Register "sig_3[18]" lost all its fanouts during netlist optimizations.
    Info: Register "sig_3[17]" lost all its fanouts during netlist optimizations.
    Info: Register "sig_3[16]" lost all its fanouts during netlist optimizations.
    Info: Register "sig_3[15]" lost all its fanouts during netlist optimizations.
    Info: Register "sig_3[14]" lost all its fanouts during netlist optimizations.
    Info: Register "sig_3[13]" lost all its fanouts during netlist optimizations.
    Info: Register "sig_3[12]" lost all its fanouts during netlist optimizations.
    Info: Register "sig_3[11]" lost all its fanouts during netlist optimizations.
    Info: Register "sig_3[10]" lost all its fanouts during netlist optimizations.
    Info: Register "sig_3[9]" lost all its fanouts during netlist optimizations.
    Info: Register "sig_3[8]" lost all its fanouts during netlist optimizations.
    Info: Register "sig_3[7]" lost all its fanouts during netlist optimizations.
    Info: Register "sig_3[6]" lost all its fanouts during netlist optimizations.
    Info: Register "sig_3[5]" lost all its fanouts during netlist optimizations.
    Info: Register "sig_3[4]" lost all its fanouts during netlist optimizations.
    Info: Register "sig_2[31]" lost all its fanouts during netlist optimizations.
    Info: Register "sig_2[30]" lost all its fanouts during netlist optimizations.
    Info: Register "sig_2[29]" lost all its fanouts during netlist optimizations.
    Info: Register "sig_2[28]" lost all its fanouts during netlist optimizations.
    Info: Register "sig_2[27]" lost all its fanouts during netlist optimizations.
    Info: Register "sig_2[26]" lost all its fanouts during netlist optimizations.
    Info: Register "sig_2[25]" lost all its fanouts during netlist optimizations.
    Info: Register "sig_2[24]" lost all its fanouts during netlist optimizations.
    Info: Register "sig_2[23]" lost all its fanouts during netlist optimizations.
    Info: Register "sig_2[22]" lost all its fanouts during netlist optimizations.
    Info: Register "sig_2[21]" lost all its fanouts during netlist optimizations.
    Info: Register "sig_2[20]" lost all its fanouts during netlist optimizations.
    Info: Register "sig_2[19]" lost all its fanouts during netlist optimizations.
    Info: Register "sig_2[18]" lost all its fanouts during netlist optimizations.
    Info: Register "sig_2[17]" lost all its fanouts during netlist optimizations.
    Info: Register "sig_2[16]" lost all its fanouts during netlist optimizations.
    Info: Register "sig_2[15]" lost all its fanouts during netlist optimizations.
    Info: Register "sig_2[14]" lost all its fanouts during netlist optimizations.
    Info: Register "sig_2[13]" lost all its fanouts during netlist optimizations.
    Info: Register "sig_2[12]" lost all its fanouts during netlist optimizations.
    Info: Register "sig_2[11]" lost all its fanouts during netlist optimizations.
    Info: Register "sig_2[10]" lost all its fanouts during netlist optimizations.
    Info: Register "sig_2[9]" lost all its fanouts during netlist optimizations.
    Info: Register "sig_2[8]" lost all its fanouts during netlist optimizations.
    Info: Register "sig_2[7]" lost all its fanouts during netlist optimizations.
    Info: Register "sig_2[6]" lost all its fanouts during netlist optimizations.
    Info: Register "sig_2[5]" lost all its fanouts during netlist optimizations.
    Info: Register "sig_2[4]" lost all its fanouts during netlist optimizations.
    Info: Register "sig_1[31]" lost all its fanouts during netlist optimizations.
    Info: Register "sig_1[30]" lost all its fanouts during netlist optimizations.
    Info: Register "sig_1[29]" lost all its fanouts during netlist optimizations.
    Info: Register "sig_1[28]" lost all its fanouts during netlist optimizations.
    Info: Register "sig_1[27]" lost all its fanouts during netlist optimizations.
    Info: Register "sig_1[26]" lost all its fanouts during netlist optimizations.
    Info: Register "sig_1[25]" lost all its fanouts during netlist optimizations.
    Info: Register "sig_1[24]" lost all its fanouts during netlist optimizations.
    Info: Register "sig_1[23]" lost all its fanouts during netlist optimizations.
    Info: Register "sig_1[22]" lost all its fanouts during netlist optimizations.
    Info: Register "sig_1[21]" lost all its fanouts during netlist optimizations.
    Info: Register "sig_1[20]" lost all its fanouts during netlist optimizations.
    Info: Register "sig_1[19]" lost all its fanouts during netlist optimizations.
    Info: Register "sig_1[18]" lost all its fanouts during netlist optimizations.
    Info: Register "sig_1[17]" lost all its fanouts during netlist optimizations.
    Info: Register "sig_1[16]" lost all its fanouts during netlist optimizations.
    Info: Register "sig_1[15]" lost all its fanouts during netlist optimizations.
    Info: Register "sig_1[14]" lost all its fanouts during netlist optimizations.
    Info: Register "sig_1[13]" lost all its fanouts during netlist optimizations.
    Info: Register "sig_1[12]" lost all its fanouts during netlist optimizations.
    Info: Register "sig_1[11]" lost all its fanouts during netlist optimizations.
    Info: Register "sig_1[10]" lost all its fanouts during netlist optimizations.
    Info: Register "sig_1[9]" lost all its fanouts during netlist optimizations.
    Info: Register "sig_1[8]" lost all its fanouts during netlist optimizations.
    Info: Register "sig_1[7]" lost all its fanouts during netlist optimizations.
    Info: Register "sig_1[6]" lost all its fanouts during netlist optimizations.
    Info: Register "sig_1[5]" lost all its fanouts during netlist optimizations.
    Info: Register "sig_1[4]" lost all its fanouts during netlist optimizations.
Info: Implemented 46 device resources after synthesis - the final resource count might be different
    Info: Implemented 2 input pins
    Info: Implemented 8 output pins
    Info: Implemented 36 logic cells
Info: Quartus II Analysis & Synthesis was successful. 0 errors, 1 warning
    Info: Peak virtual memory: 243 megabytes
    Info: Processing ended: Sun Feb 09 23:55:19 2020
    Info: Elapsed time: 00:00:05
    Info: Total CPU time (on all processors): 00:00:05


