Classic Timing Analyzer report for MUX
Wed May 23 01:43:17 2018
Quartus II Version 8.1 Build 163 10/28/2008 SJ Web Edition


---------------------
; Table of Contents ;
---------------------
  1. Legal Notice
  2. Timing Analyzer Summary
  3. Timing Analyzer Settings
  4. tpd
  5. Timing Analyzer Messages



----------------
; Legal Notice ;
----------------
Copyright (C) 1991-2008 Altera Corporation
Your use of Altera Corporation's design tools, logic functions 
and other software and tools, and its AMPP partner logic 
functions, and any output files from any of the foregoing 
(including device programming or simulation files), and any 
associated documentation or information are expressly subject 
to the terms and conditions of the Altera Program License 
Subscription Agreement, Altera MegaCore Function License 
Agreement, or other applicable license agreement, including, 
without limitation, that your use is for the sole purpose of 
programming logic devices manufactured by Altera and sold by 
Altera or its authorized distributors.  Please refer to the 
applicable agreement for further details.



+-----------------------------------------------------------------------------------------------------------------------+
; Timing Analyzer Summary                                                                                               ;
+------------------------------+-------+---------------+-------------+------+----+------------+----------+--------------+
; Type                         ; Slack ; Required Time ; Actual Time ; From ; To ; From Clock ; To Clock ; Failed Paths ;
+------------------------------+-------+---------------+-------------+------+----+------------+----------+--------------+
; Worst-case tpd               ; N/A   ; None          ; 14.227 ns   ; s1   ; Y  ; --         ; --       ; 0            ;
; Total number of failed paths ;       ;               ;             ;      ;    ;            ;          ; 0            ;
+------------------------------+-------+---------------+-------------+------+----+------------+----------+--------------+


+--------------------------------------------------------------------------------------------------------------------+
; Timing Analyzer Settings                                                                                           ;
+---------------------------------------------------------------------+--------------------+------+----+-------------+
; Option                                                              ; Setting            ; From ; To ; Entity Name ;
+---------------------------------------------------------------------+--------------------+------+----+-------------+
; Device Name                                                         ; EP2C35F484C6       ;      ;    ;             ;
; Timing Models                                                       ; Final              ;      ;    ;             ;
; Default hold multicycle                                             ; Same as Multicycle ;      ;    ;             ;
; Cut paths between unrelated clock domains                           ; On                 ;      ;    ;             ;
; Cut off read during write signal paths                              ; On                 ;      ;    ;             ;
; Cut off feedback from I/O pins                                      ; On                 ;      ;    ;             ;
; Report Combined Fast/Slow Timing                                    ; Off                ;      ;    ;             ;
; Ignore Clock Settings                                               ; Off                ;      ;    ;             ;
; Analyze latches as synchronous elements                             ; On                 ;      ;    ;             ;
; Enable Recovery/Removal analysis                                    ; Off                ;      ;    ;             ;
; Enable Clock Latency                                                ; Off                ;      ;    ;             ;
; Use TimeQuest Timing Analyzer                                       ; Off                ;      ;    ;             ;
; Minimum Core Junction Temperature                                   ; 0                  ;      ;    ;             ;
; Maximum Core Junction Temperature                                   ; 85                 ;      ;    ;             ;
; Number of source nodes to report per destination node               ; 10                 ;      ;    ;             ;
; Number of destination nodes to report                               ; 10                 ;      ;    ;             ;
; Number of paths to report                                           ; 200                ;      ;    ;             ;
; Report Minimum Timing Checks                                        ; Off                ;      ;    ;             ;
; Use Fast Timing Models                                              ; Off                ;      ;    ;             ;
; Report IO Paths Separately                                          ; Off                ;      ;    ;             ;
; Perform Multicorner Analysis                                        ; On                 ;      ;    ;             ;
; Reports the worst-case path for each clock domain and analysis      ; Off                ;      ;    ;             ;
; Removes common clock path pessimism (CCPP) during slack computation ; Off                ;      ;    ;             ;
; Output I/O Timing Endpoint                                          ; Near End           ;      ;    ;             ;
+---------------------------------------------------------------------+--------------------+------+----+-------------+


+---------------------------------------------------------+
; tpd                                                     ;
+-------+-------------------+-----------------+------+----+
; Slack ; Required P2P Time ; Actual P2P Time ; From ; To ;
+-------+-------------------+-----------------+------+----+
; N/A   ; None              ; 14.227 ns       ; s1   ; Y  ;
; N/A   ; None              ; 13.590 ns       ; s0   ; Y  ;
; N/A   ; None              ; 13.468 ns       ; X[6] ; Y  ;
; N/A   ; None              ; 13.344 ns       ; X[4] ; Y  ;
; N/A   ; None              ; 13.285 ns       ; X[3] ; Y  ;
; N/A   ; None              ; 13.013 ns       ; X[0] ; Y  ;
; N/A   ; None              ; 12.929 ns       ; X[2] ; Y  ;
; N/A   ; None              ; 12.833 ns       ; X[1] ; Y  ;
; N/A   ; None              ; 12.569 ns       ; X[7] ; Y  ;
; N/A   ; None              ; 12.565 ns       ; X[5] ; Y  ;
; N/A   ; None              ; 11.909 ns       ; E    ; Y  ;
; N/A   ; None              ; 11.783 ns       ; s2   ; Y  ;
+-------+-------------------+-----------------+------+----+


+--------------------------+
; Timing Analyzer Messages ;
+--------------------------+
Info: *******************************************************************
Info: Running Quartus II Classic Timing Analyzer
    Info: Version 8.1 Build 163 10/28/2008 SJ Web Edition
    Info: Processing started: Wed May 23 01:43:17 2018
Info: Command: quartus_tan --read_settings_files=off --write_settings_files=off MUX -c MUX --timing_analysis_only
Info: Longest tpd from source pin "s1" to destination pin "Y" is 14.227 ns
    Info: 1: + IC(0.000 ns) + CELL(0.830 ns) = 0.830 ns; Loc. = PIN_AA8; Fanout = 3; PIN Node = 's1'
    Info: 2: + IC(6.270 ns) + CELL(0.437 ns) = 7.537 ns; Loc. = LCCOMB_X16_Y22_N0; Fanout = 1; COMB Node = 'Mux0~48'
    Info: 3: + IC(0.241 ns) + CELL(0.420 ns) = 8.198 ns; Loc. = LCCOMB_X16_Y22_N2; Fanout = 1; COMB Node = 'Mux0~49'
    Info: 4: + IC(0.247 ns) + CELL(0.415 ns) = 8.860 ns; Loc. = LCCOMB_X16_Y22_N16; Fanout = 1; COMB Node = 'Mux0~52'
    Info: 5: + IC(2.599 ns) + CELL(2.768 ns) = 14.227 ns; Loc. = PIN_W8; Fanout = 0; PIN Node = 'Y'
    Info: Total cell delay = 4.870 ns ( 34.23 % )
    Info: Total interconnect delay = 9.357 ns ( 65.77 % )
Info: Quartus II Classic Timing Analyzer was successful. 0 errors, 0 warnings
    Info: Peak virtual memory: 232 megabytes
    Info: Processing ended: Wed May 23 01:43:17 2018
    Info: Elapsed time: 00:00:00
    Info: Total CPU time (on all processors): 00:00:00


