Classic Timing Analyzer report for DEC
Fri May 04 16:39:52 2018
Quartus II Version 8.1 Build 163 10/28/2008 SJ Web Edition


---------------------
; Table of Contents ;
---------------------
  1. Legal Notice
  2. Timing Analyzer Summary
  3. Timing Analyzer Settings
  4. tpd
  5. Timing Analyzer Messages



----------------
; Legal Notice ;
----------------
Copyright (C) 1991-2008 Altera Corporation
Your use of Altera Corporation's design tools, logic functions 
and other software and tools, and its AMPP partner logic 
functions, and any output files from any of the foregoing 
(including device programming or simulation files), and any 
associated documentation or information are expressly subject 
to the terms and conditions of the Altera Program License 
Subscription Agreement, Altera MegaCore Function License 
Agreement, or other applicable license agreement, including, 
without limitation, that your use is for the sole purpose of 
programming logic devices manufactured by Altera and sold by 
Altera or its authorized distributors.  Please refer to the 
applicable agreement for further details.



+-------------------------------------------------------------------------------------------------------------------------+
; Timing Analyzer Summary                                                                                                 ;
+------------------------------+-------+---------------+-------------+------+------+------------+----------+--------------+
; Type                         ; Slack ; Required Time ; Actual Time ; From ; To   ; From Clock ; To Clock ; Failed Paths ;
+------------------------------+-------+---------------+-------------+------+------+------------+----------+--------------+
; Worst-case tpd               ; N/A   ; None          ; 13.516 ns   ; E    ; Y[5] ; --         ; --       ; 0            ;
; Total number of failed paths ;       ;               ;             ;      ;      ;            ;          ; 0            ;
+------------------------------+-------+---------------+-------------+------+------+------------+----------+--------------+


+--------------------------------------------------------------------------------------------------------------------+
; Timing Analyzer Settings                                                                                           ;
+---------------------------------------------------------------------+--------------------+------+----+-------------+
; Option                                                              ; Setting            ; From ; To ; Entity Name ;
+---------------------------------------------------------------------+--------------------+------+----+-------------+
; Device Name                                                         ; EP2C35F484C6       ;      ;    ;             ;
; Timing Models                                                       ; Final              ;      ;    ;             ;
; Default hold multicycle                                             ; Same as Multicycle ;      ;    ;             ;
; Cut paths between unrelated clock domains                           ; On                 ;      ;    ;             ;
; Cut off read during write signal paths                              ; On                 ;      ;    ;             ;
; Cut off feedback from I/O pins                                      ; On                 ;      ;    ;             ;
; Report Combined Fast/Slow Timing                                    ; Off                ;      ;    ;             ;
; Ignore Clock Settings                                               ; Off                ;      ;    ;             ;
; Analyze latches as synchronous elements                             ; On                 ;      ;    ;             ;
; Enable Recovery/Removal analysis                                    ; Off                ;      ;    ;             ;
; Enable Clock Latency                                                ; Off                ;      ;    ;             ;
; Use TimeQuest Timing Analyzer                                       ; Off                ;      ;    ;             ;
; Minimum Core Junction Temperature                                   ; 0                  ;      ;    ;             ;
; Maximum Core Junction Temperature                                   ; 85                 ;      ;    ;             ;
; Number of source nodes to report per destination node               ; 10                 ;      ;    ;             ;
; Number of destination nodes to report                               ; 10                 ;      ;    ;             ;
; Number of paths to report                                           ; 200                ;      ;    ;             ;
; Report Minimum Timing Checks                                        ; Off                ;      ;    ;             ;
; Use Fast Timing Models                                              ; Off                ;      ;    ;             ;
; Report IO Paths Separately                                          ; Off                ;      ;    ;             ;
; Perform Multicorner Analysis                                        ; On                 ;      ;    ;             ;
; Reports the worst-case path for each clock domain and analysis      ; Off                ;      ;    ;             ;
; Removes common clock path pessimism (CCPP) during slack computation ; Off                ;      ;    ;             ;
; Output I/O Timing Endpoint                                          ; Near End           ;      ;    ;             ;
+---------------------------------------------------------------------+--------------------+------+----+-------------+


+-----------------------------------------------------------+
; tpd                                                       ;
+-------+-------------------+-----------------+------+------+
; Slack ; Required P2P Time ; Actual P2P Time ; From ; To   ;
+-------+-------------------+-----------------+------+------+
; N/A   ; None              ; 13.516 ns       ; E    ; Y[5] ;
; N/A   ; None              ; 13.278 ns       ; E    ; Y[3] ;
; N/A   ; None              ; 13.129 ns       ; X[0] ; Y[5] ;
; N/A   ; None              ; 13.092 ns       ; E    ; Y[4] ;
; N/A   ; None              ; 12.885 ns       ; X[0] ; Y[3] ;
; N/A   ; None              ; 12.675 ns       ; X[0] ; Y[4] ;
; N/A   ; None              ; 12.600 ns       ; X[1] ; Y[5] ;
; N/A   ; None              ; 12.415 ns       ; X[2] ; Y[5] ;
; N/A   ; None              ; 12.370 ns       ; E    ; Y[2] ;
; N/A   ; None              ; 12.353 ns       ; X[1] ; Y[3] ;
; N/A   ; None              ; 12.156 ns       ; E    ; Y[7] ;
; N/A   ; None              ; 12.143 ns       ; X[1] ; Y[4] ;
; N/A   ; None              ; 12.142 ns       ; X[2] ; Y[3] ;
; N/A   ; None              ; 12.122 ns       ; E    ; Y[6] ;
; N/A   ; None              ; 12.080 ns       ; E    ; Y[1] ;
; N/A   ; None              ; 11.981 ns       ; X[2] ; Y[4] ;
; N/A   ; None              ; 11.951 ns       ; X[0] ; Y[2] ;
; N/A   ; None              ; 11.823 ns       ; E    ; Y[0] ;
; N/A   ; None              ; 11.766 ns       ; X[0] ; Y[7] ;
; N/A   ; None              ; 11.704 ns       ; X[0] ; Y[6] ;
; N/A   ; None              ; 11.693 ns       ; X[0] ; Y[1] ;
; N/A   ; None              ; 11.420 ns       ; X[1] ; Y[2] ;
; N/A   ; None              ; 11.404 ns       ; X[0] ; Y[0] ;
; N/A   ; None              ; 11.234 ns       ; X[1] ; Y[7] ;
; N/A   ; None              ; 11.224 ns       ; X[2] ; Y[2] ;
; N/A   ; None              ; 11.172 ns       ; X[1] ; Y[6] ;
; N/A   ; None              ; 11.167 ns       ; X[1] ; Y[1] ;
; N/A   ; None              ; 11.051 ns       ; X[2] ; Y[7] ;
; N/A   ; None              ; 11.009 ns       ; X[2] ; Y[6] ;
; N/A   ; None              ; 10.965 ns       ; X[2] ; Y[1] ;
; N/A   ; None              ; 10.876 ns       ; X[1] ; Y[0] ;
; N/A   ; None              ; 10.679 ns       ; X[2] ; Y[0] ;
+-------+-------------------+-----------------+------+------+


+--------------------------+
; Timing Analyzer Messages ;
+--------------------------+
Info: *******************************************************************
Info: Running Quartus II Classic Timing Analyzer
    Info: Version 8.1 Build 163 10/28/2008 SJ Web Edition
    Info: Processing started: Fri May 04 16:39:51 2018
Info: Command: quartus_tan --read_settings_files=off --write_settings_files=off DEC -c DEC --timing_analysis_only
Info: Longest tpd from source pin "E" to destination pin "Y[5]" is 13.516 ns
    Info: 1: + IC(0.000 ns) + CELL(0.842 ns) = 0.842 ns; Loc. = PIN_T21; Fanout = 8; PIN Node = 'E'
    Info: 2: + IC(6.186 ns) + CELL(0.406 ns) = 7.434 ns; Loc. = LCCOMB_X12_Y16_N10; Fanout = 1; COMB Node = 'Mux2~10'
    Info: 3: + IC(3.294 ns) + CELL(2.788 ns) = 13.516 ns; Loc. = PIN_A14; Fanout = 0; PIN Node = 'Y[5]'
    Info: Total cell delay = 4.036 ns ( 29.86 % )
    Info: Total interconnect delay = 9.480 ns ( 70.14 % )
Info: Quartus II Classic Timing Analyzer was successful. 0 errors, 0 warnings
    Info: Peak virtual memory: 238 megabytes
    Info: Processing ended: Fri May 04 16:39:53 2018
    Info: Elapsed time: 00:00:02
    Info: Total CPU time (on all processors): 00:00:00


