Classic Timing Analyzer report for part6a
Sat Feb 01 14:42:45 2020
Quartus II Version 9.1 Build 350 03/24/2010 Service Pack 2 SJ Web Edition


---------------------
; Table of Contents ;
---------------------
  1. Legal Notice
  2. Timing Analyzer Summary
  3. Timing Analyzer Settings
  4. Clock Settings Summary
  5. Parallel Compilation
  6. Clock Setup: 'clk'
  7. tsu
  8. tco
  9. th
 10. Timing Analyzer Messages



----------------
; Legal Notice ;
----------------
Copyright (C) 1991-2010 Altera Corporation
Your use of Altera Corporation's design tools, logic functions 
and other software and tools, and its AMPP partner logic 
functions, and any output files from any of the foregoing 
(including device programming or simulation files), and any 
associated documentation or information are expressly subject 
to the terms and conditions of the Altera Program License 
Subscription Agreement, Altera MegaCore Function License 
Agreement, or other applicable license agreement, including, 
without limitation, that your use is for the sole purpose of 
programming logic devices manufactured by Altera and sold by 
Altera or its authorized distributors.  Please refer to the 
applicable agreement for further details.



+------------------------------------------------------------------------------------------------------------------------------------------------------------------+
; Timing Analyzer Summary                                                                                                                                          ;
+------------------------------+-------+---------------+----------------------------------+----------------+----------------+------------+----------+--------------+
; Type                         ; Slack ; Required Time ; Actual Time                      ; From           ; To             ; From Clock ; To Clock ; Failed Paths ;
+------------------------------+-------+---------------+----------------------------------+----------------+----------------+------------+----------+--------------+
; Worst-case tsu               ; N/A   ; None          ; 1.926 ns                         ; Haz            ; addr[2]        ; --         ; clk      ; 0            ;
; Worst-case tco               ; N/A   ; None          ; 12.872 ns                        ; lights[4]~reg0 ; lights[4]      ; clk        ; --       ; 0            ;
; Worst-case th                ; N/A   ; None          ; 3.999 ns                         ; RT             ; lights[4]~reg0 ; --         ; clk      ; 0            ;
; Clock Setup: 'clk'           ; N/A   ; None          ; 219.73 MHz ( period = 4.551 ns ) ; counter[25]    ; counter[0]     ; clk        ; clk      ; 0            ;
; Total number of failed paths ;       ;               ;                                  ;                ;                ;            ;          ; 0            ;
+------------------------------+-------+---------------+----------------------------------+----------------+----------------+------------+----------+--------------+


+-----------------------------------------------------------------------------------------------------------------------------------------------------+
; Timing Analyzer Settings                                                                                                                            ;
+------------------------------------------------------------------------------------------------------+--------------------+------+----+-------------+
; Option                                                                                               ; Setting            ; From ; To ; Entity Name ;
+------------------------------------------------------------------------------------------------------+--------------------+------+----+-------------+
; Device Name                                                                                          ; EP2C35F672C6       ;      ;    ;             ;
; Timing Models                                                                                        ; Final              ;      ;    ;             ;
; Default hold multicycle                                                                              ; Same as Multicycle ;      ;    ;             ;
; Cut paths between unrelated clock domains                                                            ; On                 ;      ;    ;             ;
; Cut off read during write signal paths                                                               ; On                 ;      ;    ;             ;
; Cut off feedback from I/O pins                                                                       ; On                 ;      ;    ;             ;
; Report Combined Fast/Slow Timing                                                                     ; Off                ;      ;    ;             ;
; Ignore Clock Settings                                                                                ; Off                ;      ;    ;             ;
; Analyze latches as synchronous elements                                                              ; On                 ;      ;    ;             ;
; Enable Recovery/Removal analysis                                                                     ; Off                ;      ;    ;             ;
; Enable Clock Latency                                                                                 ; Off                ;      ;    ;             ;
; Use TimeQuest Timing Analyzer                                                                        ; Off                ;      ;    ;             ;
; Minimum Core Junction Temperature                                                                    ; 0                  ;      ;    ;             ;
; Maximum Core Junction Temperature                                                                    ; 85                 ;      ;    ;             ;
; Number of source nodes to report per destination node                                                ; 10                 ;      ;    ;             ;
; Number of destination nodes to report                                                                ; 10                 ;      ;    ;             ;
; Number of paths to report                                                                            ; 200                ;      ;    ;             ;
; Report Minimum Timing Checks                                                                         ; Off                ;      ;    ;             ;
; Use Fast Timing Models                                                                               ; Off                ;      ;    ;             ;
; Report IO Paths Separately                                                                           ; Off                ;      ;    ;             ;
; Perform Multicorner Analysis                                                                         ; On                 ;      ;    ;             ;
; Reports the worst-case path for each clock domain and analysis                                       ; Off                ;      ;    ;             ;
; Reports worst-case timing paths for each clock domain and analysis                                   ; On                 ;      ;    ;             ;
; Specifies the maximum number of worst-case timing paths to report for each clock domain and analysis ; 100                ;      ;    ;             ;
; Removes common clock path pessimism (CCPP) during slack computation                                  ; Off                ;      ;    ;             ;
; Output I/O Timing Endpoint                                                                           ; Near End           ;      ;    ;             ;
+------------------------------------------------------------------------------------------------------+--------------------+------+----+-------------+


+------------------------------------------------------------------------------------------------------------------------------------------------------------------------------------+
; Clock Settings Summary                                                                                                                                                             ;
+-----------------+--------------------+----------+------------------+---------------+--------------+----------+-----------------------+---------------------+--------+--------------+
; Clock Node Name ; Clock Setting Name ; Type     ; Fmax Requirement ; Early Latency ; Late Latency ; Based on ; Multiply Base Fmax by ; Divide Base Fmax by ; Offset ; Phase offset ;
+-----------------+--------------------+----------+------------------+---------------+--------------+----------+-----------------------+---------------------+--------+--------------+
; clk             ;                    ; User Pin ; None             ; 0.000 ns      ; 0.000 ns     ; --       ; N/A                   ; N/A                 ; N/A    ;              ;
+-----------------+--------------------+----------+------------------+---------------+--------------+----------+-----------------------+---------------------+--------+--------------+


Parallel compilation was disabled, but you have multiple processors available. Enable parallel compilation to reduce compilation time.
+-------------------------------------+
; Parallel Compilation                ;
+----------------------------+--------+
; Processors                 ; Number ;
+----------------------------+--------+
; Number detected on machine ; 2      ;
; Maximum allowed            ; 1      ;
+----------------------------+--------+


+---------------------------------------------------------------------------------------------------------------------------------------------------------------------------------------------------------------------------------------+
; Clock Setup: 'clk'                                                                                                                                                                                                                    ;
+-----------------------------------------+-----------------------------------------------------+-------------+-------------+------------+----------+-----------------------------+---------------------------+-------------------------+
; Slack                                   ; Actual fmax (period)                                ; From        ; To          ; From Clock ; To Clock ; Required Setup Relationship ; Required Longest P2P Time ; Actual Longest P2P Time ;
+-----------------------------------------+-----------------------------------------------------+-------------+-------------+------------+----------+-----------------------------+---------------------------+-------------------------+
; N/A                                     ; 219.73 MHz ( period = 4.551 ns )                    ; counter[25] ; counter[0]  ; clk        ; clk      ; None                        ; None                      ; 4.340 ns                ;
; N/A                                     ; 219.93 MHz ( period = 4.547 ns )                    ; counter[23] ; counter[0]  ; clk        ; clk      ; None                        ; None                      ; 4.336 ns                ;
; N/A                                     ; 223.26 MHz ( period = 4.479 ns )                    ; counter[1]  ; counter[25] ; clk        ; clk      ; None                        ; None                      ; 3.615 ns                ;
; N/A                                     ; 225.68 MHz ( period = 4.431 ns )                    ; counter[24] ; counter[0]  ; clk        ; clk      ; None                        ; None                      ; 4.220 ns                ;
; N/A                                     ; 226.76 MHz ( period = 4.410 ns )                    ; counter[1]  ; counter[22] ; clk        ; clk      ; None                        ; None                      ; 3.546 ns                ;
; N/A                                     ; 230.52 MHz ( period = 4.338 ns )                    ; counter[1]  ; counter[23] ; clk        ; clk      ; None                        ; None                      ; 3.474 ns                ;
; N/A                                     ; 231.48 MHz ( period = 4.320 ns )                    ; counter[22] ; counter[0]  ; clk        ; clk      ; None                        ; None                      ; 4.109 ns                ;
; N/A                                     ; 232.72 MHz ( period = 4.297 ns )                    ; counter[25] ; counter[25] ; clk        ; clk      ; None                        ; None                      ; 4.083 ns                ;
; N/A                                     ; 232.72 MHz ( period = 4.297 ns )                    ; counter[25] ; counter[23] ; clk        ; clk      ; None                        ; None                      ; 4.083 ns                ;
; N/A                                     ; 232.83 MHz ( period = 4.295 ns )                    ; counter[25] ; counter[22] ; clk        ; clk      ; None                        ; None                      ; 4.081 ns                ;
; N/A                                     ; 232.94 MHz ( period = 4.293 ns )                    ; counter[23] ; counter[25] ; clk        ; clk      ; None                        ; None                      ; 4.079 ns                ;
; N/A                                     ; 232.94 MHz ( period = 4.293 ns )                    ; counter[23] ; counter[23] ; clk        ; clk      ; None                        ; None                      ; 4.079 ns                ;
; N/A                                     ; 233.05 MHz ( period = 4.291 ns )                    ; counter[25] ; counter[7]  ; clk        ; clk      ; None                        ; None                      ; 4.079 ns                ;
; N/A                                     ; 233.05 MHz ( period = 4.291 ns )                    ; counter[23] ; counter[22] ; clk        ; clk      ; None                        ; None                      ; 4.077 ns                ;
; N/A                                     ; 233.10 MHz ( period = 4.290 ns )                    ; counter[25] ; counter[15] ; clk        ; clk      ; None                        ; None                      ; 4.078 ns                ;
; N/A                                     ; 233.21 MHz ( period = 4.288 ns )                    ; counter[25] ; counter[13] ; clk        ; clk      ; None                        ; None                      ; 4.076 ns                ;
; N/A                                     ; 233.26 MHz ( period = 4.287 ns )                    ; counter[23] ; counter[7]  ; clk        ; clk      ; None                        ; None                      ; 4.075 ns                ;
; N/A                                     ; 233.32 MHz ( period = 4.286 ns )                    ; counter[23] ; counter[15] ; clk        ; clk      ; None                        ; None                      ; 4.074 ns                ;
; N/A                                     ; 233.43 MHz ( period = 4.284 ns )                    ; counter[23] ; counter[13] ; clk        ; clk      ; None                        ; None                      ; 4.072 ns                ;
; N/A                                     ; 234.63 MHz ( period = 4.262 ns )                    ; counter[25] ; counter[21] ; clk        ; clk      ; None                        ; None                      ; 4.050 ns                ;
; N/A                                     ; 234.63 MHz ( period = 4.262 ns )                    ; counter[25] ; counter[19] ; clk        ; clk      ; None                        ; None                      ; 4.050 ns                ;
; N/A                                     ; 234.74 MHz ( period = 4.260 ns )                    ; counter[25] ; counter[20] ; clk        ; clk      ; None                        ; None                      ; 4.048 ns                ;
; N/A                                     ; 234.74 MHz ( period = 4.260 ns )                    ; counter[25] ; counter[14] ; clk        ; clk      ; None                        ; None                      ; 4.048 ns                ;
; N/A                                     ; 234.85 MHz ( period = 4.258 ns )                    ; counter[23] ; counter[21] ; clk        ; clk      ; None                        ; None                      ; 4.046 ns                ;
; N/A                                     ; 234.85 MHz ( period = 4.258 ns )                    ; counter[23] ; counter[19] ; clk        ; clk      ; None                        ; None                      ; 4.046 ns                ;
; N/A                                     ; 234.96 MHz ( period = 4.256 ns )                    ; counter[23] ; counter[20] ; clk        ; clk      ; None                        ; None                      ; 4.044 ns                ;
; N/A                                     ; 234.96 MHz ( period = 4.256 ns )                    ; counter[23] ; counter[14] ; clk        ; clk      ; None                        ; None                      ; 4.044 ns                ;
; N/A                                     ; 235.07 MHz ( period = 4.254 ns )                    ; counter[25] ; counter[17] ; clk        ; clk      ; None                        ; None                      ; 4.042 ns                ;
; N/A                                     ; 235.13 MHz ( period = 4.253 ns )                    ; counter[25] ; counter[12] ; clk        ; clk      ; None                        ; None                      ; 4.041 ns                ;
; N/A                                     ; 235.29 MHz ( period = 4.250 ns )                    ; counter[23] ; counter[17] ; clk        ; clk      ; None                        ; None                      ; 4.038 ns                ;
; N/A                                     ; 235.35 MHz ( period = 4.249 ns )                    ; counter[23] ; counter[12] ; clk        ; clk      ; None                        ; None                      ; 4.037 ns                ;
; N/A                                     ; 235.63 MHz ( period = 4.244 ns )                    ; counter[1]  ; counter[21] ; clk        ; clk      ; None                        ; None                      ; 3.382 ns                ;
; N/A                                     ; 239.41 MHz ( period = 4.177 ns )                    ; counter[24] ; counter[25] ; clk        ; clk      ; None                        ; None                      ; 3.963 ns                ;
; N/A                                     ; 239.41 MHz ( period = 4.177 ns )                    ; counter[24] ; counter[23] ; clk        ; clk      ; None                        ; None                      ; 3.963 ns                ;
; N/A                                     ; 239.52 MHz ( period = 4.175 ns )                    ; counter[24] ; counter[22] ; clk        ; clk      ; None                        ; None                      ; 3.961 ns                ;
; N/A                                     ; 239.75 MHz ( period = 4.171 ns )                    ; counter[24] ; counter[7]  ; clk        ; clk      ; None                        ; None                      ; 3.959 ns                ;
; N/A                                     ; 239.81 MHz ( period = 4.170 ns )                    ; counter[24] ; counter[15] ; clk        ; clk      ; None                        ; None                      ; 3.958 ns                ;
; N/A                                     ; 239.87 MHz ( period = 4.169 ns )                    ; counter[1]  ; counter[14] ; clk        ; clk      ; None                        ; None                      ; 3.307 ns                ;
; N/A                                     ; 239.92 MHz ( period = 4.168 ns )                    ; counter[24] ; counter[13] ; clk        ; clk      ; None                        ; None                      ; 3.956 ns                ;
; N/A                                     ; 241.43 MHz ( period = 4.142 ns )                    ; counter[24] ; counter[21] ; clk        ; clk      ; None                        ; None                      ; 3.930 ns                ;
; N/A                                     ; 241.43 MHz ( period = 4.142 ns )                    ; counter[24] ; counter[19] ; clk        ; clk      ; None                        ; None                      ; 3.930 ns                ;
; N/A                                     ; 241.55 MHz ( period = 4.140 ns )                    ; counter[24] ; counter[20] ; clk        ; clk      ; None                        ; None                      ; 3.928 ns                ;
; N/A                                     ; 241.55 MHz ( period = 4.140 ns )                    ; counter[24] ; counter[14] ; clk        ; clk      ; None                        ; None                      ; 3.928 ns                ;
; N/A                                     ; 241.90 MHz ( period = 4.134 ns )                    ; counter[24] ; counter[17] ; clk        ; clk      ; None                        ; None                      ; 3.922 ns                ;
; N/A                                     ; 241.95 MHz ( period = 4.133 ns )                    ; counter[24] ; counter[12] ; clk        ; clk      ; None                        ; None                      ; 3.921 ns                ;
; N/A                                     ; 245.94 MHz ( period = 4.066 ns )                    ; counter[22] ; counter[25] ; clk        ; clk      ; None                        ; None                      ; 3.852 ns                ;
; N/A                                     ; 245.94 MHz ( period = 4.066 ns )                    ; counter[22] ; counter[23] ; clk        ; clk      ; None                        ; None                      ; 3.852 ns                ;
; N/A                                     ; 246.06 MHz ( period = 4.064 ns )                    ; counter[22] ; counter[22] ; clk        ; clk      ; None                        ; None                      ; 3.850 ns                ;
; N/A                                     ; 246.18 MHz ( period = 4.062 ns )                    ; counter[16] ; counter[0]  ; clk        ; clk      ; None                        ; None                      ; 3.851 ns                ;
; N/A                                     ; 246.31 MHz ( period = 4.060 ns )                    ; counter[22] ; counter[7]  ; clk        ; clk      ; None                        ; None                      ; 3.848 ns                ;
; N/A                                     ; 246.37 MHz ( period = 4.059 ns )                    ; counter[22] ; counter[15] ; clk        ; clk      ; None                        ; None                      ; 3.847 ns                ;
; N/A                                     ; 246.49 MHz ( period = 4.057 ns )                    ; counter[22] ; counter[13] ; clk        ; clk      ; None                        ; None                      ; 3.845 ns                ;
; N/A                                     ; 247.16 MHz ( period = 4.046 ns )                    ; counter[1]  ; counter[20] ; clk        ; clk      ; None                        ; None                      ; 3.184 ns                ;
; N/A                                     ; 248.08 MHz ( period = 4.031 ns )                    ; counter[22] ; counter[21] ; clk        ; clk      ; None                        ; None                      ; 3.819 ns                ;
; N/A                                     ; 248.08 MHz ( period = 4.031 ns )                    ; counter[22] ; counter[19] ; clk        ; clk      ; None                        ; None                      ; 3.819 ns                ;
; N/A                                     ; 248.20 MHz ( period = 4.029 ns )                    ; counter[22] ; counter[20] ; clk        ; clk      ; None                        ; None                      ; 3.817 ns                ;
; N/A                                     ; 248.20 MHz ( period = 4.029 ns )                    ; counter[22] ; counter[14] ; clk        ; clk      ; None                        ; None                      ; 3.817 ns                ;
; N/A                                     ; 248.57 MHz ( period = 4.023 ns )                    ; counter[22] ; counter[17] ; clk        ; clk      ; None                        ; None                      ; 3.811 ns                ;
; N/A                                     ; 248.63 MHz ( period = 4.022 ns )                    ; counter[22] ; counter[12] ; clk        ; clk      ; None                        ; None                      ; 3.810 ns                ;
; N/A                                     ; 248.88 MHz ( period = 4.018 ns )                    ; counter[1]  ; counter[19] ; clk        ; clk      ; None                        ; None                      ; 3.156 ns                ;
; N/A                                     ; 253.49 MHz ( period = 3.945 ns )                    ; counter[21] ; counter[0]  ; clk        ; clk      ; None                        ; None                      ; 3.732 ns                ;
; N/A                                     ; 254.07 MHz ( period = 3.936 ns )                    ; counter[15] ; counter[0]  ; clk        ; clk      ; None                        ; None                      ; 3.723 ns                ;
; N/A                                     ; 254.45 MHz ( period = 3.930 ns )                    ; counter[1]  ; counter[12] ; clk        ; clk      ; None                        ; None                      ; 3.068 ns                ;
; N/A                                     ; 255.89 MHz ( period = 3.908 ns )                    ; counter[20] ; counter[0]  ; clk        ; clk      ; None                        ; None                      ; 3.695 ns                ;
; N/A                                     ; 256.81 MHz ( period = 3.894 ns )                    ; counter[0]  ; counter[25] ; clk        ; clk      ; None                        ; None                      ; 3.677 ns                ;
; N/A                                     ; 257.60 MHz ( period = 3.882 ns )                    ; counter[1]  ; counter[24] ; clk        ; clk      ; None                        ; None                      ; 3.018 ns                ;
; N/A                                     ; 258.13 MHz ( period = 3.874 ns )                    ; counter[1]  ; counter[17] ; clk        ; clk      ; None                        ; None                      ; 3.012 ns                ;
; N/A                                     ; 259.13 MHz ( period = 3.859 ns )                    ; counter[1]  ; counter[15] ; clk        ; clk      ; None                        ; None                      ; 2.997 ns                ;
; N/A                                     ; 261.44 MHz ( period = 3.825 ns )                    ; counter[0]  ; counter[22] ; clk        ; clk      ; None                        ; None                      ; 3.608 ns                ;
; N/A                                     ; 261.99 MHz ( period = 3.817 ns )                    ; counter[18] ; counter[0]  ; clk        ; clk      ; None                        ; None                      ; 3.606 ns                ;
; N/A                                     ; 262.26 MHz ( period = 3.813 ns )                    ; counter[17] ; counter[0]  ; clk        ; clk      ; None                        ; None                      ; 3.600 ns                ;
; N/A                                     ; 262.61 MHz ( period = 3.808 ns )                    ; counter[16] ; counter[25] ; clk        ; clk      ; None                        ; None                      ; 3.594 ns                ;
; N/A                                     ; 262.61 MHz ( period = 3.808 ns )                    ; counter[16] ; counter[23] ; clk        ; clk      ; None                        ; None                      ; 3.594 ns                ;
; N/A                                     ; 262.74 MHz ( period = 3.806 ns )                    ; counter[16] ; counter[22] ; clk        ; clk      ; None                        ; None                      ; 3.592 ns                ;
; N/A                                     ; 263.02 MHz ( period = 3.802 ns )                    ; counter[16] ; counter[7]  ; clk        ; clk      ; None                        ; None                      ; 3.590 ns                ;
; N/A                                     ; 263.09 MHz ( period = 3.801 ns )                    ; counter[16] ; counter[15] ; clk        ; clk      ; None                        ; None                      ; 3.589 ns                ;
; N/A                                     ; 263.23 MHz ( period = 3.799 ns )                    ; counter[16] ; counter[13] ; clk        ; clk      ; None                        ; None                      ; 3.587 ns                ;
; N/A                                     ; 263.37 MHz ( period = 3.797 ns )                    ; counter[2]  ; counter[25] ; clk        ; clk      ; None                        ; None                      ; 3.580 ns                ;
; N/A                                     ; 265.04 MHz ( period = 3.773 ns )                    ; counter[16] ; counter[21] ; clk        ; clk      ; None                        ; None                      ; 3.561 ns                ;
; N/A                                     ; 265.04 MHz ( period = 3.773 ns )                    ; counter[16] ; counter[19] ; clk        ; clk      ; None                        ; None                      ; 3.561 ns                ;
; N/A                                     ; 265.18 MHz ( period = 3.771 ns )                    ; counter[19] ; counter[0]  ; clk        ; clk      ; None                        ; None                      ; 3.558 ns                ;
; N/A                                     ; 265.18 MHz ( period = 3.771 ns )                    ; counter[16] ; counter[20] ; clk        ; clk      ; None                        ; None                      ; 3.559 ns                ;
; N/A                                     ; 265.18 MHz ( period = 3.771 ns )                    ; counter[16] ; counter[14] ; clk        ; clk      ; None                        ; None                      ; 3.559 ns                ;
; N/A                                     ; 265.32 MHz ( period = 3.769 ns )                    ; counter[7]  ; counter[25] ; clk        ; clk      ; None                        ; None                      ; 3.553 ns                ;
; N/A                                     ; 265.60 MHz ( period = 3.765 ns )                    ; counter[16] ; counter[17] ; clk        ; clk      ; None                        ; None                      ; 3.553 ns                ;
; N/A                                     ; 265.67 MHz ( period = 3.764 ns )                    ; counter[16] ; counter[12] ; clk        ; clk      ; None                        ; None                      ; 3.552 ns                ;
; N/A                                     ; 266.45 MHz ( period = 3.753 ns )                    ; counter[0]  ; counter[23] ; clk        ; clk      ; None                        ; None                      ; 3.536 ns                ;
; N/A                                     ; 267.95 MHz ( period = 3.732 ns )                    ; counter[13] ; counter[0]  ; clk        ; clk      ; None                        ; None                      ; 3.519 ns                ;
; N/A                                     ; 268.24 MHz ( period = 3.728 ns )                    ; counter[2]  ; counter[22] ; clk        ; clk      ; None                        ; None                      ; 3.511 ns                ;
; N/A                                     ; 268.38 MHz ( period = 3.726 ns )                    ; counter[3]  ; counter[25] ; clk        ; clk      ; None                        ; None                      ; 3.509 ns                ;
; N/A                                     ; 268.74 MHz ( period = 3.721 ns )                    ; counter[1]  ; counter[13] ; clk        ; clk      ; None                        ; None                      ; 2.859 ns                ;
; N/A                                     ; 270.27 MHz ( period = 3.700 ns )                    ; counter[7]  ; counter[22] ; clk        ; clk      ; None                        ; None                      ; 3.484 ns                ;
; N/A                                     ; 270.93 MHz ( period = 3.691 ns )                    ; counter[21] ; counter[25] ; clk        ; clk      ; None                        ; None                      ; 3.475 ns                ;
; N/A                                     ; 270.93 MHz ( period = 3.691 ns )                    ; counter[21] ; counter[23] ; clk        ; clk      ; None                        ; None                      ; 3.475 ns                ;
; N/A                                     ; 271.08 MHz ( period = 3.689 ns )                    ; counter[21] ; counter[22] ; clk        ; clk      ; None                        ; None                      ; 3.473 ns                ;
; N/A                                     ; 271.37 MHz ( period = 3.685 ns )                    ; counter[21] ; counter[7]  ; clk        ; clk      ; None                        ; None                      ; 3.471 ns                ;
; N/A                                     ; 271.44 MHz ( period = 3.684 ns )                    ; counter[21] ; counter[15] ; clk        ; clk      ; None                        ; None                      ; 3.470 ns                ;
; N/A                                     ; 271.59 MHz ( period = 3.682 ns )                    ; counter[21] ; counter[13] ; clk        ; clk      ; None                        ; None                      ; 3.468 ns                ;
; N/A                                     ; 271.59 MHz ( period = 3.682 ns )                    ; counter[15] ; counter[25] ; clk        ; clk      ; None                        ; None                      ; 3.466 ns                ;
; N/A                                     ; 271.59 MHz ( period = 3.682 ns )                    ; counter[15] ; counter[23] ; clk        ; clk      ; None                        ; None                      ; 3.466 ns                ;
; N/A                                     ; 271.74 MHz ( period = 3.680 ns )                    ; counter[15] ; counter[22] ; clk        ; clk      ; None                        ; None                      ; 3.464 ns                ;
; N/A                                     ; 272.03 MHz ( period = 3.676 ns )                    ; counter[15] ; counter[7]  ; clk        ; clk      ; None                        ; None                      ; 3.462 ns                ;
; N/A                                     ; 272.11 MHz ( period = 3.675 ns )                    ; counter[15] ; counter[15] ; clk        ; clk      ; None                        ; None                      ; 3.461 ns                ;
; N/A                                     ; 272.26 MHz ( period = 3.673 ns )                    ; counter[15] ; counter[13] ; clk        ; clk      ; None                        ; None                      ; 3.459 ns                ;
; N/A                                     ; 273.30 MHz ( period = 3.659 ns )                    ; counter[0]  ; counter[21] ; clk        ; clk      ; None                        ; None                      ; 3.444 ns                ;
; N/A                                     ; 273.45 MHz ( period = 3.657 ns )                    ; counter[3]  ; counter[22] ; clk        ; clk      ; None                        ; None                      ; 3.440 ns                ;
; N/A                                     ; 273.52 MHz ( period = 3.656 ns )                    ; counter[14] ; counter[0]  ; clk        ; clk      ; None                        ; None                      ; 3.443 ns                ;
; N/A                                     ; 273.52 MHz ( period = 3.656 ns )                    ; counter[21] ; counter[21] ; clk        ; clk      ; None                        ; None                      ; 3.442 ns                ;
; N/A                                     ; 273.52 MHz ( period = 3.656 ns )                    ; counter[21] ; counter[19] ; clk        ; clk      ; None                        ; None                      ; 3.442 ns                ;
; N/A                                     ; 273.52 MHz ( period = 3.656 ns )                    ; counter[2]  ; counter[23] ; clk        ; clk      ; None                        ; None                      ; 3.439 ns                ;
; N/A                                     ; 273.67 MHz ( period = 3.654 ns )                    ; counter[21] ; counter[20] ; clk        ; clk      ; None                        ; None                      ; 3.440 ns                ;
; N/A                                     ; 273.67 MHz ( period = 3.654 ns )                    ; counter[21] ; counter[14] ; clk        ; clk      ; None                        ; None                      ; 3.440 ns                ;
; N/A                                     ; 273.67 MHz ( period = 3.654 ns )                    ; counter[20] ; counter[25] ; clk        ; clk      ; None                        ; None                      ; 3.438 ns                ;
; N/A                                     ; 273.67 MHz ( period = 3.654 ns )                    ; counter[20] ; counter[23] ; clk        ; clk      ; None                        ; None                      ; 3.438 ns                ;
; N/A                                     ; 273.82 MHz ( period = 3.652 ns )                    ; counter[20] ; counter[22] ; clk        ; clk      ; None                        ; None                      ; 3.436 ns                ;
; N/A                                     ; 274.12 MHz ( period = 3.648 ns )                    ; counter[20] ; counter[7]  ; clk        ; clk      ; None                        ; None                      ; 3.434 ns                ;
; N/A                                     ; 274.12 MHz ( period = 3.648 ns )                    ; counter[21] ; counter[17] ; clk        ; clk      ; None                        ; None                      ; 3.434 ns                ;
; N/A                                     ; 274.20 MHz ( period = 3.647 ns )                    ; counter[15] ; counter[21] ; clk        ; clk      ; None                        ; None                      ; 3.433 ns                ;
; N/A                                     ; 274.20 MHz ( period = 3.647 ns )                    ; counter[15] ; counter[19] ; clk        ; clk      ; None                        ; None                      ; 3.433 ns                ;
; N/A                                     ; 274.20 MHz ( period = 3.647 ns )                    ; counter[20] ; counter[15] ; clk        ; clk      ; None                        ; None                      ; 3.433 ns                ;
; N/A                                     ; 274.20 MHz ( period = 3.647 ns )                    ; counter[21] ; counter[12] ; clk        ; clk      ; None                        ; None                      ; 3.433 ns                ;
; N/A                                     ; 274.35 MHz ( period = 3.645 ns )                    ; counter[15] ; counter[20] ; clk        ; clk      ; None                        ; None                      ; 3.431 ns                ;
; N/A                                     ; 274.35 MHz ( period = 3.645 ns )                    ; counter[15] ; counter[14] ; clk        ; clk      ; None                        ; None                      ; 3.431 ns                ;
; N/A                                     ; 274.35 MHz ( period = 3.645 ns )                    ; counter[20] ; counter[13] ; clk        ; clk      ; None                        ; None                      ; 3.431 ns                ;
; N/A                                     ; 274.80 MHz ( period = 3.639 ns )                    ; counter[15] ; counter[17] ; clk        ; clk      ; None                        ; None                      ; 3.425 ns                ;
; N/A                                     ; 274.88 MHz ( period = 3.638 ns )                    ; counter[15] ; counter[12] ; clk        ; clk      ; None                        ; None                      ; 3.424 ns                ;
; N/A                                     ; 275.10 MHz ( period = 3.635 ns )                    ; counter[1]  ; counter[0]  ; clk        ; clk      ; None                        ; None                      ; 2.774 ns                ;
; N/A                                     ; 275.63 MHz ( period = 3.628 ns )                    ; counter[7]  ; counter[23] ; clk        ; clk      ; None                        ; None                      ; 3.412 ns                ;
; N/A                                     ; 275.79 MHz ( period = 3.626 ns )                    ; counter[12] ; counter[0]  ; clk        ; clk      ; None                        ; None                      ; 3.413 ns                ;
; N/A                                     ; 276.01 MHz ( period = 3.623 ns )                    ; counter[4]  ; counter[25] ; clk        ; clk      ; None                        ; None                      ; 3.406 ns                ;
; N/A                                     ; 276.32 MHz ( period = 3.619 ns )                    ; counter[20] ; counter[21] ; clk        ; clk      ; None                        ; None                      ; 3.405 ns                ;
; N/A                                     ; 276.32 MHz ( period = 3.619 ns )                    ; counter[20] ; counter[19] ; clk        ; clk      ; None                        ; None                      ; 3.405 ns                ;
; N/A                                     ; 276.47 MHz ( period = 3.617 ns )                    ; counter[20] ; counter[20] ; clk        ; clk      ; None                        ; None                      ; 3.403 ns                ;
; N/A                                     ; 276.47 MHz ( period = 3.617 ns )                    ; counter[20] ; counter[14] ; clk        ; clk      ; None                        ; None                      ; 3.403 ns                ;
; N/A                                     ; 276.93 MHz ( period = 3.611 ns )                    ; counter[20] ; counter[17] ; clk        ; clk      ; None                        ; None                      ; 3.397 ns                ;
; N/A                                     ; 277.01 MHz ( period = 3.610 ns )                    ; counter[20] ; counter[12] ; clk        ; clk      ; None                        ; None                      ; 3.396 ns                ;
; N/A                                     ; 278.94 MHz ( period = 3.585 ns )                    ; counter[3]  ; counter[23] ; clk        ; clk      ; None                        ; None                      ; 3.368 ns                ;
; N/A                                     ; 279.02 MHz ( period = 3.584 ns )                    ; counter[0]  ; counter[14] ; clk        ; clk      ; None                        ; None                      ; 3.369 ns                ;
; N/A                                     ; 280.66 MHz ( period = 3.563 ns )                    ; counter[18] ; counter[25] ; clk        ; clk      ; None                        ; None                      ; 3.349 ns                ;
; N/A                                     ; 280.66 MHz ( period = 3.563 ns )                    ; counter[18] ; counter[23] ; clk        ; clk      ; None                        ; None                      ; 3.349 ns                ;
; N/A                                     ; 280.74 MHz ( period = 3.562 ns )                    ; counter[2]  ; counter[21] ; clk        ; clk      ; None                        ; None                      ; 3.347 ns                ;
; N/A                                     ; 280.82 MHz ( period = 3.561 ns )                    ; counter[18] ; counter[22] ; clk        ; clk      ; None                        ; None                      ; 3.347 ns                ;
; N/A                                     ; 280.98 MHz ( period = 3.559 ns )                    ; counter[17] ; counter[25] ; clk        ; clk      ; None                        ; None                      ; 3.343 ns                ;
; N/A                                     ; 280.98 MHz ( period = 3.559 ns )                    ; counter[17] ; counter[23] ; clk        ; clk      ; None                        ; None                      ; 3.343 ns                ;
; N/A                                     ; 281.14 MHz ( period = 3.557 ns )                    ; counter[18] ; counter[7]  ; clk        ; clk      ; None                        ; None                      ; 3.345 ns                ;
; N/A                                     ; 281.14 MHz ( period = 3.557 ns )                    ; counter[17] ; counter[22] ; clk        ; clk      ; None                        ; None                      ; 3.341 ns                ;
; N/A                                     ; 281.21 MHz ( period = 3.556 ns )                    ; counter[18] ; counter[15] ; clk        ; clk      ; None                        ; None                      ; 3.344 ns                ;
; N/A                                     ; 281.37 MHz ( period = 3.554 ns )                    ; counter[18] ; counter[13] ; clk        ; clk      ; None                        ; None                      ; 3.342 ns                ;
; N/A                                     ; 281.37 MHz ( period = 3.554 ns )                    ; counter[4]  ; counter[22] ; clk        ; clk      ; None                        ; None                      ; 3.337 ns                ;
; N/A                                     ; 281.45 MHz ( period = 3.553 ns )                    ; counter[17] ; counter[7]  ; clk        ; clk      ; None                        ; None                      ; 3.339 ns                ;
; N/A                                     ; 281.53 MHz ( period = 3.552 ns )                    ; counter[17] ; counter[15] ; clk        ; clk      ; None                        ; None                      ; 3.338 ns                ;
; N/A                                     ; 281.69 MHz ( period = 3.550 ns )                    ; counter[17] ; counter[13] ; clk        ; clk      ; None                        ; None                      ; 3.336 ns                ;
; N/A                                     ; 282.97 MHz ( period = 3.534 ns )                    ; counter[7]  ; counter[21] ; clk        ; clk      ; None                        ; None                      ; 3.320 ns                ;
; N/A                                     ; 283.45 MHz ( period = 3.528 ns )                    ; counter[18] ; counter[21] ; clk        ; clk      ; None                        ; None                      ; 3.316 ns                ;
; N/A                                     ; 283.45 MHz ( period = 3.528 ns )                    ; counter[18] ; counter[19] ; clk        ; clk      ; None                        ; None                      ; 3.316 ns                ;
; N/A                                     ; 283.61 MHz ( period = 3.526 ns )                    ; counter[18] ; counter[20] ; clk        ; clk      ; None                        ; None                      ; 3.314 ns                ;
; N/A                                     ; 283.61 MHz ( period = 3.526 ns )                    ; counter[18] ; counter[14] ; clk        ; clk      ; None                        ; None                      ; 3.314 ns                ;
; N/A                                     ; 283.77 MHz ( period = 3.524 ns )                    ; counter[17] ; counter[21] ; clk        ; clk      ; None                        ; None                      ; 3.310 ns                ;
; N/A                                     ; 283.77 MHz ( period = 3.524 ns )                    ; counter[17] ; counter[19] ; clk        ; clk      ; None                        ; None                      ; 3.310 ns                ;
; N/A                                     ; 283.93 MHz ( period = 3.522 ns )                    ; counter[17] ; counter[20] ; clk        ; clk      ; None                        ; None                      ; 3.308 ns                ;
; N/A                                     ; 283.93 MHz ( period = 3.522 ns )                    ; counter[17] ; counter[14] ; clk        ; clk      ; None                        ; None                      ; 3.308 ns                ;
; N/A                                     ; 284.09 MHz ( period = 3.520 ns )                    ; counter[18] ; counter[17] ; clk        ; clk      ; None                        ; None                      ; 3.308 ns                ;
; N/A                                     ; 284.17 MHz ( period = 3.519 ns )                    ; counter[18] ; counter[12] ; clk        ; clk      ; None                        ; None                      ; 3.307 ns                ;
; N/A                                     ; 284.33 MHz ( period = 3.517 ns )                    ; counter[19] ; counter[25] ; clk        ; clk      ; None                        ; None                      ; 3.301 ns                ;
; N/A                                     ; 284.33 MHz ( period = 3.517 ns )                    ; counter[19] ; counter[23] ; clk        ; clk      ; None                        ; None                      ; 3.301 ns                ;
; N/A                                     ; 284.41 MHz ( period = 3.516 ns )                    ; counter[17] ; counter[17] ; clk        ; clk      ; None                        ; None                      ; 3.302 ns                ;
; N/A                                     ; 284.50 MHz ( period = 3.515 ns )                    ; counter[17] ; counter[12] ; clk        ; clk      ; None                        ; None                      ; 3.301 ns                ;
; N/A                                     ; 284.50 MHz ( period = 3.515 ns )                    ; counter[19] ; counter[22] ; clk        ; clk      ; None                        ; None                      ; 3.299 ns                ;
; N/A                                     ; 284.82 MHz ( period = 3.511 ns )                    ; counter[19] ; counter[7]  ; clk        ; clk      ; None                        ; None                      ; 3.297 ns                ;
; N/A                                     ; 284.90 MHz ( period = 3.510 ns )                    ; counter[19] ; counter[15] ; clk        ; clk      ; None                        ; None                      ; 3.296 ns                ;
; N/A                                     ; 285.06 MHz ( period = 3.508 ns )                    ; counter[19] ; counter[13] ; clk        ; clk      ; None                        ; None                      ; 3.294 ns                ;
; N/A                                     ; 285.47 MHz ( period = 3.503 ns )                    ; counter[1]  ; counter[7]  ; clk        ; clk      ; None                        ; None                      ; 2.641 ns                ;
; N/A                                     ; 286.45 MHz ( period = 3.491 ns )                    ; counter[3]  ; counter[21] ; clk        ; clk      ; None                        ; None                      ; 3.276 ns                ;
; N/A                                     ; 286.62 MHz ( period = 3.489 ns )                    ; counter[5]  ; counter[25] ; clk        ; clk      ; None                        ; None                      ; 3.272 ns                ;
; N/A                                     ; 286.78 MHz ( period = 3.487 ns )                    ; counter[2]  ; counter[14] ; clk        ; clk      ; None                        ; None                      ; 3.272 ns                ;
; N/A                                     ; 287.19 MHz ( period = 3.482 ns )                    ; counter[19] ; counter[21] ; clk        ; clk      ; None                        ; None                      ; 3.268 ns                ;
; N/A                                     ; 287.19 MHz ( period = 3.482 ns )                    ; counter[19] ; counter[19] ; clk        ; clk      ; None                        ; None                      ; 3.268 ns                ;
; N/A                                     ; 287.19 MHz ( period = 3.482 ns )                    ; counter[4]  ; counter[23] ; clk        ; clk      ; None                        ; None                      ; 3.265 ns                ;
; N/A                                     ; 287.36 MHz ( period = 3.480 ns )                    ; counter[19] ; counter[20] ; clk        ; clk      ; None                        ; None                      ; 3.266 ns                ;
; N/A                                     ; 287.36 MHz ( period = 3.480 ns )                    ; counter[19] ; counter[14] ; clk        ; clk      ; None                        ; None                      ; 3.266 ns                ;
; N/A                                     ; 287.52 MHz ( period = 3.478 ns )                    ; counter[13] ; counter[25] ; clk        ; clk      ; None                        ; None                      ; 3.262 ns                ;
; N/A                                     ; 287.52 MHz ( period = 3.478 ns )                    ; counter[13] ; counter[23] ; clk        ; clk      ; None                        ; None                      ; 3.262 ns                ;
; N/A                                     ; 287.69 MHz ( period = 3.476 ns )                    ; counter[13] ; counter[22] ; clk        ; clk      ; None                        ; None                      ; 3.260 ns                ;
; N/A                                     ; 287.85 MHz ( period = 3.474 ns )                    ; counter[19] ; counter[17] ; clk        ; clk      ; None                        ; None                      ; 3.260 ns                ;
; N/A                                     ; 287.94 MHz ( period = 3.473 ns )                    ; counter[19] ; counter[12] ; clk        ; clk      ; None                        ; None                      ; 3.259 ns                ;
; N/A                                     ; 288.02 MHz ( period = 3.472 ns )                    ; counter[13] ; counter[7]  ; clk        ; clk      ; None                        ; None                      ; 3.258 ns                ;
; N/A                                     ; 288.10 MHz ( period = 3.471 ns )                    ; counter[13] ; counter[15] ; clk        ; clk      ; None                        ; None                      ; 3.257 ns                ;
; N/A                                     ; 288.27 MHz ( period = 3.469 ns )                    ; counter[13] ; counter[13] ; clk        ; clk      ; None                        ; None                      ; 3.255 ns                ;
; N/A                                     ; 288.93 MHz ( period = 3.461 ns )                    ; counter[0]  ; counter[20] ; clk        ; clk      ; None                        ; None                      ; 3.246 ns                ;
; N/A                                     ; 289.10 MHz ( period = 3.459 ns )                    ; counter[7]  ; counter[14] ; clk        ; clk      ; None                        ; None                      ; 3.245 ns                ;
; N/A                                     ; 290.44 MHz ( period = 3.443 ns )                    ; counter[13] ; counter[21] ; clk        ; clk      ; None                        ; None                      ; 3.229 ns                ;
; N/A                                     ; 290.44 MHz ( period = 3.443 ns )                    ; counter[13] ; counter[19] ; clk        ; clk      ; None                        ; None                      ; 3.229 ns                ;
; N/A                                     ; 290.44 MHz ( period = 3.443 ns )                    ; counter[12] ; counter[25] ; clk        ; clk      ; None                        ; None                      ; 3.227 ns                ;
; N/A                                     ; 290.61 MHz ( period = 3.441 ns )                    ; counter[13] ; counter[20] ; clk        ; clk      ; None                        ; None                      ; 3.227 ns                ;
; N/A                                     ; 290.61 MHz ( period = 3.441 ns )                    ; counter[13] ; counter[14] ; clk        ; clk      ; None                        ; None                      ; 3.227 ns                ;
; N/A                                     ; 291.12 MHz ( period = 3.435 ns )                    ; counter[13] ; counter[17] ; clk        ; clk      ; None                        ; None                      ; 3.221 ns                ;
; N/A                                     ; 291.21 MHz ( period = 3.434 ns )                    ; counter[13] ; counter[12] ; clk        ; clk      ; None                        ; None                      ; 3.220 ns                ;
; N/A                                     ; 291.29 MHz ( period = 3.433 ns )                    ; counter[0]  ; counter[19] ; clk        ; clk      ; None                        ; None                      ; 3.218 ns                ;
; N/A                                     ; 292.40 MHz ( period = 3.420 ns )                    ; counter[5]  ; counter[22] ; clk        ; clk      ; None                        ; None                      ; 3.203 ns                ;
; N/A                                     ; 292.74 MHz ( period = 3.416 ns )                    ; counter[3]  ; counter[14] ; clk        ; clk      ; None                        ; None                      ; 3.201 ns                ;
; Timing analysis restricted to 200 rows. ; To change the limit use Settings (Assignments menu) ;             ;             ;            ;          ;                             ;                           ;                         ;
+-----------------------------------------+-----------------------------------------------------+-------------+-------------+------------+----------+-----------------------------+---------------------------+-------------------------+


+----------------------------------------------------------------------+
; tsu                                                                  ;
+-------+--------------+------------+------+----------------+----------+
; Slack ; Required tsu ; Actual tsu ; From ; To             ; To Clock ;
+-------+--------------+------------+------+----------------+----------+
; N/A   ; None         ; 1.926 ns   ; Haz  ; addr[0]        ; clk      ;
; N/A   ; None         ; 1.926 ns   ; Haz  ; addr[1]        ; clk      ;
; N/A   ; None         ; 1.926 ns   ; Haz  ; addr[3]        ; clk      ;
; N/A   ; None         ; 1.926 ns   ; Haz  ; addr[2]        ; clk      ;
; N/A   ; None         ; 0.897 ns   ; Haz  ; lights[1]~reg0 ; clk      ;
; N/A   ; None         ; 0.897 ns   ; Haz  ; lights[4]~reg0 ; clk      ;
; N/A   ; None         ; 0.456 ns   ; Haz  ; lights[5]~reg0 ; clk      ;
; N/A   ; None         ; 0.453 ns   ; Haz  ; lights[0]~reg0 ; clk      ;
; N/A   ; None         ; 0.450 ns   ; Haz  ; lights[3]~reg0 ; clk      ;
; N/A   ; None         ; 0.449 ns   ; Haz  ; lights[2]~reg0 ; clk      ;
; N/A   ; None         ; -1.694 ns  ; rst  ; addr[0]        ; clk      ;
; N/A   ; None         ; -1.694 ns  ; rst  ; addr[1]        ; clk      ;
; N/A   ; None         ; -1.694 ns  ; rst  ; addr[3]        ; clk      ;
; N/A   ; None         ; -1.694 ns  ; rst  ; addr[2]        ; clk      ;
; N/A   ; None         ; -2.360 ns  ; LT   ; addr[0]        ; clk      ;
; N/A   ; None         ; -2.360 ns  ; LT   ; addr[1]        ; clk      ;
; N/A   ; None         ; -2.360 ns  ; LT   ; addr[3]        ; clk      ;
; N/A   ; None         ; -2.360 ns  ; LT   ; addr[2]        ; clk      ;
; N/A   ; None         ; -2.744 ns  ; RT   ; addr[0]        ; clk      ;
; N/A   ; None         ; -2.744 ns  ; RT   ; addr[1]        ; clk      ;
; N/A   ; None         ; -2.744 ns  ; RT   ; addr[3]        ; clk      ;
; N/A   ; None         ; -2.744 ns  ; RT   ; addr[2]        ; clk      ;
; N/A   ; None         ; -3.380 ns  ; LT   ; lights[4]~reg0 ; clk      ;
; N/A   ; None         ; -3.381 ns  ; LT   ; lights[1]~reg0 ; clk      ;
; N/A   ; None         ; -3.401 ns  ; LT   ; lights[2]~reg0 ; clk      ;
; N/A   ; None         ; -3.402 ns  ; LT   ; lights[0]~reg0 ; clk      ;
; N/A   ; None         ; -3.402 ns  ; LT   ; lights[3]~reg0 ; clk      ;
; N/A   ; None         ; -3.403 ns  ; LT   ; lights[5]~reg0 ; clk      ;
; N/A   ; None         ; -3.510 ns  ; RT   ; lights[5]~reg0 ; clk      ;
; N/A   ; None         ; -3.511 ns  ; RT   ; lights[0]~reg0 ; clk      ;
; N/A   ; None         ; -3.511 ns  ; RT   ; lights[2]~reg0 ; clk      ;
; N/A   ; None         ; -3.511 ns  ; RT   ; lights[3]~reg0 ; clk      ;
; N/A   ; None         ; -3.769 ns  ; RT   ; lights[1]~reg0 ; clk      ;
; N/A   ; None         ; -3.769 ns  ; RT   ; lights[4]~reg0 ; clk      ;
+-------+--------------+------------+------+----------------+----------+


+-----------------------------------------------------------------------------+
; tco                                                                         ;
+-------+--------------+------------+----------------+-----------+------------+
; Slack ; Required tco ; Actual tco ; From           ; To        ; From Clock ;
+-------+--------------+------------+----------------+-----------+------------+
; N/A   ; None         ; 12.872 ns  ; lights[4]~reg0 ; lights[4] ; clk        ;
; N/A   ; None         ; 11.837 ns  ; lights[0]~reg0 ; lights[0] ; clk        ;
; N/A   ; None         ; 10.567 ns  ; lights[2]~reg0 ; lights[2] ; clk        ;
; N/A   ; None         ; 10.409 ns  ; lights[1]~reg0 ; lights[1] ; clk        ;
; N/A   ; None         ; 10.354 ns  ; lights[5]~reg0 ; lights[5] ; clk        ;
; N/A   ; None         ; 10.349 ns  ; lights[3]~reg0 ; lights[3] ; clk        ;
+-------+--------------+------------+----------------+-----------+------------+


+----------------------------------------------------------------------------+
; th                                                                         ;
+---------------+-------------+-----------+------+----------------+----------+
; Minimum Slack ; Required th ; Actual th ; From ; To             ; To Clock ;
+---------------+-------------+-----------+------+----------------+----------+
; N/A           ; None        ; 3.999 ns  ; RT   ; lights[1]~reg0 ; clk      ;
; N/A           ; None        ; 3.999 ns  ; RT   ; lights[4]~reg0 ; clk      ;
; N/A           ; None        ; 3.741 ns  ; RT   ; lights[0]~reg0 ; clk      ;
; N/A           ; None        ; 3.741 ns  ; RT   ; lights[2]~reg0 ; clk      ;
; N/A           ; None        ; 3.741 ns  ; RT   ; lights[3]~reg0 ; clk      ;
; N/A           ; None        ; 3.740 ns  ; RT   ; lights[5]~reg0 ; clk      ;
; N/A           ; None        ; 3.637 ns  ; LT   ; addr[3]        ; clk      ;
; N/A           ; None        ; 3.633 ns  ; LT   ; lights[5]~reg0 ; clk      ;
; N/A           ; None        ; 3.632 ns  ; LT   ; lights[0]~reg0 ; clk      ;
; N/A           ; None        ; 3.632 ns  ; LT   ; lights[3]~reg0 ; clk      ;
; N/A           ; None        ; 3.631 ns  ; LT   ; lights[2]~reg0 ; clk      ;
; N/A           ; None        ; 3.611 ns  ; LT   ; lights[1]~reg0 ; clk      ;
; N/A           ; None        ; 3.610 ns  ; LT   ; lights[4]~reg0 ; clk      ;
; N/A           ; None        ; 3.232 ns  ; LT   ; addr[2]        ; clk      ;
; N/A           ; None        ; 3.229 ns  ; LT   ; addr[1]        ; clk      ;
; N/A           ; None        ; 3.228 ns  ; LT   ; addr[0]        ; clk      ;
; N/A           ; None        ; 2.974 ns  ; RT   ; addr[0]        ; clk      ;
; N/A           ; None        ; 2.974 ns  ; RT   ; addr[1]        ; clk      ;
; N/A           ; None        ; 2.974 ns  ; RT   ; addr[3]        ; clk      ;
; N/A           ; None        ; 2.974 ns  ; RT   ; addr[2]        ; clk      ;
; N/A           ; None        ; 1.924 ns  ; rst  ; addr[0]        ; clk      ;
; N/A           ; None        ; 1.924 ns  ; rst  ; addr[1]        ; clk      ;
; N/A           ; None        ; 1.924 ns  ; rst  ; addr[3]        ; clk      ;
; N/A           ; None        ; 1.924 ns  ; rst  ; addr[2]        ; clk      ;
; N/A           ; None        ; -0.202 ns ; Haz  ; addr[3]        ; clk      ;
; N/A           ; None        ; -0.219 ns ; Haz  ; lights[2]~reg0 ; clk      ;
; N/A           ; None        ; -0.220 ns ; Haz  ; lights[3]~reg0 ; clk      ;
; N/A           ; None        ; -0.223 ns ; Haz  ; lights[0]~reg0 ; clk      ;
; N/A           ; None        ; -0.226 ns ; Haz  ; lights[5]~reg0 ; clk      ;
; N/A           ; None        ; -0.667 ns ; Haz  ; lights[1]~reg0 ; clk      ;
; N/A           ; None        ; -0.667 ns ; Haz  ; lights[4]~reg0 ; clk      ;
; N/A           ; None        ; -0.776 ns ; Haz  ; addr[2]        ; clk      ;
; N/A           ; None        ; -0.779 ns ; Haz  ; addr[1]        ; clk      ;
; N/A           ; None        ; -0.780 ns ; Haz  ; addr[0]        ; clk      ;
+---------------+-------------+-----------+------+----------------+----------+


+--------------------------+
; Timing Analyzer Messages ;
+--------------------------+
Info: *******************************************************************
Info: Running Quartus II Classic Timing Analyzer
    Info: Version 9.1 Build 350 03/24/2010 Service Pack 2 SJ Web Edition
    Info: Processing started: Sat Feb 01 14:42:44 2020
Info: Command: quartus_tan --read_settings_files=off --write_settings_files=off part6a -c part6a --timing_analysis_only
Warning: Found pins functioning as undefined clocks and/or memory enables
    Info: Assuming node "clk" is an undefined clock
Warning: Found 1 node(s) in clock paths which may be acting as ripple and/or gated clocks -- node(s) analyzed as buffer(s) resulting in clock skew
    Info: Detected ripple clock "counter[1]" as buffer
Info: Clock "clk" has Internal fmax of 219.73 MHz between source register "counter[25]" and destination register "counter[0]" (period= 4.551 ns)
    Info: + Longest register to register delay is 4.340 ns
        Info: 1: + IC(0.000 ns) + CELL(0.000 ns) = 0.000 ns; Loc. = LCFF_X19_Y32_N27; Fanout = 2; REG Node = 'counter[25]'
        Info: 2: + IC(1.003 ns) + CELL(0.406 ns) = 1.409 ns; Loc. = LCCOMB_X21_Y29_N8; Fanout = 1; COMB Node = 'Equal0~0'
        Info: 3: + IC(0.958 ns) + CELL(0.150 ns) = 2.517 ns; Loc. = LCCOMB_X19_Y33_N2; Fanout = 1; COMB Node = 'Equal0~4'
        Info: 4: + IC(0.712 ns) + CELL(0.150 ns) = 3.379 ns; Loc. = LCCOMB_X20_Y32_N4; Fanout = 13; COMB Node = 'Equal0~8'
        Info: 5: + IC(0.727 ns) + CELL(0.150 ns) = 4.256 ns; Loc. = LCCOMB_X19_Y33_N0; Fanout = 1; COMB Node = 'counter~0'
        Info: 6: + IC(0.000 ns) + CELL(0.084 ns) = 4.340 ns; Loc. = LCFF_X19_Y33_N1; Fanout = 3; REG Node = 'counter[0]'
        Info: Total cell delay = 0.940 ns ( 21.66 % )
        Info: Total interconnect delay = 3.400 ns ( 78.34 % )
    Info: - Smallest clock skew is 0.003 ns
        Info: + Shortest clock path from clock "clk" to destination register is 2.682 ns
            Info: 1: + IC(0.000 ns) + CELL(0.999 ns) = 0.999 ns; Loc. = PIN_P2; Fanout = 2; CLK Node = 'clk'
            Info: 2: + IC(0.118 ns) + CELL(0.000 ns) = 1.117 ns; Loc. = CLKCTRL_G3; Fanout = 25; COMB Node = 'clk~clkctrl'
            Info: 3: + IC(1.028 ns) + CELL(0.537 ns) = 2.682 ns; Loc. = LCFF_X19_Y33_N1; Fanout = 3; REG Node = 'counter[0]'
            Info: Total cell delay = 1.536 ns ( 57.27 % )
            Info: Total interconnect delay = 1.146 ns ( 42.73 % )
        Info: - Longest clock path from clock "clk" to source register is 2.679 ns
            Info: 1: + IC(0.000 ns) + CELL(0.999 ns) = 0.999 ns; Loc. = PIN_P2; Fanout = 2; CLK Node = 'clk'
            Info: 2: + IC(0.118 ns) + CELL(0.000 ns) = 1.117 ns; Loc. = CLKCTRL_G3; Fanout = 25; COMB Node = 'clk~clkctrl'
            Info: 3: + IC(1.025 ns) + CELL(0.537 ns) = 2.679 ns; Loc. = LCFF_X19_Y32_N27; Fanout = 2; REG Node = 'counter[25]'
            Info: Total cell delay = 1.536 ns ( 57.33 % )
            Info: Total interconnect delay = 1.143 ns ( 42.67 % )
    Info: + Micro clock to output delay of source is 0.250 ns
    Info: + Micro setup delay of destination is -0.036 ns
Info: tsu for register "addr[0]" (data pin = "Haz", clock pin = "clk") is 1.926 ns
    Info: + Longest pin to register delay is 8.601 ns
        Info: 1: + IC(0.000 ns) + CELL(0.840 ns) = 0.840 ns; Loc. = PIN_W19; Fanout = 11; PIN Node = 'Haz'
        Info: 2: + IC(6.377 ns) + CELL(0.275 ns) = 7.492 ns; Loc. = LCCOMB_X59_Y34_N0; Fanout = 4; COMB Node = 'addr[0]~3'
        Info: 3: + IC(0.449 ns) + CELL(0.660 ns) = 8.601 ns; Loc. = LCFF_X60_Y34_N17; Fanout = 10; REG Node = 'addr[0]'
        Info: Total cell delay = 1.775 ns ( 20.64 % )
        Info: Total interconnect delay = 6.826 ns ( 79.36 % )
    Info: + Micro setup delay of destination is -0.036 ns
    Info: - Shortest clock path from clock "clk" to destination register is 6.639 ns
        Info: 1: + IC(0.000 ns) + CELL(0.999 ns) = 0.999 ns; Loc. = PIN_P2; Fanout = 2; CLK Node = 'clk'
        Info: 2: + IC(1.793 ns) + CELL(0.787 ns) = 3.579 ns; Loc. = LCFF_X19_Y33_N9; Fanout = 4; REG Node = 'counter[1]'
        Info: 3: + IC(1.497 ns) + CELL(0.000 ns) = 5.076 ns; Loc. = CLKCTRL_G10; Fanout = 10; COMB Node = 'counter[1]~clkctrl'
        Info: 4: + IC(1.026 ns) + CELL(0.537 ns) = 6.639 ns; Loc. = LCFF_X60_Y34_N17; Fanout = 10; REG Node = 'addr[0]'
        Info: Total cell delay = 2.323 ns ( 34.99 % )
        Info: Total interconnect delay = 4.316 ns ( 65.01 % )
Info: tco from clock "clk" to destination pin "lights[4]" through register "lights[4]~reg0" is 12.872 ns
    Info: + Longest clock path from clock "clk" to source register is 6.638 ns
        Info: 1: + IC(0.000 ns) + CELL(0.999 ns) = 0.999 ns; Loc. = PIN_P2; Fanout = 2; CLK Node = 'clk'
        Info: 2: + IC(1.793 ns) + CELL(0.787 ns) = 3.579 ns; Loc. = LCFF_X19_Y33_N9; Fanout = 4; REG Node = 'counter[1]'
        Info: 3: + IC(1.497 ns) + CELL(0.000 ns) = 5.076 ns; Loc. = CLKCTRL_G10; Fanout = 10; COMB Node = 'counter[1]~clkctrl'
        Info: 4: + IC(1.025 ns) + CELL(0.537 ns) = 6.638 ns; Loc. = LCFF_X59_Y34_N19; Fanout = 1; REG Node = 'lights[4]~reg0'
        Info: Total cell delay = 2.323 ns ( 35.00 % )
        Info: Total interconnect delay = 4.315 ns ( 65.00 % )
    Info: + Micro clock to output delay of source is 0.250 ns
    Info: + Longest register to pin delay is 5.984 ns
        Info: 1: + IC(0.000 ns) + CELL(0.000 ns) = 0.000 ns; Loc. = LCFF_X59_Y34_N19; Fanout = 1; REG Node = 'lights[4]~reg0'
        Info: 2: + IC(3.176 ns) + CELL(2.808 ns) = 5.984 ns; Loc. = PIN_AE22; Fanout = 0; PIN Node = 'lights[4]'
        Info: Total cell delay = 2.808 ns ( 46.93 % )
        Info: Total interconnect delay = 3.176 ns ( 53.07 % )
Info: th for register "lights[1]~reg0" (data pin = "RT", clock pin = "clk") is 3.999 ns
    Info: + Longest clock path from clock "clk" to destination register is 6.638 ns
        Info: 1: + IC(0.000 ns) + CELL(0.999 ns) = 0.999 ns; Loc. = PIN_P2; Fanout = 2; CLK Node = 'clk'
        Info: 2: + IC(1.793 ns) + CELL(0.787 ns) = 3.579 ns; Loc. = LCFF_X19_Y33_N9; Fanout = 4; REG Node = 'counter[1]'
        Info: 3: + IC(1.497 ns) + CELL(0.000 ns) = 5.076 ns; Loc. = CLKCTRL_G10; Fanout = 10; COMB Node = 'counter[1]~clkctrl'
        Info: 4: + IC(1.025 ns) + CELL(0.537 ns) = 6.638 ns; Loc. = LCFF_X59_Y34_N25; Fanout = 1; REG Node = 'lights[1]~reg0'
        Info: Total cell delay = 2.323 ns ( 35.00 % )
        Info: Total interconnect delay = 4.315 ns ( 65.00 % )
    Info: + Micro hold delay of destination is 0.266 ns
    Info: - Shortest pin to register delay is 2.905 ns
        Info: 1: + IC(0.000 ns) + CELL(0.979 ns) = 0.979 ns; Loc. = PIN_D13; Fanout = 7; PIN Node = 'RT'
        Info: 2: + IC(1.422 ns) + CELL(0.420 ns) = 2.821 ns; Loc. = LCCOMB_X59_Y34_N24; Fanout = 1; COMB Node = 'lights~1'
        Info: 3: + IC(0.000 ns) + CELL(0.084 ns) = 2.905 ns; Loc. = LCFF_X59_Y34_N25; Fanout = 1; REG Node = 'lights[1]~reg0'
        Info: Total cell delay = 1.483 ns ( 51.05 % )
        Info: Total interconnect delay = 1.422 ns ( 48.95 % )
Info: Quartus II Classic Timing Analyzer was successful. 0 errors, 2 warnings
    Info: Peak virtual memory: 176 megabytes
    Info: Processing ended: Sat Feb 01 14:42:45 2020
    Info: Elapsed time: 00:00:01
    Info: Total CPU time (on all processors): 00:00:01


