Classic Timing Analyzer report for part1
Tue Nov 26 19:09:13 2019
Quartus II Version 8.1 Build 163 10/28/2008 SJ Web Edition


---------------------
; Table of Contents ;
---------------------
  1. Legal Notice
  2. Timing Analyzer Summary
  3. Timing Analyzer Settings
  4. tpd
  5. Timing Analyzer Messages



----------------
; Legal Notice ;
----------------
Copyright (C) 1991-2008 Altera Corporation
Your use of Altera Corporation's design tools, logic functions 
and other software and tools, and its AMPP partner logic 
functions, and any output files from any of the foregoing 
(including device programming or simulation files), and any 
associated documentation or information are expressly subject 
to the terms and conditions of the Altera Program License 
Subscription Agreement, Altera MegaCore Function License 
Agreement, or other applicable license agreement, including, 
without limitation, that your use is for the sole purpose of 
programming logic devices manufactured by Altera and sold by 
Altera or its authorized distributors.  Please refer to the 
applicable agreement for further details.



+-----------------------------------------------------------------------------------------------------------------------+
; Timing Analyzer Summary                                                                                               ;
+------------------------------+-------+---------------+-------------+------+----+------------+----------+--------------+
; Type                         ; Slack ; Required Time ; Actual Time ; From ; To ; From Clock ; To Clock ; Failed Paths ;
+------------------------------+-------+---------------+-------------+------+----+------------+----------+--------------+
; Worst-case tpd               ; N/A   ; None          ; 11.799 ns   ; s    ; L  ; --         ; --       ; 0            ;
; Total number of failed paths ;       ;               ;             ;      ;    ;            ;          ; 0            ;
+------------------------------+-------+---------------+-------------+------+----+------------+----------+--------------+


+--------------------------------------------------------------------------------------------------------------------+
; Timing Analyzer Settings                                                                                           ;
+---------------------------------------------------------------------+--------------------+------+----+-------------+
; Option                                                              ; Setting            ; From ; To ; Entity Name ;
+---------------------------------------------------------------------+--------------------+------+----+-------------+
; Device Name                                                         ; EP2C35F672C6       ;      ;    ;             ;
; Timing Models                                                       ; Final              ;      ;    ;             ;
; Default hold multicycle                                             ; Same as Multicycle ;      ;    ;             ;
; Cut paths between unrelated clock domains                           ; On                 ;      ;    ;             ;
; Cut off read during write signal paths                              ; On                 ;      ;    ;             ;
; Cut off feedback from I/O pins                                      ; On                 ;      ;    ;             ;
; Report Combined Fast/Slow Timing                                    ; Off                ;      ;    ;             ;
; Ignore Clock Settings                                               ; Off                ;      ;    ;             ;
; Analyze latches as synchronous elements                             ; On                 ;      ;    ;             ;
; Enable Recovery/Removal analysis                                    ; Off                ;      ;    ;             ;
; Enable Clock Latency                                                ; Off                ;      ;    ;             ;
; Use TimeQuest Timing Analyzer                                       ; Off                ;      ;    ;             ;
; Minimum Core Junction Temperature                                   ; 0                  ;      ;    ;             ;
; Maximum Core Junction Temperature                                   ; 85                 ;      ;    ;             ;
; Number of source nodes to report per destination node               ; 10                 ;      ;    ;             ;
; Number of destination nodes to report                               ; 10                 ;      ;    ;             ;
; Number of paths to report                                           ; 200                ;      ;    ;             ;
; Report Minimum Timing Checks                                        ; Off                ;      ;    ;             ;
; Use Fast Timing Models                                              ; Off                ;      ;    ;             ;
; Report IO Paths Separately                                          ; Off                ;      ;    ;             ;
; Perform Multicorner Analysis                                        ; On                 ;      ;    ;             ;
; Reports the worst-case path for each clock domain and analysis      ; Off                ;      ;    ;             ;
; Removes common clock path pessimism (CCPP) during slack computation ; Off                ;      ;    ;             ;
; Output I/O Timing Endpoint                                          ; Near End           ;      ;    ;             ;
+---------------------------------------------------------------------+--------------------+------+----+-------------+


+-----------------------------------------------------------+
; tpd                                                       ;
+-------+-------------------+-----------------+------+------+
; Slack ; Required P2P Time ; Actual P2P Time ; From ; To   ;
+-------+-------------------+-----------------+------+------+
; N/A   ; None              ; 11.799 ns       ; s    ; L    ;
; N/A   ; None              ; 11.711 ns       ; s    ; E    ;
; N/A   ; None              ; 11.092 ns       ; cin  ; sum  ;
; N/A   ; None              ; 11.066 ns       ; cin  ; cout ;
; N/A   ; None              ; 10.852 ns       ; s    ; sum  ;
; N/A   ; None              ; 10.837 ns       ; s    ; cout ;
; N/A   ; None              ; 10.804 ns       ; s    ; G    ;
; N/A   ; None              ; 8.673 ns        ; b    ; L    ;
; N/A   ; None              ; 8.554 ns        ; b    ; E    ;
; N/A   ; None              ; 8.300 ns        ; a    ; L    ;
; N/A   ; None              ; 8.242 ns        ; a    ; E    ;
; N/A   ; None              ; 7.698 ns        ; b    ; sum  ;
; N/A   ; None              ; 7.685 ns        ; b    ; cout ;
; N/A   ; None              ; 7.679 ns        ; b    ; G    ;
; N/A   ; None              ; 7.384 ns        ; a    ; sum  ;
; N/A   ; None              ; 7.368 ns        ; a    ; cout ;
; N/A   ; None              ; 7.336 ns        ; a    ; G    ;
+-------+-------------------+-----------------+------+------+


+--------------------------+
; Timing Analyzer Messages ;
+--------------------------+
Info: *******************************************************************
Info: Running Quartus II Classic Timing Analyzer
    Info: Version 8.1 Build 163 10/28/2008 SJ Web Edition
    Info: Processing started: Tue Nov 26 19:09:13 2019
Info: Command: quartus_tan --read_settings_files=off --write_settings_files=off part1 -c part1 --timing_analysis_only
Info: Longest tpd from source pin "s" to destination pin "L" is 11.799 ns
    Info: 1: + IC(0.000 ns) + CELL(0.852 ns) = 0.852 ns; Loc. = PIN_V26; Fanout = 5; PIN Node = 's'
    Info: 2: + IC(5.519 ns) + CELL(0.150 ns) = 6.521 ns; Loc. = LCCOMB_X33_Y11_N28; Fanout = 1; COMB Node = 'compar:unit4|result[0]~13'
    Info: 3: + IC(2.480 ns) + CELL(2.798 ns) = 11.799 ns; Loc. = PIN_A14; Fanout = 0; PIN Node = 'L'
    Info: Total cell delay = 3.800 ns ( 32.21 % )
    Info: Total interconnect delay = 7.999 ns ( 67.79 % )
Info: Quartus II Classic Timing Analyzer was successful. 0 errors, 0 warnings
    Info: Peak virtual memory: 189 megabytes
    Info: Processing ended: Tue Nov 26 19:09:13 2019
    Info: Elapsed time: 00:00:00
    Info: Total CPU time (on all processors): 00:00:00


